2015-03-11 15:45:56,463 - monitoring_application - WARNING - Monitoring Controller started
2015-03-11 15:45:56,463 - monitoring_application - INFO - Environment Controller initializing
2015-03-11 15:45:56,482 - monitoring_application - INFO - Environment Controller initialized
2015-03-11 15:45:56,482 - monitoring_application - INFO - Atmospheric Condition Controller initializing
2015-03-11 15:45:56,485 - monitoring_application - INFO - Creating condition controller with conditions: [QuantitativeProperty(id=1, type=Temperature, channel_bus=3, channel_address=2, channel_number=1, recording_frequency=15, expectation=Expectation(id=1, units=Celsius, low=-90.0, high=-80.0))]
2015-03-11 15:45:56,485 - monitoring_application - INFO - Atmospheric Condition Controller initialized
2015-03-11 15:45:56,485 - monitoring_application - INFO - Transmitter Controller initializing
2015-03-11 15:45:56,507 - monitoring_application - INFO - Transmitter cache contents:
2015-03-11 15:45:56,507 - monitoring_application - INFO - ---------------------------
2015-03-11 15:45:56,508 - monitoring_application - INFO - _TransmitterIdent(Status Instruments, SEM710, 1027, 47794, ['Celsius'], <built-in function open_method>, <built-in function read_channel_method>, <built-in function close_method>)
2015-03-11 15:45:56,508 - monitoring_application - INFO - ---------------------------
2015-03-11 15:45:56,508 - monitoring_application - INFO - Transmitter Controller initialized
2015-03-11 15:45:56,508 - monitoring_application - INFO - Admin Controller initializing
2015-03-11 15:45:56,509 - monitoring_application - INFO - Admin Controller initialized
2015-03-11 15:45:56,509 - monitoring_application - INFO - Transmitter channels opening
2015-03-11 15:45:56,509 - monitoring_application - INFO - Opened channels: []
2015-03-11 15:45:56,509 - monitoring_application - INFO - Transmitter channels opened
2015-03-11 15:45:56,509 - monitoring_application - INFO - Assigning transmitter channels
2015-03-11 15:45:56,510 - monitoring_application - INFO - No channel to gather readings from for QuantitativeProperty(id=1, type=Temperature, channel_bus=3, channel_address=2, channel_number=1, recording_frequency=15, expectation=Expectation(id=1, units=Celsius, low=-90.0, high=-80.0))
2015-03-11 15:45:56,510 - monitoring_application - INFO - Transmitter channels assigned
2015-03-11 15:45:56,510 - monitoring_application - INFO - Errors: [QuantitativeProperty(id=1, type=Temperature, channel_bus=3, channel_address=2, channel_number=1, recording_frequency=15, expectation=Expectation(id=1, units=Celsius, low=-90.0, high=-80.0))]
2015-03-11 15:45:56,510 - monitoring_application - INFO - Load block complete
2015-03-11 15:45:59,318 - monitoring_application - WARNING - Monitoring Controller stopped
2015-03-11 15:46:31,553 - monitoring_application - WARNING - Monitoring Controller started
2015-03-11 15:46:31,554 - monitoring_application - INFO - Environment Controller initializing
2015-03-11 15:46:31,572 - monitoring_application - INFO - Environment Controller initialized
2015-03-11 15:46:31,572 - monitoring_application - INFO - Atmospheric Condition Controller initializing
2015-03-11 15:46:31,575 - monitoring_application - INFO - Creating condition controller with conditions: [QuantitativeProperty(id=1, type=Temperature, channel_bus=3, channel_address=2, channel_number=1, recording_frequency=15, expectation=Expectation(id=1, units=Celsius, low=-90.0, high=-80.0))]
2015-03-11 15:46:31,575 - monitoring_application - INFO - Atmospheric Condition Controller initialized
2015-03-11 15:46:31,575 - monitoring_application - INFO - Transmitter Controller initializing
2015-03-11 15:46:31,597 - monitoring_application - INFO - Transmitter cache contents:
2015-03-11 15:46:31,598 - monitoring_application - INFO - ---------------------------
2015-03-11 15:46:31,598 - monitoring_application - INFO - _TransmitterIdent(Status Instruments, SEM710, 1027, 47794, ['Celsius'], <built-in function open_method>, <built-in function read_channel_method>, <built-in function close_method>)
2015-03-11 15:46:31,598 - monitoring_application - INFO - ---------------------------
2015-03-11 15:46:31,598 - monitoring_application - INFO - Transmitter Controller initialized
2015-03-11 15:46:31,599 - monitoring_application - INFO - Admin Controller initializing
2015-03-11 15:46:31,602 - monitoring_application - INFO - Admin Controller initialized
2015-03-11 15:46:31,602 - monitoring_application - INFO - Transmitter channels opening
2015-03-11 15:46:31,602 - monitoring_application - INFO - Opened channels: []
2015-03-11 15:46:31,602 - monitoring_application - INFO - Transmitter channels opened
2015-03-11 15:46:31,602 - monitoring_application - INFO - Assigning transmitter channels
2015-03-11 15:46:31,603 - monitoring_application - INFO - No channel to gather readings from for QuantitativeProperty(id=1, type=Temperature, channel_bus=3, channel_address=2, channel_number=1, recording_frequency=15, expectation=Expectation(id=1, units=Celsius, low=-90.0, high=-80.0))
2015-03-11 15:46:31,603 - monitoring_application - INFO - Transmitter channels assigned
2015-03-11 15:46:31,603 - monitoring_application - INFO - Errors: [QuantitativeProperty(id=1, type=Temperature, channel_bus=3, channel_address=2, channel_number=1, recording_frequency=15, expectation=Expectation(id=1, units=Celsius, low=-90.0, high=-80.0))]
2015-03-11 15:46:31,603 - monitoring_application - INFO - Load block complete
2015-03-11 15:46:47,670 - monitoring_application - WARNING - Monitoring Controller stopped
2015-03-11 18:02:21,946 - monitoring_application - WARNING - Monitoring Controller started
2015-03-11 18:02:21,970 - monitoring_application - INFO - Environment Controller initializing
2015-03-11 18:02:21,988 - monitoring_application - INFO - Environment Controller initialized
2015-03-11 18:02:21,989 - monitoring_application - INFO - Atmospheric Condition Controller initializing
2015-03-11 18:02:21,992 - monitoring_application - INFO - Creating condition controller with conditions: [QuantitativeProperty(id=1, type=Temperature, channel_bus=3, channel_address=2, channel_number=1, recording_frequency=15, expectation=Expectation(id=1, units=Celsius, low=-90.0, high=-80.0))]
2015-03-11 18:02:21,992 - monitoring_application - INFO - Atmospheric Condition Controller initialized
2015-03-11 18:02:21,992 - monitoring_application - INFO - Transmitter Controller initializing
2015-03-11 18:02:22,045 - monitoring_application - INFO - Transmitter cache contents:
2015-03-11 18:02:22,046 - monitoring_application - INFO - ---------------------------
2015-03-11 18:02:22,046 - monitoring_application - INFO - _TransmitterIdent(Status Instruments, SEM710, 1027, 47794, ['Celsius'], <built-in function open_method>, <built-in function read_channel_method>, <built-in function close_method>)
2015-03-11 18:02:22,046 - monitoring_application - INFO - ---------------------------
2015-03-11 18:02:22,046 - monitoring_application - INFO - Transmitter Controller initialized
2015-03-11 18:02:22,046 - monitoring_application - INFO - Admin Controller initializing
2015-03-11 18:02:22,048 - monitoring_application - INFO - Admin Controller initialized
2015-03-11 18:02:22,048 - monitoring_application - INFO - Transmitter channels opening
2015-03-11 18:02:22,123 - monitoring_application - INFO - Opened channels: [Channel(bus=3, address=2, channel_number=1, device_handle=<Swig Object of type 'struct ftdi_context *' at 0x7f305d5efcc0>, read_method=<built-in function read_channel_method>, units=Celsius)]
2015-03-11 18:02:22,123 - monitoring_application - INFO - Transmitter channels opened
2015-03-11 18:02:22,124 - monitoring_application - INFO - Assigning transmitter channels
2015-03-11 18:02:22,124 - monitoring_application - INFO - QuantitativeProperty(id=1, type=Temperature, channel_bus=3, channel_address=2, channel_number=1, recording_frequency=15, expectation=Expectation(id=1, units=Celsius, low=-90.0, high=-80.0)) matched Channel(bus=3, address=2, channel_number=1, device_handle=<Swig Object of type 'struct ftdi_context *' at 0x7f305d5efcc0>, read_method=<built-in function read_channel_method>, units=Celsius)
2015-03-11 18:02:22,124 - monitoring_application - INFO - Transmitter channels assigned
2015-03-11 18:02:22,124 - monitoring_application - INFO - Errors: []
2015-03-11 18:02:22,124 - monitoring_application - INFO - Load block complete
2015-03-11 18:02:24,398 - monitoring_application - WARNING - Monitoring Controller stopped
2015-03-11 18:02:26,550 - monitoring_application - WARNING - Monitoring Controller started
2015-03-11 18:02:26,550 - monitoring_application - INFO - Environment Controller initializing
2015-03-11 18:02:26,568 - monitoring_application - INFO - Environment Controller initialized
2015-03-11 18:02:26,569 - monitoring_application - INFO - Atmospheric Condition Controller initializing
2015-03-11 18:02:26,572 - monitoring_application - INFO - Creating condition controller with conditions: [QuantitativeProperty(id=1, type=Temperature, channel_bus=3, channel_address=2, channel_number=1, recording_frequency=15, expectation=Expectation(id=1, units=Celsius, low=-90.0, high=-80.0))]
2015-03-11 18:02:26,572 - monitoring_application - INFO - Atmospheric Condition Controller initialized
2015-03-11 18:02:26,572 - monitoring_application - INFO - Transmitter Controller initializing
2015-03-11 18:02:26,595 - monitoring_application - INFO - Transmitter cache contents:
2015-03-11 18:02:26,595 - monitoring_application - INFO - ---------------------------
2015-03-11 18:02:26,595 - monitoring_application - INFO - _TransmitterIdent(Status Instruments, SEM710, 1027, 47794, ['Celsius'], <built-in function open_method>, <built-in function read_channel_method>, <built-in function close_method>)
2015-03-11 18:02:26,596 - monitoring_application - INFO - ---------------------------
2015-03-11 18:02:26,596 - monitoring_application - INFO - Transmitter Controller initialized
2015-03-11 18:02:26,597 - monitoring_application - INFO - Admin Controller initializing
2015-03-11 18:02:26,599 - monitoring_application - INFO - Admin Controller initialized
2015-03-11 18:02:26,600 - monitoring_application - INFO - Transmitter channels opening
2015-03-11 18:02:26,691 - monitoring_application - INFO - Opened channels: [Channel(bus=3, address=2, channel_number=1, device_handle=<Swig Object of type 'struct ftdi_context *' at 0x7f9a9d437db0>, read_method=<built-in function read_channel_method>, units=Celsius)]
2015-03-11 18:02:26,691 - monitoring_application - INFO - Transmitter channels opened
2015-03-11 18:02:26,692 - monitoring_application - INFO - Assigning transmitter channels
2015-03-11 18:02:26,692 - monitoring_application - INFO - QuantitativeProperty(id=1, type=Temperature, channel_bus=3, channel_address=2, channel_number=1, recording_frequency=15, expectation=Expectation(id=1, units=Celsius, low=-90.0, high=-80.0)) matched Channel(bus=3, address=2, channel_number=1, device_handle=<Swig Object of type 'struct ftdi_context *' at 0x7f9a9d437db0>, read_method=<built-in function read_channel_method>, units=Celsius)
2015-03-11 18:02:26,692 - monitoring_application - INFO - Transmitter channels assigned
2015-03-11 18:02:26,692 - monitoring_application - INFO - Errors: []
2015-03-11 18:02:26,693 - monitoring_application - INFO - Load block complete
2015-03-11 18:02:35,409 - monitoring_application - WARNING - Monitoring Controller stopped
2015-03-11 18:03:39,652 - monitoring_application - WARNING - Monitoring Controller started
2015-03-11 18:03:39,652 - monitoring_application - INFO - Environment Controller initializing
2015-03-11 18:03:39,670 - monitoring_application - INFO - Environment Controller initialized
2015-03-11 18:03:39,670 - monitoring_application - INFO - Atmospheric Condition Controller initializing
2015-03-11 18:03:39,674 - monitoring_application - INFO - Creating condition controller with conditions: [QuantitativeProperty(id=1, type=Temperature, channel_bus=3, channel_address=2, channel_number=1, recording_frequency=15, expectation=Expectation(id=1, units=Celsius, low=-90.0, high=-80.0))]
2015-03-11 18:03:39,674 - monitoring_application - INFO - Atmospheric Condition Controller initialized
2015-03-11 18:03:39,674 - monitoring_application - INFO - Transmitter Controller initializing
2015-03-11 18:03:39,739 - monitoring_application - INFO - Transmitter cache contents:
2015-03-11 18:03:39,740 - monitoring_application - INFO - ---------------------------
2015-03-11 18:03:39,740 - monitoring_application - INFO - _TransmitterIdent(Status Instruments, SEM710, 1027, 47794, ['Celsius'], <built-in function open_method>, <built-in function read_channel_method>, <built-in function close_method>)
2015-03-11 18:03:39,740 - monitoring_application - INFO - ---------------------------
2015-03-11 18:03:39,741 - monitoring_application - INFO - Transmitter Controller initialized
2015-03-11 18:03:39,741 - monitoring_application - INFO - Admin Controller initializing
2015-03-11 18:03:39,744 - monitoring_application - INFO - Admin Controller initialized
2015-03-11 18:03:39,745 - monitoring_application - INFO - Transmitter channels opening
2015-03-11 18:03:39,819 - monitoring_application - INFO - Opened channels: [Channel(bus=3, address=2, channel_number=1, device_handle=<Swig Object of type 'struct ftdi_context *' at 0x7fb8fb368390>, read_method=<built-in function read_channel_method>, units=Celsius)]
2015-03-11 18:03:39,819 - monitoring_application - INFO - Transmitter channels opened
2015-03-11 18:03:39,820 - monitoring_application - INFO - Assigning transmitter channels
2015-03-11 18:03:39,820 - monitoring_application - INFO - QuantitativeProperty(id=1, type=Temperature, channel_bus=3, channel_address=2, channel_number=1, recording_frequency=15, expectation=Expectation(id=1, units=Celsius, low=-90.0, high=-80.0)) matched Channel(bus=3, address=2, channel_number=1, device_handle=<Swig Object of type 'struct ftdi_context *' at 0x7fb8fb368390>, read_method=<built-in function read_channel_method>, units=Celsius)
2015-03-11 18:03:39,820 - monitoring_application - INFO - Transmitter channels assigned
2015-03-11 18:03:39,820 - monitoring_application - INFO - Errors: []
2015-03-11 18:03:39,821 - monitoring_application - INFO - Load block complete
2015-03-11 18:03:43,789 - monitoring_application - WARNING - Monitoring Controller stopped
2015-03-11 18:06:51,632 - monitoring_application - WARNING - Monitoring Controller started
2015-03-11 18:06:51,632 - monitoring_application - INFO - Environment Controller initializing
2015-03-11 18:06:51,651 - monitoring_application - INFO - Environment Controller initialized
2015-03-11 18:06:51,651 - monitoring_application - INFO - Atmospheric Condition Controller initializing
2015-03-11 18:06:51,654 - monitoring_application - INFO - Creating condition controller with conditions: [QuantitativeProperty(id=1, type=Temperature, channel_bus=3, channel_address=2, channel_number=1, recording_frequency=15, expectation=Expectation(id=1, units=Celsius, low=-90.0, high=-80.0))]
2015-03-11 18:06:51,655 - monitoring_application - INFO - Creating condition controller with conditions: [QuantitativeProperty(id=1, type=Temperature, channel_bus=3, channel_address=2, channel_number=1, recording_frequency=15, expectation=Expectation(id=1, units=Celsius, low=-90.0, high=-80.0)), QuantitativeProperty(id=2, type=Temperature, channel_bus=3, channel_address=3, channel_number=1, recording_frequency=15, expectation=Expectation(id=1, units=Celsius, low=-90.0, high=-80.0))]
2015-03-11 18:06:51,655 - monitoring_application - INFO - Atmospheric Condition Controller initialized
2015-03-11 18:06:51,656 - monitoring_application - INFO - Transmitter Controller initializing
2015-03-11 18:06:51,680 - monitoring_application - INFO - Transmitter cache contents:
2015-03-11 18:06:51,681 - monitoring_application - INFO - ---------------------------
2015-03-11 18:06:51,681 - monitoring_application - INFO - _TransmitterIdent(Status Instruments, SEM710, 1027, 47794, ['Celsius'], <built-in function open_method>, <built-in function read_channel_method>, <built-in function close_method>)
2015-03-11 18:06:51,681 - monitoring_application - INFO - ---------------------------
2015-03-11 18:06:51,682 - monitoring_application - INFO - Transmitter Controller initialized
2015-03-11 18:06:51,682 - monitoring_application - INFO - Admin Controller initializing
2015-03-11 18:06:51,685 - monitoring_application - INFO - Admin Controller initialized
2015-03-11 18:06:51,685 - monitoring_application - INFO - Transmitter channels opening
2015-03-11 18:06:51,839 - monitoring_application - INFO - Opened channels: [Channel(bus=3, address=3, channel_number=1, device_handle=<Swig Object of type 'struct ftdi_context *' at 0x7f0eb6e54cf0>, read_method=<built-in function read_channel_method>, units=Celsius), Channel(bus=3, address=2, channel_number=1, device_handle=<Swig Object of type 'struct ftdi_context *' at 0x7f0eb6f06060>, read_method=<built-in function read_channel_method>, units=Celsius)]
2015-03-11 18:06:51,839 - monitoring_application - INFO - Transmitter channels opened
2015-03-11 18:06:51,839 - monitoring_application - INFO - Assigning transmitter channels
2015-03-11 18:06:51,840 - monitoring_application - INFO - QuantitativeProperty(id=1, type=Temperature, channel_bus=3, channel_address=2, channel_number=1, recording_frequency=15, expectation=Expectation(id=1, units=Celsius, low=-90.0, high=-80.0)) matched Channel(bus=3, address=3, channel_number=1, device_handle=<Swig Object of type 'struct ftdi_context *' at 0x7f0eb6e54cf0>, read_method=<built-in function read_channel_method>, units=Celsius)
2015-03-11 18:06:51,840 - monitoring_application - INFO - QuantitativeProperty(id=1, type=Temperature, channel_bus=3, channel_address=2, channel_number=1, recording_frequency=15, expectation=Expectation(id=1, units=Celsius, low=-90.0, high=-80.0)) matched Channel(bus=3, address=2, channel_number=1, device_handle=<Swig Object of type 'struct ftdi_context *' at 0x7f0eb6f06060>, read_method=<built-in function read_channel_method>, units=Celsius)
2015-03-11 18:06:51,840 - monitoring_application - INFO - QuantitativeProperty(id=2, type=Temperature, channel_bus=3, channel_address=3, channel_number=1, recording_frequency=15, expectation=Expectation(id=1, units=Celsius, low=-90.0, high=-80.0)) matched Channel(bus=3, address=3, channel_number=1, device_handle=<Swig Object of type 'struct ftdi_context *' at 0x7f0eb6e54cf0>, read_method=<built-in function read_channel_method>, units=Celsius)
2015-03-11 18:06:51,840 - monitoring_application - INFO - Transmitter channels assigned
2015-03-11 18:06:51,840 - monitoring_application - INFO - Errors: []
2015-03-11 18:06:51,841 - monitoring_application - INFO - Load block complete
2015-03-11 18:06:56,915 - monitoring_application - WARNING - Monitoring Controller stopped
2015-03-11 18:07:00,243 - monitoring_application - WARNING - Monitoring Controller started
2015-03-11 18:07:00,243 - monitoring_application - INFO - Environment Controller initializing
2015-03-11 18:07:00,261 - monitoring_application - INFO - Environment Controller initialized
2015-03-11 18:07:00,261 - monitoring_application - INFO - Atmospheric Condition Controller initializing
2015-03-11 18:07:00,264 - monitoring_application - INFO - Creating condition controller with conditions: [QuantitativeProperty(id=1, type=Temperature, channel_bus=3, channel_address=2, channel_number=1, recording_frequency=15, expectation=Expectation(id=1, units=Celsius, low=-90.0, high=-80.0))]
2015-03-11 18:07:00,266 - monitoring_application - INFO - Creating condition controller with conditions: [QuantitativeProperty(id=1, type=Temperature, channel_bus=3, channel_address=2, channel_number=1, recording_frequency=15, expectation=Expectation(id=1, units=Celsius, low=-90.0, high=-80.0)), QuantitativeProperty(id=2, type=Temperature, channel_bus=3, channel_address=3, channel_number=1, recording_frequency=15, expectation=Expectation(id=1, units=Celsius, low=-90.0, high=-80.0))]
2015-03-11 18:07:00,266 - monitoring_application - INFO - Atmospheric Condition Controller initialized
2015-03-11 18:07:00,266 - monitoring_application - INFO - Transmitter Controller initializing
2015-03-11 18:07:00,290 - monitoring_application - INFO - Transmitter cache contents:
2015-03-11 18:07:00,291 - monitoring_application - INFO - ---------------------------
2015-03-11 18:07:00,291 - monitoring_application - INFO - _TransmitterIdent(Status Instruments, SEM710, 1027, 47794, ['Celsius'], <built-in function open_method>, <built-in function read_channel_method>, <built-in function close_method>)
2015-03-11 18:07:00,291 - monitoring_application - INFO - ---------------------------
2015-03-11 18:07:00,291 - monitoring_application - INFO - Transmitter Controller initialized
2015-03-11 18:07:00,291 - monitoring_application - INFO - Admin Controller initializing
2015-03-11 18:07:00,293 - monitoring_application - INFO - Admin Controller initialized
2015-03-11 18:07:00,293 - monitoring_application - INFO - Transmitter channels opening
2015-03-11 18:07:00,447 - monitoring_application - INFO - Opened channels: [Channel(bus=3, address=3, channel_number=1, device_handle=<Swig Object of type 'struct ftdi_context *' at 0x7ff6a4dbcc00>, read_method=<built-in function read_channel_method>, units=Celsius), Channel(bus=3, address=2, channel_number=1, device_handle=<Swig Object of type 'struct ftdi_context *' at 0x7ff6a4dbcba0>, read_method=<built-in function read_channel_method>, units=Celsius)]
2015-03-11 18:07:00,447 - monitoring_application - INFO - Transmitter channels opened
2015-03-11 18:07:00,448 - monitoring_application - INFO - Assigning transmitter channels
2015-03-11 18:07:00,448 - monitoring_application - INFO - QuantitativeProperty(id=1, type=Temperature, channel_bus=3, channel_address=2, channel_number=1, recording_frequency=15, expectation=Expectation(id=1, units=Celsius, low=-90.0, high=-80.0)) matched Channel(bus=3, address=3, channel_number=1, device_handle=<Swig Object of type 'struct ftdi_context *' at 0x7ff6a4dbcc00>, read_method=<built-in function read_channel_method>, units=Celsius)
2015-03-11 18:07:00,448 - monitoring_application - INFO - QuantitativeProperty(id=1, type=Temperature, channel_bus=3, channel_address=2, channel_number=1, recording_frequency=15, expectation=Expectation(id=1, units=Celsius, low=-90.0, high=-80.0)) matched Channel(bus=3, address=2, channel_number=1, device_handle=<Swig Object of type 'struct ftdi_context *' at 0x7ff6a4dbcba0>, read_method=<built-in function read_channel_method>, units=Celsius)
2015-03-11 18:07:00,449 - monitoring_application - INFO - QuantitativeProperty(id=2, type=Temperature, channel_bus=3, channel_address=3, channel_number=1, recording_frequency=15, expectation=Expectation(id=1, units=Celsius, low=-90.0, high=-80.0)) matched Channel(bus=3, address=3, channel_number=1, device_handle=<Swig Object of type 'struct ftdi_context *' at 0x7ff6a4dbcc00>, read_method=<built-in function read_channel_method>, units=Celsius)
2015-03-11 18:07:00,449 - monitoring_application - INFO - Transmitter channels assigned
2015-03-11 18:07:00,449 - monitoring_application - INFO - Errors: []
2015-03-11 18:07:00,450 - monitoring_application - INFO - Load block complete
2015-03-11 18:07:29,424 - monitoring_application - WARNING - Monitoring Controller stopped
2015-03-11 18:08:49,539 - monitoring_application - WARNING - Monitoring Controller started
2015-03-11 18:08:49,540 - monitoring_application - INFO - Environment Controller initializing
2015-03-11 18:08:49,558 - monitoring_application - INFO - Environment Controller initialized
2015-03-11 18:08:49,558 - monitoring_application - INFO - Atmospheric Condition Controller initializing
2015-03-11 18:08:49,562 - monitoring_application - INFO - Creating condition controller with conditions: [QuantitativeProperty(id=1, type=Temperature, channel_bus=3, channel_address=2, channel_number=1, recording_frequency=15, expectation=Expectation(id=1, units=Celsius, low=-90.0, high=-80.0))]
2015-03-11 18:08:49,563 - monitoring_application - INFO - Creating condition controller with conditions: [QuantitativeProperty(id=1, type=Temperature, channel_bus=3, channel_address=2, channel_number=1, recording_frequency=15, expectation=Expectation(id=1, units=Celsius, low=-90.0, high=-80.0)), QuantitativeProperty(id=2, type=Temperature, channel_bus=3, channel_address=3, channel_number=1, recording_frequency=15, expectation=Expectation(id=1, units=Celsius, low=-90.0, high=-80.0))]
2015-03-11 18:08:49,563 - monitoring_application - INFO - Atmospheric Condition Controller initialized
2015-03-11 18:08:49,563 - monitoring_application - INFO - Transmitter Controller initializing
2015-03-11 18:08:49,587 - monitoring_application - INFO - Transmitter cache contents:
2015-03-11 18:08:49,587 - monitoring_application - INFO - ---------------------------
2015-03-11 18:08:49,587 - monitoring_application - INFO - _TransmitterIdent(Status Instruments, SEM710, 1027, 47794, ['Celsius'], <built-in function open_method>, <built-in function read_channel_method>, <built-in function close_method>)
2015-03-11 18:08:49,587 - monitoring_application - INFO - ---------------------------
2015-03-11 18:08:49,588 - monitoring_application - INFO - Transmitter Controller initialized
2015-03-11 18:08:49,588 - monitoring_application - INFO - Admin Controller initializing
2015-03-11 18:08:49,589 - monitoring_application - INFO - Admin Controller initialized
2015-03-11 18:08:49,589 - monitoring_application - INFO - Transmitter channels opening
2015-03-11 18:08:49,743 - monitoring_application - INFO - Opened channels: [Channel(bus=3, address=4, channel_number=1, device_handle=<Swig Object of type 'struct ftdi_context *' at 0x7f952a19bde0>, read_method=<built-in function read_channel_method>, units=Celsius), Channel(bus=3, address=2, channel_number=1, device_handle=<Swig Object of type 'struct ftdi_context *' at 0x7f952a19ba50>, read_method=<built-in function read_channel_method>, units=Celsius)]
2015-03-11 18:08:49,743 - monitoring_application - INFO - Transmitter channels opened
2015-03-11 18:08:49,744 - monitoring_application - INFO - Assigning transmitter channels
2015-03-11 18:08:49,744 - monitoring_application - INFO - QuantitativeProperty(id=1, type=Temperature, channel_bus=3, channel_address=2, channel_number=1, recording_frequency=15, expectation=Expectation(id=1, units=Celsius, low=-90.0, high=-80.0)) matched Channel(bus=3, address=4, channel_number=1, device_handle=<Swig Object of type 'struct ftdi_context *' at 0x7f952a19bde0>, read_method=<built-in function read_channel_method>, units=Celsius)
2015-03-11 18:08:49,744 - monitoring_application - INFO - QuantitativeProperty(id=1, type=Temperature, channel_bus=3, channel_address=2, channel_number=1, recording_frequency=15, expectation=Expectation(id=1, units=Celsius, low=-90.0, high=-80.0)) matched Channel(bus=3, address=2, channel_number=1, device_handle=<Swig Object of type 'struct ftdi_context *' at 0x7f952a19ba50>, read_method=<built-in function read_channel_method>, units=Celsius)
2015-03-11 18:08:49,745 - monitoring_application - INFO - QuantitativeProperty(id=2, type=Temperature, channel_bus=3, channel_address=3, channel_number=1, recording_frequency=15, expectation=Expectation(id=1, units=Celsius, low=-90.0, high=-80.0)) matched Channel(bus=3, address=4, channel_number=1, device_handle=<Swig Object of type 'struct ftdi_context *' at 0x7f952a19bde0>, read_method=<built-in function read_channel_method>, units=Celsius)
2015-03-11 18:08:49,745 - monitoring_application - INFO - No channel to gather readings from for QuantitativeProperty(id=2, type=Temperature, channel_bus=3, channel_address=3, channel_number=1, recording_frequency=15, expectation=Expectation(id=1, units=Celsius, low=-90.0, high=-80.0))
2015-03-11 18:08:49,745 - monitoring_application - INFO - Transmitter channels assigned
2015-03-11 18:08:49,745 - monitoring_application - INFO - Errors: [QuantitativeProperty(id=2, type=Temperature, channel_bus=3, channel_address=3, channel_number=1, recording_frequency=15, expectation=Expectation(id=1, units=Celsius, low=-90.0, high=-80.0))]
2015-03-11 18:08:49,746 - monitoring_application - INFO - Load block complete
2015-03-11 18:08:53,759 - monitoring_application - WARNING - Monitoring Controller stopped
2015-03-11 18:09:07,756 - monitoring_application - WARNING - Monitoring Controller started
2015-03-11 18:09:07,756 - monitoring_application - INFO - Environment Controller initializing
2015-03-11 18:09:07,775 - monitoring_application - INFO - Environment Controller initialized
2015-03-11 18:09:07,776 - monitoring_application - INFO - Atmospheric Condition Controller initializing
2015-03-11 18:09:07,779 - monitoring_application - INFO - Creating condition controller with conditions: [QuantitativeProperty(id=1, type=Temperature, channel_bus=3, channel_address=2, channel_number=1, recording_frequency=15, expectation=Expectation(id=1, units=Celsius, low=-90.0, high=-80.0))]
2015-03-11 18:09:07,780 - monitoring_application - INFO - Creating condition controller with conditions: [QuantitativeProperty(id=1, type=Temperature, channel_bus=3, channel_address=2, channel_number=1, recording_frequency=15, expectation=Expectation(id=1, units=Celsius, low=-90.0, high=-80.0)), QuantitativeProperty(id=2, type=Temperature, channel_bus=3, channel_address=3, channel_number=1, recording_frequency=15, expectation=Expectation(id=1, units=Celsius, low=-90.0, high=-80.0))]
2015-03-11 18:09:07,780 - monitoring_application - INFO - Atmospheric Condition Controller initialized
2015-03-11 18:09:07,780 - monitoring_application - INFO - Transmitter Controller initializing
2015-03-11 18:09:07,803 - monitoring_application - INFO - Transmitter cache contents:
2015-03-11 18:09:07,803 - monitoring_application - INFO - ---------------------------
2015-03-11 18:09:07,803 - monitoring_application - INFO - _TransmitterIdent(Status Instruments, SEM710, 1027, 47794, ['Celsius'], <built-in function open_method>, <built-in function read_channel_method>, <built-in function close_method>)
2015-03-11 18:09:07,803 - monitoring_application - INFO - ---------------------------
2015-03-11 18:09:07,804 - monitoring_application - INFO - Transmitter Controller initialized
2015-03-11 18:09:07,804 - monitoring_application - INFO - Admin Controller initializing
2015-03-11 18:09:07,805 - monitoring_application - INFO - Admin Controller initialized
2015-03-11 18:09:07,805 - monitoring_application - INFO - Transmitter channels opening
2015-03-11 18:09:07,959 - monitoring_application - INFO - Opened channels: [Channel(bus=3, address=4, channel_number=1, device_handle=<Swig Object of type 'struct ftdi_context *' at 0x7fb384bf2c00>, read_method=<built-in function read_channel_method>, units=Celsius), Channel(bus=3, address=2, channel_number=1, device_handle=<Swig Object of type 'struct ftdi_context *' at 0x7fb384bf2ba0>, read_method=<built-in function read_channel_method>, units=Celsius)]
2015-03-11 18:09:07,959 - monitoring_application - INFO - Transmitter channels opened
2015-03-11 18:09:07,960 - monitoring_application - INFO - Assigning transmitter channels
2015-03-11 18:09:07,960 - monitoring_application - INFO - QuantitativeProperty(id=1, type=Temperature, channel_bus=3, channel_address=2, channel_number=1, recording_frequency=15, expectation=Expectation(id=1, units=Celsius, low=-90.0, high=-80.0)) matched Channel(bus=3, address=4, channel_number=1, device_handle=<Swig Object of type 'struct ftdi_context *' at 0x7fb384bf2c00>, read_method=<built-in function read_channel_method>, units=Celsius)
2015-03-11 18:09:07,960 - monitoring_application - INFO - QuantitativeProperty(id=1, type=Temperature, channel_bus=3, channel_address=2, channel_number=1, recording_frequency=15, expectation=Expectation(id=1, units=Celsius, low=-90.0, high=-80.0)) matched Channel(bus=3, address=2, channel_number=1, device_handle=<Swig Object of type 'struct ftdi_context *' at 0x7fb384bf2ba0>, read_method=<built-in function read_channel_method>, units=Celsius)
2015-03-11 18:09:07,960 - monitoring_application - INFO - QuantitativeProperty(id=2, type=Temperature, channel_bus=3, channel_address=3, channel_number=1, recording_frequency=15, expectation=Expectation(id=1, units=Celsius, low=-90.0, high=-80.0)) matched Channel(bus=3, address=4, channel_number=1, device_handle=<Swig Object of type 'struct ftdi_context *' at 0x7fb384bf2c00>, read_method=<built-in function read_channel_method>, units=Celsius)
2015-03-11 18:09:07,961 - monitoring_application - INFO - No channel to gather readings from for QuantitativeProperty(id=2, type=Temperature, channel_bus=3, channel_address=3, channel_number=1, recording_frequency=15, expectation=Expectation(id=1, units=Celsius, low=-90.0, high=-80.0))
2015-03-11 18:09:07,961 - monitoring_application - INFO - Transmitter channels assigned
2015-03-11 18:09:07,961 - monitoring_application - INFO - Errors: [QuantitativeProperty(id=2, type=Temperature, channel_bus=3, channel_address=3, channel_number=1, recording_frequency=15, expectation=Expectation(id=1, units=Celsius, low=-90.0, high=-80.0))]
2015-03-11 18:09:07,962 - monitoring_application - INFO - Load block complete
2015-03-11 18:09:11,334 - monitoring_application - WARNING - Monitoring Controller stopped
2015-03-11 18:12:24,655 - monitoring_application - WARNING - Monitoring Controller started
2015-03-11 18:12:24,655 - monitoring_application - INFO - Environment Controller initializing
2015-03-11 18:12:24,673 - monitoring_application - INFO - Environment Controller initialized
2015-03-11 18:12:24,673 - monitoring_application - INFO - Atmospheric Condition Controller initializing
2015-03-11 18:12:24,676 - monitoring_application - INFO - Creating condition controller with conditions: [QuantitativeProperty(id=1, type=Temperature, channel_bus=3, channel_address=2, channel_number=1, recording_frequency=15, expectation=Expectation(id=1, units=Celsius, low=-90.0, high=-80.0))]
2015-03-11 18:12:24,677 - monitoring_application - INFO - Creating condition controller with conditions: [QuantitativeProperty(id=1, type=Temperature, channel_bus=3, channel_address=2, channel_number=1, recording_frequency=15, expectation=Expectation(id=1, units=Celsius, low=-90.0, high=-80.0)), QuantitativeProperty(id=2, type=Temperature, channel_bus=3, channel_address=5, channel_number=1, recording_frequency=15, expectation=Expectation(id=1, units=Celsius, low=-90.0, high=-80.0))]
2015-03-11 18:12:24,677 - monitoring_application - INFO - Atmospheric Condition Controller initialized
2015-03-11 18:12:24,677 - monitoring_application - INFO - Transmitter Controller initializing
2015-03-11 18:12:24,716 - monitoring_application - INFO - Transmitter cache contents:
2015-03-11 18:12:24,716 - monitoring_application - INFO - ---------------------------
2015-03-11 18:12:24,717 - monitoring_application - INFO - _TransmitterIdent(Status Instruments, SEM710, 1027, 47794, ['Celsius'], <built-in function open_method>, <built-in function read_channel_method>, <built-in function close_method>)
2015-03-11 18:12:24,717 - monitoring_application - INFO - ---------------------------
2015-03-11 18:12:24,717 - monitoring_application - INFO - Transmitter Controller initialized
2015-03-11 18:12:24,718 - monitoring_application - INFO - Admin Controller initializing
2015-03-11 18:12:24,721 - monitoring_application - INFO - Admin Controller initialized
2015-03-11 18:12:24,721 - monitoring_application - INFO - Transmitter channels opening
2015-03-11 18:12:24,875 - monitoring_application - INFO - Opened channels: [Channel(bus=3, address=5, channel_number=1, device_handle=<Swig Object of type 'struct ftdi_context *' at 0x7fa1a7100510>, read_method=<built-in function read_channel_method>, units=Celsius), Channel(bus=3, address=2, channel_number=1, device_handle=<Swig Object of type 'struct ftdi_context *' at 0x7fa1a7100630>, read_method=<built-in function read_channel_method>, units=Celsius)]
2015-03-11 18:12:24,875 - monitoring_application - INFO - Transmitter channels opened
2015-03-11 18:12:24,875 - monitoring_application - INFO - Assigning transmitter channels
2015-03-11 18:12:24,876 - monitoring_application - INFO - QuantitativeProperty(id=1, type=Temperature, channel_bus=3, channel_address=2, channel_number=1, recording_frequency=15, expectation=Expectation(id=1, units=Celsius, low=-90.0, high=-80.0)) matched Channel(bus=3, address=5, channel_number=1, device_handle=<Swig Object of type 'struct ftdi_context *' at 0x7fa1a7100510>, read_method=<built-in function read_channel_method>, units=Celsius)
2015-03-11 18:12:24,876 - monitoring_application - INFO - QuantitativeProperty(id=1, type=Temperature, channel_bus=3, channel_address=2, channel_number=1, recording_frequency=15, expectation=Expectation(id=1, units=Celsius, low=-90.0, high=-80.0)) matched Channel(bus=3, address=2, channel_number=1, device_handle=<Swig Object of type 'struct ftdi_context *' at 0x7fa1a7100630>, read_method=<built-in function read_channel_method>, units=Celsius)
2015-03-11 18:12:24,896 - monitoring_application - INFO - QuantitativeProperty(id=2, type=Temperature, channel_bus=3, channel_address=5, channel_number=1, recording_frequency=15, expectation=Expectation(id=1, units=Celsius, low=-90.0, high=-80.0)) matched Channel(bus=3, address=5, channel_number=1, device_handle=<Swig Object of type 'struct ftdi_context *' at 0x7fa1a7100510>, read_method=<built-in function read_channel_method>, units=Celsius)
2015-03-11 18:12:24,896 - monitoring_application - INFO - Transmitter channels assigned
2015-03-11 18:12:24,896 - monitoring_application - INFO - Errors: []
2015-03-11 18:12:24,896 - monitoring_application - INFO - Load block complete
2015-03-11 18:12:31,142 - monitoring_application - WARNING - Monitoring Controller stopped
2015-03-11 18:12:35,266 - monitoring_application - WARNING - Monitoring Controller started
2015-03-11 18:12:35,266 - monitoring_application - INFO - Environment Controller initializing
2015-03-11 18:12:35,285 - monitoring_application - INFO - Environment Controller initialized
2015-03-11 18:12:35,285 - monitoring_application - INFO - Atmospheric Condition Controller initializing
2015-03-11 18:12:35,288 - monitoring_application - INFO - Creating condition controller with conditions: [QuantitativeProperty(id=1, type=Temperature, channel_bus=3, channel_address=2, channel_number=1, recording_frequency=15, expectation=Expectation(id=1, units=Celsius, low=-90.0, high=-80.0))]
2015-03-11 18:12:35,289 - monitoring_application - INFO - Creating condition controller with conditions: [QuantitativeProperty(id=1, type=Temperature, channel_bus=3, channel_address=2, channel_number=1, recording_frequency=15, expectation=Expectation(id=1, units=Celsius, low=-90.0, high=-80.0)), QuantitativeProperty(id=2, type=Temperature, channel_bus=3, channel_address=5, channel_number=1, recording_frequency=15, expectation=Expectation(id=1, units=Celsius, low=-90.0, high=-80.0))]
2015-03-11 18:12:35,290 - monitoring_application - INFO - Atmospheric Condition Controller initialized
2015-03-11 18:12:35,290 - monitoring_application - INFO - Transmitter Controller initializing
2015-03-11 18:12:35,315 - monitoring_application - INFO - Transmitter cache contents:
2015-03-11 18:12:35,315 - monitoring_application - INFO - ---------------------------
2015-03-11 18:12:35,315 - monitoring_application - INFO - _TransmitterIdent(Status Instruments, SEM710, 1027, 47794, ['Celsius'], <built-in function open_method>, <built-in function read_channel_method>, <built-in function close_method>)
2015-03-11 18:12:35,316 - monitoring_application - INFO - ---------------------------
2015-03-11 18:12:35,317 - monitoring_application - INFO - Transmitter Controller initialized
2015-03-11 18:12:35,317 - monitoring_application - INFO - Admin Controller initializing
2015-03-11 18:12:35,319 - monitoring_application - INFO - Admin Controller initialized
2015-03-11 18:12:35,319 - monitoring_application - INFO - Transmitter channels opening
2015-03-11 18:12:35,475 - monitoring_application - INFO - Opened channels: [Channel(bus=3, address=5, channel_number=1, device_handle=<Swig Object of type 'struct ftdi_context *' at 0x7fd7c2afb510>, read_method=<built-in function read_channel_method>, units=Celsius), Channel(bus=3, address=2, channel_number=1, device_handle=<Swig Object of type 'struct ftdi_context *' at 0x7fd7c2afb5d0>, read_method=<built-in function read_channel_method>, units=Celsius)]
2015-03-11 18:12:35,475 - monitoring_application - INFO - Transmitter channels opened
2015-03-11 18:12:35,476 - monitoring_application - INFO - Assigning transmitter channels
2015-03-11 18:12:35,476 - monitoring_application - INFO - QuantitativeProperty(id=1, type=Temperature, channel_bus=3, channel_address=2, channel_number=1, recording_frequency=15, expectation=Expectation(id=1, units=Celsius, low=-90.0, high=-80.0)) matched Channel(bus=3, address=5, channel_number=1, device_handle=<Swig Object of type 'struct ftdi_context *' at 0x7fd7c2afb510>, read_method=<built-in function read_channel_method>, units=Celsius)
2015-03-11 18:12:35,476 - monitoring_application - INFO - QuantitativeProperty(id=1, type=Temperature, channel_bus=3, channel_address=2, channel_number=1, recording_frequency=15, expectation=Expectation(id=1, units=Celsius, low=-90.0, high=-80.0)) matched Channel(bus=3, address=2, channel_number=1, device_handle=<Swig Object of type 'struct ftdi_context *' at 0x7fd7c2afb5d0>, read_method=<built-in function read_channel_method>, units=Celsius)
2015-03-11 18:12:35,477 - monitoring_application - INFO - QuantitativeProperty(id=2, type=Temperature, channel_bus=3, channel_address=5, channel_number=1, recording_frequency=15, expectation=Expectation(id=1, units=Celsius, low=-90.0, high=-80.0)) matched Channel(bus=3, address=5, channel_number=1, device_handle=<Swig Object of type 'struct ftdi_context *' at 0x7fd7c2afb510>, read_method=<built-in function read_channel_method>, units=Celsius)
2015-03-11 18:12:35,477 - monitoring_application - INFO - Transmitter channels assigned
2015-03-11 18:12:35,477 - monitoring_application - INFO - Errors: []
2015-03-11 18:12:35,477 - monitoring_application - INFO - Load block complete
2015-03-11 18:12:42,310 - monitoring_application - WARNING - Monitoring Controller stopped
2015-03-11 18:19:04,845 - monitoring_application - WARNING - Monitoring Controller started
2015-03-11 18:19:04,845 - monitoring_application - INFO - Environment Controller initializing
2015-03-11 18:19:04,864 - monitoring_application - INFO - Environment Controller initialized
2015-03-11 18:19:04,864 - monitoring_application - INFO - Atmospheric Condition Controller initializing
2015-03-11 18:19:04,867 - monitoring_application - INFO - Creating condition controller with conditions: [QuantitativeProperty(id=1, type=Temperature, channel_bus=3, channel_address=7, channel_number=1, recording_frequency=15, expectation=Expectation(id=1, units=Celsius, low=-90.0, high=-80.0))]
2015-03-11 18:19:04,868 - monitoring_application - INFO - Creating condition controller with conditions: [QuantitativeProperty(id=1, type=Temperature, channel_bus=3, channel_address=7, channel_number=1, recording_frequency=15, expectation=Expectation(id=1, units=Celsius, low=-90.0, high=-80.0)), QuantitativeProperty(id=2, type=Temperature, channel_bus=3, channel_address=8, channel_number=1, recording_frequency=15, expectation=Expectation(id=1, units=Celsius, low=-90.0, high=-80.0))]
2015-03-11 18:19:04,869 - monitoring_application - INFO - Atmospheric Condition Controller initialized
2015-03-11 18:19:04,870 - monitoring_application - INFO - Transmitter Controller initializing
2015-03-11 18:19:04,895 - monitoring_application - INFO - Transmitter cache contents:
2015-03-11 18:19:04,895 - monitoring_application - INFO - ---------------------------
2015-03-11 18:19:04,895 - monitoring_application - INFO - _TransmitterIdent(Status Instruments, SEM710, 1027, 47794, ['Celsius'], <built-in function open_method>, <built-in function read_channel_method>, <built-in function close_method>)
2015-03-11 18:19:04,896 - monitoring_application - INFO - ---------------------------
2015-03-11 18:19:04,897 - monitoring_application - INFO - Transmitter Controller initialized
2015-03-11 18:19:04,897 - monitoring_application - INFO - Admin Controller initializing
2015-03-11 18:19:04,899 - monitoring_application - INFO - Admin Controller initialized
2015-03-11 18:19:04,900 - monitoring_application - INFO - Transmitter channels opening
2015-03-11 18:19:05,163 - monitoring_application - INFO - Opened channels: [Channel(bus=1, address=7, channel_number=1, device_handle=<Swig Object of type 'struct ftdi_context *' at 0x7f275f3c2d20>, read_method=<built-in function read_channel_method>, units=Celsius), Channel(bus=3, address=7, channel_number=1, device_handle=<Swig Object of type 'struct ftdi_context *' at 0x7f275f3c2cf0>, read_method=<built-in function read_channel_method>, units=Celsius), Channel(bus=3, address=8, channel_number=1, device_handle=<Swig Object of type 'struct ftdi_context *' at 0x7f275f3c2fc0>, read_method=<built-in function read_channel_method>, units=Celsius)]
2015-03-11 18:19:05,164 - monitoring_application - INFO - Transmitter channels opened
2015-03-11 18:19:05,164 - monitoring_application - INFO - Assigning transmitter channels
2015-03-11 18:19:05,164 - monitoring_application - INFO - QuantitativeProperty(id=1, type=Temperature, channel_bus=3, channel_address=7, channel_number=1, recording_frequency=15, expectation=Expectation(id=1, units=Celsius, low=-90.0, high=-80.0)) matched Channel(bus=1, address=7, channel_number=1, device_handle=<Swig Object of type 'struct ftdi_context *' at 0x7f275f3c2d20>, read_method=<built-in function read_channel_method>, units=Celsius)
2015-03-11 18:19:05,165 - monitoring_application - INFO - QuantitativeProperty(id=1, type=Temperature, channel_bus=3, channel_address=7, channel_number=1, recording_frequency=15, expectation=Expectation(id=1, units=Celsius, low=-90.0, high=-80.0)) matched Channel(bus=3, address=7, channel_number=1, device_handle=<Swig Object of type 'struct ftdi_context *' at 0x7f275f3c2cf0>, read_method=<built-in function read_channel_method>, units=Celsius)
2015-03-11 18:19:05,165 - monitoring_application - INFO - QuantitativeProperty(id=2, type=Temperature, channel_bus=3, channel_address=8, channel_number=1, recording_frequency=15, expectation=Expectation(id=1, units=Celsius, low=-90.0, high=-80.0)) matched Channel(bus=1, address=7, channel_number=1, device_handle=<Swig Object of type 'struct ftdi_context *' at 0x7f275f3c2d20>, read_method=<built-in function read_channel_method>, units=Celsius)
2015-03-11 18:19:05,165 - monitoring_application - INFO - QuantitativeProperty(id=2, type=Temperature, channel_bus=3, channel_address=8, channel_number=1, recording_frequency=15, expectation=Expectation(id=1, units=Celsius, low=-90.0, high=-80.0)) matched Channel(bus=3, address=8, channel_number=1, device_handle=<Swig Object of type 'struct ftdi_context *' at 0x7f275f3c2fc0>, read_method=<built-in function read_channel_method>, units=Celsius)
2015-03-11 18:19:05,166 - monitoring_application - INFO - Transmitter channels assigned
2015-03-11 18:19:05,166 - monitoring_application - INFO - Errors: []
2015-03-11 18:19:05,166 - monitoring_application - INFO - Load block complete
2015-03-11 18:19:10,768 - monitoring_application - WARNING - Monitoring Controller stopped
2015-03-11 18:21:32,081 - monitoring_application - WARNING - Monitoring Controller started
2015-03-11 18:21:32,081 - monitoring_application - INFO - Environment Controller initializing
2015-03-11 18:21:32,099 - monitoring_application - INFO - Environment Controller initialized
2015-03-11 18:21:32,099 - monitoring_application - INFO - Atmospheric Condition Controller initializing
2015-03-11 18:21:32,102 - monitoring_application - INFO - Creating condition controller with conditions: [QuantitativeProperty(id=1, type=Temperature, channel_bus=3, channel_address=7, channel_number=1, recording_frequency=15, expectation=Expectation(id=1, units=Celsius, low=-90.0, high=-80.0))]
2015-03-11 18:21:32,103 - monitoring_application - INFO - Creating condition controller with conditions: [QuantitativeProperty(id=1, type=Temperature, channel_bus=3, channel_address=7, channel_number=1, recording_frequency=15, expectation=Expectation(id=1, units=Celsius, low=-90.0, high=-80.0)), QuantitativeProperty(id=2, type=Temperature, channel_bus=3, channel_address=8, channel_number=1, recording_frequency=15, expectation=Expectation(id=1, units=Celsius, low=-90.0, high=-80.0))]
2015-03-11 18:21:32,104 - monitoring_application - INFO - Creating condition controller with conditions: [QuantitativeProperty(id=1, type=Temperature, channel_bus=3, channel_address=7, channel_number=1, recording_frequency=15, expectation=Expectation(id=1, units=Celsius, low=-90.0, high=-80.0)), QuantitativeProperty(id=2, type=Temperature, channel_bus=3, channel_address=8, channel_number=1, recording_frequency=15, expectation=Expectation(id=1, units=Celsius, low=-90.0, high=-80.0)), QuantitativeProperty(id=3, type=Temperature, channel_bus=1, channel_address=7, channel_number=1, recording_frequency=15, expectation=Expectation(id=1, units=Celsius, low=-90.0, high=-80.0))]
2015-03-11 18:21:32,105 - monitoring_application - INFO - Atmospheric Condition Controller initialized
2015-03-11 18:21:32,105 - monitoring_application - INFO - Transmitter Controller initializing
2015-03-11 18:21:32,128 - monitoring_application - INFO - Transmitter cache contents:
2015-03-11 18:21:32,128 - monitoring_application - INFO - ---------------------------
2015-03-11 18:21:32,128 - monitoring_application - INFO - _TransmitterIdent(Status Instruments, SEM710, 1027, 47794, ['Celsius'], <built-in function open_method>, <built-in function read_channel_method>, <built-in function close_method>)
2015-03-11 18:21:32,128 - monitoring_application - INFO - ---------------------------
2015-03-11 18:21:32,129 - monitoring_application - INFO - Transmitter Controller initialized
2015-03-11 18:21:32,129 - monitoring_application - INFO - Admin Controller initializing
2015-03-11 18:21:32,131 - monitoring_application - INFO - Admin Controller initialized
2015-03-11 18:21:32,131 - monitoring_application - INFO - Transmitter channels opening
2015-03-11 18:21:32,391 - monitoring_application - INFO - Opened channels: [Channel(bus=1, address=7, channel_number=1, device_handle=<Swig Object of type 'struct ftdi_context *' at 0x7f838def7d20>, read_method=<built-in function read_channel_method>, units=Celsius), Channel(bus=3, address=7, channel_number=1, device_handle=<Swig Object of type 'struct ftdi_context *' at 0x7f838def7cf0>, read_method=<built-in function read_channel_method>, units=Celsius), Channel(bus=3, address=8, channel_number=1, device_handle=<Swig Object of type 'struct ftdi_context *' at 0x7f838def7fc0>, read_method=<built-in function read_channel_method>, units=Celsius)]
2015-03-11 18:21:32,391 - monitoring_application - INFO - Transmitter channels opened
2015-03-11 18:21:32,392 - monitoring_application - INFO - Assigning transmitter channels
2015-03-11 18:21:32,392 - monitoring_application - INFO - QuantitativeProperty(id=1, type=Temperature, channel_bus=3, channel_address=7, channel_number=1, recording_frequency=15, expectation=Expectation(id=1, units=Celsius, low=-90.0, high=-80.0)) matched Channel(bus=1, address=7, channel_number=1, device_handle=<Swig Object of type 'struct ftdi_context *' at 0x7f838def7d20>, read_method=<built-in function read_channel_method>, units=Celsius)
2015-03-11 18:21:32,392 - monitoring_application - INFO - QuantitativeProperty(id=1, type=Temperature, channel_bus=3, channel_address=7, channel_number=1, recording_frequency=15, expectation=Expectation(id=1, units=Celsius, low=-90.0, high=-80.0)) matched Channel(bus=3, address=7, channel_number=1, device_handle=<Swig Object of type 'struct ftdi_context *' at 0x7f838def7cf0>, read_method=<built-in function read_channel_method>, units=Celsius)
2015-03-11 18:21:32,392 - monitoring_application - INFO - QuantitativeProperty(id=2, type=Temperature, channel_bus=3, channel_address=8, channel_number=1, recording_frequency=15, expectation=Expectation(id=1, units=Celsius, low=-90.0, high=-80.0)) matched Channel(bus=1, address=7, channel_number=1, device_handle=<Swig Object of type 'struct ftdi_context *' at 0x7f838def7d20>, read_method=<built-in function read_channel_method>, units=Celsius)
2015-03-11 18:21:32,392 - monitoring_application - INFO - QuantitativeProperty(id=2, type=Temperature, channel_bus=3, channel_address=8, channel_number=1, recording_frequency=15, expectation=Expectation(id=1, units=Celsius, low=-90.0, high=-80.0)) matched Channel(bus=3, address=8, channel_number=1, device_handle=<Swig Object of type 'struct ftdi_context *' at 0x7f838def7fc0>, read_method=<built-in function read_channel_method>, units=Celsius)
2015-03-11 18:21:32,393 - monitoring_application - INFO - QuantitativeProperty(id=3, type=Temperature, channel_bus=1, channel_address=7, channel_number=1, recording_frequency=15, expectation=Expectation(id=1, units=Celsius, low=-90.0, high=-80.0)) matched Channel(bus=1, address=7, channel_number=1, device_handle=<Swig Object of type 'struct ftdi_context *' at 0x7f838def7d20>, read_method=<built-in function read_channel_method>, units=Celsius)
2015-03-11 18:21:32,393 - monitoring_application - INFO - Transmitter channels assigned
2015-03-11 18:21:32,393 - monitoring_application - INFO - Errors: []
2015-03-11 18:21:32,393 - monitoring_application - INFO - Load block complete
2015-03-11 18:21:37,918 - monitoring_application - WARNING - Monitoring Controller stopped
2015-03-11 18:21:40,557 - monitoring_application - WARNING - Monitoring Controller started
2015-03-11 18:21:40,557 - monitoring_application - INFO - Environment Controller initializing
2015-03-11 18:21:40,575 - monitoring_application - INFO - Environment Controller initialized
2015-03-11 18:21:40,576 - monitoring_application - INFO - Atmospheric Condition Controller initializing
2015-03-11 18:21:40,579 - monitoring_application - INFO - Creating condition controller with conditions: [QuantitativeProperty(id=1, type=Temperature, channel_bus=3, channel_address=7, channel_number=1, recording_frequency=15, expectation=Expectation(id=1, units=Celsius, low=-90.0, high=-80.0))]
2015-03-11 18:21:40,580 - monitoring_application - INFO - Creating condition controller with conditions: [QuantitativeProperty(id=1, type=Temperature, channel_bus=3, channel_address=7, channel_number=1, recording_frequency=15, expectation=Expectation(id=1, units=Celsius, low=-90.0, high=-80.0)), QuantitativeProperty(id=2, type=Temperature, channel_bus=3, channel_address=8, channel_number=1, recording_frequency=15, expectation=Expectation(id=1, units=Celsius, low=-90.0, high=-80.0))]
2015-03-11 18:21:40,581 - monitoring_application - INFO - Creating condition controller with conditions: [QuantitativeProperty(id=1, type=Temperature, channel_bus=3, channel_address=7, channel_number=1, recording_frequency=15, expectation=Expectation(id=1, units=Celsius, low=-90.0, high=-80.0)), QuantitativeProperty(id=2, type=Temperature, channel_bus=3, channel_address=8, channel_number=1, recording_frequency=15, expectation=Expectation(id=1, units=Celsius, low=-90.0, high=-80.0)), QuantitativeProperty(id=3, type=Temperature, channel_bus=1, channel_address=7, channel_number=1, recording_frequency=15, expectation=Expectation(id=1, units=Celsius, low=-90.0, high=-80.0))]
2015-03-11 18:21:40,581 - monitoring_application - INFO - Atmospheric Condition Controller initialized
2015-03-11 18:21:40,581 - monitoring_application - INFO - Transmitter Controller initializing
2015-03-11 18:21:40,607 - monitoring_application - INFO - Transmitter cache contents:
2015-03-11 18:21:40,607 - monitoring_application - INFO - ---------------------------
2015-03-11 18:21:40,607 - monitoring_application - INFO - _TransmitterIdent(Status Instruments, SEM710, 1027, 47794, ['Celsius'], <built-in function open_method>, <built-in function read_channel_method>, <built-in function close_method>)
2015-03-11 18:21:40,608 - monitoring_application - INFO - ---------------------------
2015-03-11 18:21:40,609 - monitoring_application - INFO - Transmitter Controller initialized
2015-03-11 18:21:40,609 - monitoring_application - INFO - Admin Controller initializing
2015-03-11 18:21:40,611 - monitoring_application - INFO - Admin Controller initialized
2015-03-11 18:21:40,611 - monitoring_application - INFO - Transmitter channels opening
2015-03-11 18:21:40,835 - monitoring_application - INFO - Opened channels: [Channel(bus=1, address=7, channel_number=1, device_handle=<Swig Object of type 'struct ftdi_context *' at 0x7fe972bb3d20>, read_method=<built-in function read_channel_method>, units=Celsius), Channel(bus=3, address=7, channel_number=1, device_handle=<Swig Object of type 'struct ftdi_context *' at 0x7fe972bb3cf0>, read_method=<built-in function read_channel_method>, units=Celsius), Channel(bus=3, address=8, channel_number=1, device_handle=<Swig Object of type 'struct ftdi_context *' at 0x7fe972bb3f90>, read_method=<built-in function read_channel_method>, units=Celsius)]
2015-03-11 18:21:40,836 - monitoring_application - INFO - Transmitter channels opened
2015-03-11 18:21:40,836 - monitoring_application - INFO - Assigning transmitter channels
2015-03-11 18:21:40,836 - monitoring_application - INFO - QuantitativeProperty(id=1, type=Temperature, channel_bus=3, channel_address=7, channel_number=1, recording_frequency=15, expectation=Expectation(id=1, units=Celsius, low=-90.0, high=-80.0)) matched Channel(bus=1, address=7, channel_number=1, device_handle=<Swig Object of type 'struct ftdi_context *' at 0x7fe972bb3d20>, read_method=<built-in function read_channel_method>, units=Celsius)
2015-03-11 18:21:40,837 - monitoring_application - INFO - QuantitativeProperty(id=1, type=Temperature, channel_bus=3, channel_address=7, channel_number=1, recording_frequency=15, expectation=Expectation(id=1, units=Celsius, low=-90.0, high=-80.0)) matched Channel(bus=3, address=7, channel_number=1, device_handle=<Swig Object of type 'struct ftdi_context *' at 0x7fe972bb3cf0>, read_method=<built-in function read_channel_method>, units=Celsius)
2015-03-11 18:21:40,837 - monitoring_application - INFO - QuantitativeProperty(id=2, type=Temperature, channel_bus=3, channel_address=8, channel_number=1, recording_frequency=15, expectation=Expectation(id=1, units=Celsius, low=-90.0, high=-80.0)) matched Channel(bus=1, address=7, channel_number=1, device_handle=<Swig Object of type 'struct ftdi_context *' at 0x7fe972bb3d20>, read_method=<built-in function read_channel_method>, units=Celsius)
2015-03-11 18:21:40,837 - monitoring_application - INFO - QuantitativeProperty(id=2, type=Temperature, channel_bus=3, channel_address=8, channel_number=1, recording_frequency=15, expectation=Expectation(id=1, units=Celsius, low=-90.0, high=-80.0)) matched Channel(bus=3, address=8, channel_number=1, device_handle=<Swig Object of type 'struct ftdi_context *' at 0x7fe972bb3f90>, read_method=<built-in function read_channel_method>, units=Celsius)
2015-03-11 18:21:40,838 - monitoring_application - INFO - QuantitativeProperty(id=3, type=Temperature, channel_bus=1, channel_address=7, channel_number=1, recording_frequency=15, expectation=Expectation(id=1, units=Celsius, low=-90.0, high=-80.0)) matched Channel(bus=1, address=7, channel_number=1, device_handle=<Swig Object of type 'struct ftdi_context *' at 0x7fe972bb3d20>, read_method=<built-in function read_channel_method>, units=Celsius)
2015-03-11 18:21:40,838 - monitoring_application - INFO - Transmitter channels assigned
2015-03-11 18:21:40,838 - monitoring_application - INFO - Errors: []
2015-03-11 18:21:40,839 - monitoring_application - INFO - Load block complete
2015-03-11 19:18:24,155 - monitoring_application - WARNING - Monitoring Controller stopped
