2015-03-12 12:04:34,906 - monitoring_application - WARNING - Monitoring Controller started
2015-03-12 12:04:34,931 - monitoring_application - INFO - Environment Controller initializing
2015-03-12 12:04:34,963 - monitoring_application - INFO - Environment Controller initialized
2015-03-12 12:04:34,963 - monitoring_application - INFO - Atmospheric Condition Controller initializing
2015-03-12 12:04:34,966 - monitoring_application - INFO - Creating condition controller with conditions: [AtmosphericCondition(id=1, type=Temperature, channel_bus=3, channel_address=7, channel_number=1, recording_frequency=15, expectation=Expectation(id=1, units=Celsius, low=-90.0, high=-80.0))]
2015-03-12 12:04:34,967 - monitoring_application - INFO - Creating condition controller with conditions: [AtmosphericCondition(id=1, type=Temperature, channel_bus=3, channel_address=7, channel_number=1, recording_frequency=15, expectation=Expectation(id=1, units=Celsius, low=-90.0, high=-80.0)), AtmosphericCondition(id=2, type=Temperature, channel_bus=3, channel_address=8, channel_number=1, recording_frequency=15, expectation=Expectation(id=1, units=Celsius, low=-90.0, high=-80.0))]
2015-03-12 12:04:34,968 - monitoring_application - INFO - Creating condition controller with conditions: [AtmosphericCondition(id=1, type=Temperature, channel_bus=3, channel_address=7, channel_number=1, recording_frequency=15, expectation=Expectation(id=1, units=Celsius, low=-90.0, high=-80.0)), AtmosphericCondition(id=2, type=Temperature, channel_bus=3, channel_address=8, channel_number=1, recording_frequency=15, expectation=Expectation(id=1, units=Celsius, low=-90.0, high=-80.0)), AtmosphericCondition(id=3, type=Temperature, channel_bus=1, channel_address=7, channel_number=1, recording_frequency=15, expectation=Expectation(id=1, units=Celsius, low=-90.0, high=-80.0))]
2015-03-12 12:04:34,968 - monitoring_application - INFO - Atmospheric Condition Controller initialized
2015-03-12 12:04:34,969 - monitoring_application - INFO - Transmitter Controller initializing
2015-03-12 12:04:35,036 - monitoring_application - INFO - Transmitter cache contents:
2015-03-12 12:04:35,036 - monitoring_application - INFO - ---------------------------
2015-03-12 12:04:35,037 - monitoring_application - INFO - _TransmitterIdent(Status Instruments, SEM710, 1027, 47794, ['Celsius'], <built-in function open_method>, <built-in function read_channel_method>, <built-in function close_method>)
2015-03-12 12:04:35,037 - monitoring_application - INFO - ---------------------------
2015-03-12 12:04:35,037 - monitoring_application - INFO - Transmitter Controller initialized
2015-03-12 12:04:35,037 - monitoring_application - INFO - Admin Controller initializing
2015-03-12 12:04:35,041 - monitoring_application - INFO - Admin Controller initialized
2015-03-12 12:04:35,041 - monitoring_application - INFO - Transmitter channels opening
2015-03-12 12:04:35,041 - monitoring_application - INFO - Opened channels: []
2015-03-12 12:04:35,041 - monitoring_application - INFO - Transmitter channels opened
2015-03-12 12:04:35,041 - monitoring_application - INFO - Assigning transmitter channels
2015-03-12 12:04:35,041 - monitoring_application - INFO - No channel to gather readings from for AtmosphericCondition(id=1, type=Temperature, channel_bus=3, channel_address=7, channel_number=1, recording_frequency=15, expectation=Expectation(id=1, units=Celsius, low=-90.0, high=-80.0))
2015-03-12 12:04:35,042 - monitoring_application - INFO - No channel to gather readings from for AtmosphericCondition(id=2, type=Temperature, channel_bus=3, channel_address=8, channel_number=1, recording_frequency=15, expectation=Expectation(id=1, units=Celsius, low=-90.0, high=-80.0))
2015-03-12 12:04:35,042 - monitoring_application - INFO - No channel to gather readings from for AtmosphericCondition(id=3, type=Temperature, channel_bus=1, channel_address=7, channel_number=1, recording_frequency=15, expectation=Expectation(id=1, units=Celsius, low=-90.0, high=-80.0))
2015-03-12 12:04:35,042 - monitoring_application - INFO - Transmitter channels assigned
2015-03-12 12:04:35,042 - monitoring_application - INFO - Errors: [AtmosphericCondition(id=1, type=Temperature, channel_bus=3, channel_address=7, channel_number=1, recording_frequency=15, expectation=Expectation(id=1, units=Celsius, low=-90.0, high=-80.0)), AtmosphericCondition(id=2, type=Temperature, channel_bus=3, channel_address=8, channel_number=1, recording_frequency=15, expectation=Expectation(id=1, units=Celsius, low=-90.0, high=-80.0)), AtmosphericCondition(id=3, type=Temperature, channel_bus=1, channel_address=7, channel_number=1, recording_frequency=15, expectation=Expectation(id=1, units=Celsius, low=-90.0, high=-80.0))]
2015-03-12 12:04:35,042 - monitoring_application - INFO - Load block complete
2015-03-12 12:04:50,995 - monitoring_application - WARNING - Monitoring Controller stopped
2015-03-12 12:06:44,079 - monitoring_application - WARNING - Monitoring Controller started
2015-03-12 12:06:44,086 - monitoring_application - INFO - Environment Controller initializing
2015-03-12 12:06:44,116 - monitoring_application - INFO - Environment Controller initialized
2015-03-12 12:06:44,116 - monitoring_application - INFO - Atmospheric Condition Controller initializing
2015-03-12 12:06:44,119 - monitoring_application - INFO - Creating condition controller with conditions: [AtmosphericCondition(id=1, type=Temperature, channel_bus=3, channel_address=7, channel_number=1, recording_frequency=15, expectation=Expectation(id=1, units=Celsius, low=-90.0, high=-80.0))]
2015-03-12 12:06:44,120 - monitoring_application - INFO - Creating condition controller with conditions: [AtmosphericCondition(id=1, type=Temperature, channel_bus=3, channel_address=7, channel_number=1, recording_frequency=15, expectation=Expectation(id=1, units=Celsius, low=-90.0, high=-80.0)), AtmosphericCondition(id=2, type=Temperature, channel_bus=3, channel_address=8, channel_number=1, recording_frequency=15, expectation=Expectation(id=1, units=Celsius, low=-90.0, high=-80.0))]
2015-03-12 12:06:44,121 - monitoring_application - INFO - Creating condition controller with conditions: [AtmosphericCondition(id=1, type=Temperature, channel_bus=3, channel_address=7, channel_number=1, recording_frequency=15, expectation=Expectation(id=1, units=Celsius, low=-90.0, high=-80.0)), AtmosphericCondition(id=2, type=Temperature, channel_bus=3, channel_address=8, channel_number=1, recording_frequency=15, expectation=Expectation(id=1, units=Celsius, low=-90.0, high=-80.0)), AtmosphericCondition(id=3, type=Temperature, channel_bus=1, channel_address=7, channel_number=1, recording_frequency=15, expectation=Expectation(id=1, units=Celsius, low=-90.0, high=-80.0))]
2015-03-12 12:06:44,121 - monitoring_application - INFO - Atmospheric Condition Controller initialized
2015-03-12 12:06:44,121 - monitoring_application - INFO - Transmitter Controller initializing
2015-03-12 12:06:44,141 - monitoring_application - INFO - Transmitter cache contents:
2015-03-12 12:06:44,141 - monitoring_application - INFO - ---------------------------
2015-03-12 12:06:44,141 - monitoring_application - INFO - _TransmitterIdent(Status Instruments, SEM710, 1027, 47794, ['Celsius'], <built-in function open_method>, <built-in function read_channel_method>, <built-in function close_method>)
2015-03-12 12:06:44,141 - monitoring_application - INFO - ---------------------------
2015-03-12 12:06:44,142 - monitoring_application - INFO - Transmitter Controller initialized
2015-03-12 12:06:44,142 - monitoring_application - INFO - Admin Controller initializing
2015-03-12 12:06:44,144 - monitoring_application - INFO - Admin Controller initialized
2015-03-12 12:06:44,144 - monitoring_application - INFO - Transmitter channels opening
2015-03-12 12:06:44,144 - monitoring_application - INFO - Opened channels: []
2015-03-12 12:06:44,144 - monitoring_application - INFO - Transmitter channels opened
2015-03-12 12:06:44,144 - monitoring_application - INFO - Assigning transmitter channels
2015-03-12 12:06:44,144 - monitoring_application - INFO - No channel to gather readings from for AtmosphericCondition(id=1, type=Temperature, channel_bus=3, channel_address=7, channel_number=1, recording_frequency=15, expectation=Expectation(id=1, units=Celsius, low=-90.0, high=-80.0))
2015-03-12 12:06:44,144 - monitoring_application - INFO - No channel to gather readings from for AtmosphericCondition(id=2, type=Temperature, channel_bus=3, channel_address=8, channel_number=1, recording_frequency=15, expectation=Expectation(id=1, units=Celsius, low=-90.0, high=-80.0))
2015-03-12 12:06:44,144 - monitoring_application - INFO - No channel to gather readings from for AtmosphericCondition(id=3, type=Temperature, channel_bus=1, channel_address=7, channel_number=1, recording_frequency=15, expectation=Expectation(id=1, units=Celsius, low=-90.0, high=-80.0))
2015-03-12 12:06:44,144 - monitoring_application - INFO - Transmitter channels assigned
2015-03-12 12:06:44,145 - monitoring_application - INFO - Errors: [AtmosphericCondition(id=1, type=Temperature, channel_bus=3, channel_address=7, channel_number=1, recording_frequency=15, expectation=Expectation(id=1, units=Celsius, low=-90.0, high=-80.0)), AtmosphericCondition(id=2, type=Temperature, channel_bus=3, channel_address=8, channel_number=1, recording_frequency=15, expectation=Expectation(id=1, units=Celsius, low=-90.0, high=-80.0)), AtmosphericCondition(id=3, type=Temperature, channel_bus=1, channel_address=7, channel_number=1, recording_frequency=15, expectation=Expectation(id=1, units=Celsius, low=-90.0, high=-80.0))]
2015-03-12 12:06:44,145 - monitoring_application - INFO - Load block complete
2015-03-12 13:25:04,744 - monitoring_application - WARNING - Monitoring Controller started
2015-03-12 13:25:04,785 - monitoring_application - INFO - Environment Controller initializing
2015-03-12 13:25:04,811 - monitoring_application - INFO - Environment Controller initialized
2015-03-12 13:25:04,811 - monitoring_application - INFO - Atmospheric Condition Controller initializing
2015-03-12 13:25:04,815 - monitoring_application - INFO - Creating condition controller with conditions: [AtmosphericCondition(id=1, type=Temperature, channel_bus=3, channel_address=7, channel_number=1, recording_frequency=15, expectation=Expectation(id=1, units=Celsius, low=-90.0, high=-80.0))]
2015-03-12 13:25:04,816 - monitoring_application - INFO - Creating condition controller with conditions: [AtmosphericCondition(id=1, type=Temperature, channel_bus=3, channel_address=7, channel_number=1, recording_frequency=15, expectation=Expectation(id=1, units=Celsius, low=-90.0, high=-80.0)), AtmosphericCondition(id=2, type=Temperature, channel_bus=3, channel_address=8, channel_number=1, recording_frequency=15, expectation=Expectation(id=1, units=Celsius, low=-90.0, high=-80.0))]
2015-03-12 13:25:04,817 - monitoring_application - INFO - Creating condition controller with conditions: [AtmosphericCondition(id=1, type=Temperature, channel_bus=3, channel_address=7, channel_number=1, recording_frequency=15, expectation=Expectation(id=1, units=Celsius, low=-90.0, high=-80.0)), AtmosphericCondition(id=2, type=Temperature, channel_bus=3, channel_address=8, channel_number=1, recording_frequency=15, expectation=Expectation(id=1, units=Celsius, low=-90.0, high=-80.0)), AtmosphericCondition(id=3, type=Temperature, channel_bus=1, channel_address=7, channel_number=1, recording_frequency=15, expectation=Expectation(id=1, units=Celsius, low=-90.0, high=-80.0))]
2015-03-12 13:25:04,817 - monitoring_application - INFO - Atmospheric Condition Controller initialized
2015-03-12 13:25:04,817 - monitoring_application - INFO - Transmitter Controller initializing
2015-03-12 13:25:04,934 - monitoring_application - INFO - Transmitter cache contents:
2015-03-12 13:25:04,934 - monitoring_application - INFO - ---------------------------
2015-03-12 13:25:04,935 - monitoring_application - INFO - _TransmitterIdent(Status Instruments, SEM710, 1027, 47794, ['Celsius'], <built-in function open_method>, <built-in function read_channel_method>, <built-in function close_method>)
2015-03-12 13:25:04,935 - monitoring_application - INFO - ---------------------------
2015-03-12 13:25:04,935 - monitoring_application - INFO - Transmitter Controller initialized
2015-03-12 13:25:04,935 - monitoring_application - INFO - Admin Controller initializing
2015-03-12 13:25:04,937 - monitoring_application - INFO - Admin Controller initialized
2015-03-12 13:25:04,937 - monitoring_application - INFO - Transmitter channels opening
2015-03-12 13:25:04,937 - monitoring_application - INFO - Opened channels: []
2015-03-12 13:25:04,937 - monitoring_application - INFO - Transmitter channels opened
2015-03-12 13:25:04,937 - monitoring_application - INFO - Assigning transmitter channels
2015-03-12 13:25:04,937 - monitoring_application - INFO - No channel to gather readings from for AtmosphericCondition(id=1, type=Temperature, channel_bus=3, channel_address=7, channel_number=1, recording_frequency=15, expectation=Expectation(id=1, units=Celsius, low=-90.0, high=-80.0))
2015-03-12 13:25:04,937 - monitoring_application - INFO - No channel to gather readings from for AtmosphericCondition(id=2, type=Temperature, channel_bus=3, channel_address=8, channel_number=1, recording_frequency=15, expectation=Expectation(id=1, units=Celsius, low=-90.0, high=-80.0))
2015-03-12 13:25:04,937 - monitoring_application - INFO - No channel to gather readings from for AtmosphericCondition(id=3, type=Temperature, channel_bus=1, channel_address=7, channel_number=1, recording_frequency=15, expectation=Expectation(id=1, units=Celsius, low=-90.0, high=-80.0))
2015-03-12 13:25:04,937 - monitoring_application - INFO - Transmitter channels assigned
2015-03-12 13:25:04,937 - monitoring_application - INFO - Errors: [AtmosphericCondition(id=1, type=Temperature, channel_bus=3, channel_address=7, channel_number=1, recording_frequency=15, expectation=Expectation(id=1, units=Celsius, low=-90.0, high=-80.0)), AtmosphericCondition(id=2, type=Temperature, channel_bus=3, channel_address=8, channel_number=1, recording_frequency=15, expectation=Expectation(id=1, units=Celsius, low=-90.0, high=-80.0)), AtmosphericCondition(id=3, type=Temperature, channel_bus=1, channel_address=7, channel_number=1, recording_frequency=15, expectation=Expectation(id=1, units=Celsius, low=-90.0, high=-80.0))]
2015-03-12 13:25:04,937 - monitoring_application - INFO - Load block complete
