2015-11-27 13:02:33,281 - monitoring_application - INFO - Transmitter Application Controller starting
2015-11-27 13:03:07,305 - monitoring_application - INFO - Transmitter Application Controller starting
2015-11-27 13:03:27,688 - monitoring_application - INFO - Transmitter Application Controller starting
2015-11-27 13:03:55,207 - monitoring_application - INFO - Transmitter Application Controller starting
2015-11-27 13:04:34,692 - monitoring_application - INFO - Transmitter Application Controller starting
2015-11-27 13:05:14,901 - monitoring_application - INFO - Transmitter Application Controller starting
2015-11-27 13:06:00,304 - monitoring_application - INFO - Transmitter Application Controller starting
2015-11-27 13:06:00,994 - monitoring_application - INFO - Transmitter Application Controller stopping
2015-11-27 13:06:42,787 - monitoring_application - INFO - USB Port Controller starting
2015-11-27 13:06:42,788 - monitoring_application - INFO - Transmitter Application Controller starting
2015-11-27 13:06:43,644 - monitoring_application - INFO - Transmitter Application Controller stopping
2015-11-27 13:06:43,645 - monitoring_application - INFO - USB Port Controller stopping
2015-11-27 13:06:47,557 - monitoring_application - INFO - USB Port Controller starting
2015-11-27 13:06:47,557 - monitoring_application - INFO - Transmitter Application Controller starting
2015-11-27 13:06:50,587 - monitoring_application - INFO - Transmitter Application Controller stopping
2015-11-27 13:06:50,589 - monitoring_application - INFO - USB Port Controller stopping
2015-11-27 13:07:31,040 - monitoring_application - INFO - USB Port Controller starting
2015-11-27 13:07:31,041 - monitoring_application - INFO - Transmitter Application Controller starting
2015-11-27 13:07:32,611 - monitoring_application - INFO - Transmitter Application Controller stopping
2015-11-27 13:07:32,613 - monitoring_application - INFO - USB Port Controller stopping
2015-11-27 13:07:51,731 - monitoring_application - INFO - USB Port Controller starting
2015-11-27 13:07:51,732 - monitoring_application - INFO - Transmitter Application Controller starting
2015-11-27 13:07:51,917 - monitoring_application - INFO - Request received: e628943e402145e8af72cf1093873469 | EDCRA_CLIENT | 0.1 | DOCUMENT | {"operation": {"value": "add"}, "usb_device": {"device": 2, "product": "Not Specified", "idVendor": 32903, "idProduct": 36, "bus": 4, "manufacturer": "Not Specified", "path": "/devices/pci0000:00/0000:00:1d.0/usb4/4-1"}}
2015-11-27 13:07:51,918 - monitoring_application - INFO - _TransmitterIdent(['Test'], <function open_method at 0x7f62eaea26a8>, <function read_channel_method at 0x7f62eaea27b8>, <function close_method at 0x7f62eaea2840>)
2015-11-27 13:07:51,918 - monitoring_application - INFO - _TransmitterIdent(['Celsius'], <built-in function open_method>, <built-in function read_channel_method>, <built-in function close_method>)
2015-11-27 13:07:51,918 - monitoring_application - INFO - Request received: a299a27a8bbd4f85a88b625ca4bc981a | EDCRA_CLIENT | 0.1 | DOCUMENT | {"operation": {"value": "add"}, "usb_device": {"device": 1, "product": "EHCI Host Controller", "idVendor": 7531, "idProduct": 2, "bus": 4, "manufacturer": "Linux 3.19.0-33-generic ehci_hcd", "path": "/devices/pci0000:00/0000:00:1d.0/usb4"}}
2015-11-27 13:07:51,918 - monitoring_application - INFO - _TransmitterIdent(['Test'], <function open_method at 0x7f62eaea26a8>, <function read_channel_method at 0x7f62eaea27b8>, <function close_method at 0x7f62eaea2840>)
2015-11-27 13:07:51,918 - monitoring_application - INFO - _TransmitterIdent(['Celsius'], <built-in function open_method>, <built-in function read_channel_method>, <built-in function close_method>)
2015-11-27 13:07:51,919 - monitoring_application - INFO - Request received: b7396f712adb43e1812295580d1c6078 | EDCRA_CLIENT | 0.1 | DOCUMENT | {"operation": {"value": "add"}, "usb_device": {"device": 5, "product": "Integrated Camera", "idVendor": 22918, "idProduct": 722, "bus": 3, "manufacturer": "Ricoh Company Ltd.", "path": "/devices/pci0000:00/0000:00:1a.0/usb3/3-1/3-1.6"}}
2015-11-27 13:07:51,919 - monitoring_application - INFO - _TransmitterIdent(['Test'], <function open_method at 0x7f62eaea26a8>, <function read_channel_method at 0x7f62eaea27b8>, <function close_method at 0x7f62eaea2840>)
2015-11-27 13:07:51,919 - monitoring_application - INFO - _TransmitterIdent(['Celsius'], <built-in function open_method>, <built-in function read_channel_method>, <built-in function close_method>)
2015-11-27 13:07:51,919 - monitoring_application - INFO - Request received: de393d8361f843f8881ed39f09ed77c0 | EDCRA_CLIENT | 0.1 | DOCUMENT | {"operation": {"value": "add"}, "usb_device": {"device": 4, "product": "BCM20702A0", "idVendor": 2652, "idProduct": 8678, "bus": 3, "manufacturer": "Broadcom Corp", "path": "/devices/pci0000:00/0000:00:1a.0/usb3/3-1/3-1.4"}}
2015-11-27 13:07:51,919 - monitoring_application - INFO - _TransmitterIdent(['Test'], <function open_method at 0x7f62eaea26a8>, <function read_channel_method at 0x7f62eaea27b8>, <function close_method at 0x7f62eaea2840>)
2015-11-27 13:07:51,919 - monitoring_application - INFO - _TransmitterIdent(['Celsius'], <built-in function open_method>, <built-in function read_channel_method>, <built-in function close_method>)
2015-11-27 13:07:51,919 - monitoring_application - INFO - Request received: 4890494d806a4c6a842470bff6aeedb2 | EDCRA_CLIENT | 0.1 | DOCUMENT | {"operation": {"value": "add"}, "usb_device": {"device": 3, "product": "Biometric Coprocessor", "idVendor": 5246, "idProduct": 8224, "bus": 3, "manufacturer": "Auth", "path": "/devices/pci0000:00/0000:00:1a.0/usb3/3-1/3-1.3"}}
2015-11-27 13:07:51,920 - monitoring_application - INFO - _TransmitterIdent(['Test'], <function open_method at 0x7f62eaea26a8>, <function read_channel_method at 0x7f62eaea27b8>, <function close_method at 0x7f62eaea2840>)
2015-11-27 13:07:51,920 - monitoring_application - INFO - _TransmitterIdent(['Celsius'], <built-in function open_method>, <built-in function read_channel_method>, <built-in function close_method>)
2015-11-27 13:07:51,920 - monitoring_application - INFO - Request received: c7ffeb0d0ef5484299558141f920d11a | EDCRA_CLIENT | 0.1 | DOCUMENT | {"operation": {"value": "add"}, "usb_device": {"device": 2, "product": "Not Specified", "idVendor": 32903, "idProduct": 36, "bus": 3, "manufacturer": "Not Specified", "path": "/devices/pci0000:00/0000:00:1a.0/usb3/3-1"}}
2015-11-27 13:07:51,921 - monitoring_application - INFO - _TransmitterIdent(['Test'], <function open_method at 0x7f62eaea26a8>, <function read_channel_method at 0x7f62eaea27b8>, <function close_method at 0x7f62eaea2840>)
2015-11-27 13:07:51,921 - monitoring_application - INFO - _TransmitterIdent(['Celsius'], <built-in function open_method>, <built-in function read_channel_method>, <built-in function close_method>)
2015-11-27 13:07:51,921 - monitoring_application - INFO - Request received: 8b4d19a5126e436a8300b3ef853653ac | EDCRA_CLIENT | 0.1 | DOCUMENT | {"operation": {"value": "add"}, "usb_device": {"device": 1, "product": "EHCI Host Controller", "idVendor": 7531, "idProduct": 2, "bus": 3, "manufacturer": "Linux 3.19.0-33-generic ehci_hcd", "path": "/devices/pci0000:00/0000:00:1a.0/usb3"}}
2015-11-27 13:07:51,922 - monitoring_application - INFO - _TransmitterIdent(['Test'], <function open_method at 0x7f62eaea26a8>, <function read_channel_method at 0x7f62eaea27b8>, <function close_method at 0x7f62eaea2840>)
2015-11-27 13:07:51,922 - monitoring_application - INFO - _TransmitterIdent(['Celsius'], <built-in function open_method>, <built-in function read_channel_method>, <built-in function close_method>)
2015-11-27 13:07:51,922 - monitoring_application - INFO - Request received: e708e01e214d4d86b9899acc900e02ed | EDCRA_CLIENT | 0.1 | DOCUMENT | {"operation": {"value": "add"}, "usb_device": {"device": 1, "product": "xHCI Host Controller", "idVendor": 7531, "idProduct": 3, "bus": 2, "manufacturer": "Linux 3.19.0-33-generic xhci-hcd", "path": "/devices/pci0000:00/0000:00:14.0/usb2"}}
2015-11-27 13:07:51,923 - monitoring_application - INFO - _TransmitterIdent(['Test'], <function open_method at 0x7f62eaea26a8>, <function read_channel_method at 0x7f62eaea27b8>, <function close_method at 0x7f62eaea2840>)
2015-11-27 13:07:51,923 - monitoring_application - INFO - _TransmitterIdent(['Celsius'], <built-in function open_method>, <built-in function read_channel_method>, <built-in function close_method>)
2015-11-27 13:07:51,923 - monitoring_application - INFO - Request received: 66caf38df46d4ae7a81157cff9a41abe | EDCRA_CLIENT | 0.1 | DOCUMENT | {"operation": {"value": "add"}, "usb_device": {"device": 1, "product": "xHCI Host Controller", "idVendor": 7531, "idProduct": 2, "bus": 1, "manufacturer": "Linux 3.19.0-33-generic xhci-hcd", "path": "/devices/pci0000:00/0000:00:14.0/usb1"}}
2015-11-27 13:07:51,924 - monitoring_application - INFO - _TransmitterIdent(['Test'], <function open_method at 0x7f62eaea26a8>, <function read_channel_method at 0x7f62eaea27b8>, <function close_method at 0x7f62eaea2840>)
2015-11-27 13:07:51,924 - monitoring_application - INFO - _TransmitterIdent(['Celsius'], <built-in function open_method>, <built-in function read_channel_method>, <built-in function close_method>)
2015-11-27 13:07:51,924 - monitoring_application - INFO - Request received: a299a27a8bbd4f85a88b625ca4bc981a | EDCRA_CLIENT | 0.1 | DOCUMENT | {"operation": {"value": "add"}, "usb_device": {"device": 1, "product": "EHCI Host Controller", "idVendor": 7531, "idProduct": 2, "bus": 4, "manufacturer": "Linux 3.19.0-33-generic ehci_hcd", "path": "/devices/pci0000:00/0000:00:1d.0/usb4"}}
2015-11-27 13:07:51,925 - monitoring_application - INFO - _TransmitterIdent(['Test'], <function open_method at 0x7f62eaea26a8>, <function read_channel_method at 0x7f62eaea27b8>, <function close_method at 0x7f62eaea2840>)
2015-11-27 13:07:51,925 - monitoring_application - INFO - _TransmitterIdent(['Celsius'], <built-in function open_method>, <built-in function read_channel_method>, <built-in function close_method>)
2015-11-27 13:07:51,925 - monitoring_application - INFO - Request received: b7396f712adb43e1812295580d1c6078 | EDCRA_CLIENT | 0.1 | DOCUMENT | {"operation": {"value": "add"}, "usb_device": {"device": 5, "product": "Integrated Camera", "idVendor": 22918, "idProduct": 722, "bus": 3, "manufacturer": "Ricoh Company Ltd.", "path": "/devices/pci0000:00/0000:00:1a.0/usb3/3-1/3-1.6"}}
2015-11-27 13:07:51,925 - monitoring_application - INFO - _TransmitterIdent(['Test'], <function open_method at 0x7f62eaea26a8>, <function read_channel_method at 0x7f62eaea27b8>, <function close_method at 0x7f62eaea2840>)
2015-11-27 13:07:51,925 - monitoring_application - INFO - _TransmitterIdent(['Celsius'], <built-in function open_method>, <built-in function read_channel_method>, <built-in function close_method>)
2015-11-27 13:07:51,926 - monitoring_application - INFO - Request received: de393d8361f843f8881ed39f09ed77c0 | EDCRA_CLIENT | 0.1 | DOCUMENT | {"operation": {"value": "add"}, "usb_device": {"device": 4, "product": "BCM20702A0", "idVendor": 2652, "idProduct": 8678, "bus": 3, "manufacturer": "Broadcom Corp", "path": "/devices/pci0000:00/0000:00:1a.0/usb3/3-1/3-1.4"}}
2015-11-27 13:07:51,926 - monitoring_application - INFO - _TransmitterIdent(['Test'], <function open_method at 0x7f62eaea26a8>, <function read_channel_method at 0x7f62eaea27b8>, <function close_method at 0x7f62eaea2840>)
2015-11-27 13:07:51,926 - monitoring_application - INFO - _TransmitterIdent(['Celsius'], <built-in function open_method>, <built-in function read_channel_method>, <built-in function close_method>)
2015-11-27 13:07:51,926 - monitoring_application - INFO - Request received: 4890494d806a4c6a842470bff6aeedb2 | EDCRA_CLIENT | 0.1 | DOCUMENT | {"operation": {"value": "add"}, "usb_device": {"device": 3, "product": "Biometric Coprocessor", "idVendor": 5246, "idProduct": 8224, "bus": 3, "manufacturer": "Auth", "path": "/devices/pci0000:00/0000:00:1a.0/usb3/3-1/3-1.3"}}
2015-11-27 13:07:51,927 - monitoring_application - INFO - _TransmitterIdent(['Test'], <function open_method at 0x7f62eaea26a8>, <function read_channel_method at 0x7f62eaea27b8>, <function close_method at 0x7f62eaea2840>)
2015-11-27 13:07:51,927 - monitoring_application - INFO - _TransmitterIdent(['Celsius'], <built-in function open_method>, <built-in function read_channel_method>, <built-in function close_method>)
2015-11-27 13:07:51,927 - monitoring_application - INFO - Request received: c7ffeb0d0ef5484299558141f920d11a | EDCRA_CLIENT | 0.1 | DOCUMENT | {"operation": {"value": "add"}, "usb_device": {"device": 2, "product": "Not Specified", "idVendor": 32903, "idProduct": 36, "bus": 3, "manufacturer": "Not Specified", "path": "/devices/pci0000:00/0000:00:1a.0/usb3/3-1"}}
2015-11-27 13:07:51,927 - monitoring_application - INFO - _TransmitterIdent(['Test'], <function open_method at 0x7f62eaea26a8>, <function read_channel_method at 0x7f62eaea27b8>, <function close_method at 0x7f62eaea2840>)
2015-11-27 13:07:51,927 - monitoring_application - INFO - _TransmitterIdent(['Celsius'], <built-in function open_method>, <built-in function read_channel_method>, <built-in function close_method>)
2015-11-27 13:07:51,928 - monitoring_application - INFO - Request received: 8b4d19a5126e436a8300b3ef853653ac | EDCRA_CLIENT | 0.1 | DOCUMENT | {"operation": {"value": "add"}, "usb_device": {"device": 1, "product": "EHCI Host Controller", "idVendor": 7531, "idProduct": 2, "bus": 3, "manufacturer": "Linux 3.19.0-33-generic ehci_hcd", "path": "/devices/pci0000:00/0000:00:1a.0/usb3"}}
2015-11-27 13:07:51,928 - monitoring_application - INFO - _TransmitterIdent(['Test'], <function open_method at 0x7f62eaea26a8>, <function read_channel_method at 0x7f62eaea27b8>, <function close_method at 0x7f62eaea2840>)
2015-11-27 13:07:51,928 - monitoring_application - INFO - _TransmitterIdent(['Celsius'], <built-in function open_method>, <built-in function read_channel_method>, <built-in function close_method>)
2015-11-27 13:07:51,928 - monitoring_application - INFO - Request received: e708e01e214d4d86b9899acc900e02ed | EDCRA_CLIENT | 0.1 | DOCUMENT | {"operation": {"value": "add"}, "usb_device": {"device": 1, "product": "xHCI Host Controller", "idVendor": 7531, "idProduct": 3, "bus": 2, "manufacturer": "Linux 3.19.0-33-generic xhci-hcd", "path": "/devices/pci0000:00/0000:00:14.0/usb2"}}
2015-11-27 13:07:51,929 - monitoring_application - INFO - _TransmitterIdent(['Test'], <function open_method at 0x7f62eaea26a8>, <function read_channel_method at 0x7f62eaea27b8>, <function close_method at 0x7f62eaea2840>)
2015-11-27 13:07:51,929 - monitoring_application - INFO - _TransmitterIdent(['Celsius'], <built-in function open_method>, <built-in function read_channel_method>, <built-in function close_method>)
2015-11-27 13:07:51,929 - monitoring_application - INFO - Request received: 66caf38df46d4ae7a81157cff9a41abe | EDCRA_CLIENT | 0.1 | DOCUMENT | {"operation": {"value": "add"}, "usb_device": {"device": 1, "product": "xHCI Host Controller", "idVendor": 7531, "idProduct": 2, "bus": 1, "manufacturer": "Linux 3.19.0-33-generic xhci-hcd", "path": "/devices/pci0000:00/0000:00:14.0/usb1"}}
2015-11-27 13:07:51,929 - monitoring_application - INFO - _TransmitterIdent(['Test'], <function open_method at 0x7f62eaea26a8>, <function read_channel_method at 0x7f62eaea27b8>, <function close_method at 0x7f62eaea2840>)
2015-11-27 13:07:51,929 - monitoring_application - INFO - _TransmitterIdent(['Celsius'], <built-in function open_method>, <built-in function read_channel_method>, <built-in function close_method>)
2015-11-27 13:07:51,930 - monitoring_application - INFO - Request received: b7396f712adb43e1812295580d1c6078 | EDCRA_CLIENT | 0.1 | DOCUMENT | {"operation": {"value": "add"}, "usb_device": {"device": 5, "product": "Integrated Camera", "idVendor": 22918, "idProduct": 722, "bus": 3, "manufacturer": "Ricoh Company Ltd.", "path": "/devices/pci0000:00/0000:00:1a.0/usb3/3-1/3-1.6"}}
2015-11-27 13:07:51,930 - monitoring_application - INFO - _TransmitterIdent(['Test'], <function open_method at 0x7f62eaea26a8>, <function read_channel_method at 0x7f62eaea27b8>, <function close_method at 0x7f62eaea2840>)
2015-11-27 13:07:51,930 - monitoring_application - INFO - _TransmitterIdent(['Celsius'], <built-in function open_method>, <built-in function read_channel_method>, <built-in function close_method>)
2015-11-27 13:07:51,930 - monitoring_application - INFO - Request received: de393d8361f843f8881ed39f09ed77c0 | EDCRA_CLIENT | 0.1 | DOCUMENT | {"operation": {"value": "add"}, "usb_device": {"device": 4, "product": "BCM20702A0", "idVendor": 2652, "idProduct": 8678, "bus": 3, "manufacturer": "Broadcom Corp", "path": "/devices/pci0000:00/0000:00:1a.0/usb3/3-1/3-1.4"}}
2015-11-27 13:07:51,930 - monitoring_application - INFO - _TransmitterIdent(['Test'], <function open_method at 0x7f62eaea26a8>, <function read_channel_method at 0x7f62eaea27b8>, <function close_method at 0x7f62eaea2840>)
2015-11-27 13:07:51,931 - monitoring_application - INFO - _TransmitterIdent(['Celsius'], <built-in function open_method>, <built-in function read_channel_method>, <built-in function close_method>)
2015-11-27 13:07:51,931 - monitoring_application - INFO - Request received: 4890494d806a4c6a842470bff6aeedb2 | EDCRA_CLIENT | 0.1 | DOCUMENT | {"operation": {"value": "add"}, "usb_device": {"device": 3, "product": "Biometric Coprocessor", "idVendor": 5246, "idProduct": 8224, "bus": 3, "manufacturer": "Auth", "path": "/devices/pci0000:00/0000:00:1a.0/usb3/3-1/3-1.3"}}
2015-11-27 13:07:51,931 - monitoring_application - INFO - _TransmitterIdent(['Test'], <function open_method at 0x7f62eaea26a8>, <function read_channel_method at 0x7f62eaea27b8>, <function close_method at 0x7f62eaea2840>)
2015-11-27 13:07:51,931 - monitoring_application - INFO - _TransmitterIdent(['Celsius'], <built-in function open_method>, <built-in function read_channel_method>, <built-in function close_method>)
2015-11-27 13:07:51,932 - monitoring_application - INFO - Request received: c7ffeb0d0ef5484299558141f920d11a | EDCRA_CLIENT | 0.1 | DOCUMENT | {"operation": {"value": "add"}, "usb_device": {"device": 2, "product": "Not Specified", "idVendor": 32903, "idProduct": 36, "bus": 3, "manufacturer": "Not Specified", "path": "/devices/pci0000:00/0000:00:1a.0/usb3/3-1"}}
2015-11-27 13:07:51,932 - monitoring_application - INFO - _TransmitterIdent(['Test'], <function open_method at 0x7f62eaea26a8>, <function read_channel_method at 0x7f62eaea27b8>, <function close_method at 0x7f62eaea2840>)
2015-11-27 13:07:51,932 - monitoring_application - INFO - _TransmitterIdent(['Celsius'], <built-in function open_method>, <built-in function read_channel_method>, <built-in function close_method>)
2015-11-27 13:07:51,932 - monitoring_application - INFO - Request received: 8b4d19a5126e436a8300b3ef853653ac | EDCRA_CLIENT | 0.1 | DOCUMENT | {"operation": {"value": "add"}, "usb_device": {"device": 1, "product": "EHCI Host Controller", "idVendor": 7531, "idProduct": 2, "bus": 3, "manufacturer": "Linux 3.19.0-33-generic ehci_hcd", "path": "/devices/pci0000:00/0000:00:1a.0/usb3"}}
2015-11-27 13:07:51,932 - monitoring_application - INFO - _TransmitterIdent(['Test'], <function open_method at 0x7f62eaea26a8>, <function read_channel_method at 0x7f62eaea27b8>, <function close_method at 0x7f62eaea2840>)
2015-11-27 13:07:51,933 - monitoring_application - INFO - _TransmitterIdent(['Celsius'], <built-in function open_method>, <built-in function read_channel_method>, <built-in function close_method>)
2015-11-27 13:07:51,933 - monitoring_application - INFO - Request received: e708e01e214d4d86b9899acc900e02ed | EDCRA_CLIENT | 0.1 | DOCUMENT | {"operation": {"value": "add"}, "usb_device": {"device": 1, "product": "xHCI Host Controller", "idVendor": 7531, "idProduct": 3, "bus": 2, "manufacturer": "Linux 3.19.0-33-generic xhci-hcd", "path": "/devices/pci0000:00/0000:00:14.0/usb2"}}
2015-11-27 13:07:51,933 - monitoring_application - INFO - _TransmitterIdent(['Test'], <function open_method at 0x7f62eaea26a8>, <function read_channel_method at 0x7f62eaea27b8>, <function close_method at 0x7f62eaea2840>)
2015-11-27 13:07:51,934 - monitoring_application - INFO - _TransmitterIdent(['Celsius'], <built-in function open_method>, <built-in function read_channel_method>, <built-in function close_method>)
2015-11-27 13:07:51,934 - monitoring_application - INFO - Request received: 66caf38df46d4ae7a81157cff9a41abe | EDCRA_CLIENT | 0.1 | DOCUMENT | {"operation": {"value": "add"}, "usb_device": {"device": 1, "product": "xHCI Host Controller", "idVendor": 7531, "idProduct": 2, "bus": 1, "manufacturer": "Linux 3.19.0-33-generic xhci-hcd", "path": "/devices/pci0000:00/0000:00:14.0/usb1"}}
2015-11-27 13:07:51,934 - monitoring_application - INFO - _TransmitterIdent(['Test'], <function open_method at 0x7f62eaea26a8>, <function read_channel_method at 0x7f62eaea27b8>, <function close_method at 0x7f62eaea2840>)
2015-11-27 13:07:51,934 - monitoring_application - INFO - _TransmitterIdent(['Celsius'], <built-in function open_method>, <built-in function read_channel_method>, <built-in function close_method>)
2015-11-27 13:07:51,934 - monitoring_application - INFO - Request received: de393d8361f843f8881ed39f09ed77c0 | EDCRA_CLIENT | 0.1 | DOCUMENT | {"operation": {"value": "add"}, "usb_device": {"device": 4, "product": "BCM20702A0", "idVendor": 2652, "idProduct": 8678, "bus": 3, "manufacturer": "Broadcom Corp", "path": "/devices/pci0000:00/0000:00:1a.0/usb3/3-1/3-1.4"}}
2015-11-27 13:07:51,934 - monitoring_application - INFO - _TransmitterIdent(['Test'], <function open_method at 0x7f62eaea26a8>, <function read_channel_method at 0x7f62eaea27b8>, <function close_method at 0x7f62eaea2840>)
2015-11-27 13:07:51,934 - monitoring_application - INFO - _TransmitterIdent(['Celsius'], <built-in function open_method>, <built-in function read_channel_method>, <built-in function close_method>)
2015-11-27 13:07:51,935 - monitoring_application - INFO - Request received: 4890494d806a4c6a842470bff6aeedb2 | EDCRA_CLIENT | 0.1 | DOCUMENT | {"operation": {"value": "add"}, "usb_device": {"device": 3, "product": "Biometric Coprocessor", "idVendor": 5246, "idProduct": 8224, "bus": 3, "manufacturer": "Auth", "path": "/devices/pci0000:00/0000:00:1a.0/usb3/3-1/3-1.3"}}
2015-11-27 13:07:51,935 - monitoring_application - INFO - _TransmitterIdent(['Test'], <function open_method at 0x7f62eaea26a8>, <function read_channel_method at 0x7f62eaea27b8>, <function close_method at 0x7f62eaea2840>)
2015-11-27 13:07:51,935 - monitoring_application - INFO - _TransmitterIdent(['Celsius'], <built-in function open_method>, <built-in function read_channel_method>, <built-in function close_method>)
2015-11-27 13:07:51,935 - monitoring_application - INFO - Request received: c7ffeb0d0ef5484299558141f920d11a | EDCRA_CLIENT | 0.1 | DOCUMENT | {"operation": {"value": "add"}, "usb_device": {"device": 2, "product": "Not Specified", "idVendor": 32903, "idProduct": 36, "bus": 3, "manufacturer": "Not Specified", "path": "/devices/pci0000:00/0000:00:1a.0/usb3/3-1"}}
2015-11-27 13:07:51,935 - monitoring_application - INFO - _TransmitterIdent(['Test'], <function open_method at 0x7f62eaea26a8>, <function read_channel_method at 0x7f62eaea27b8>, <function close_method at 0x7f62eaea2840>)
2015-11-27 13:07:51,935 - monitoring_application - INFO - _TransmitterIdent(['Celsius'], <built-in function open_method>, <built-in function read_channel_method>, <built-in function close_method>)
2015-11-27 13:07:51,935 - monitoring_application - INFO - Request received: 8b4d19a5126e436a8300b3ef853653ac | EDCRA_CLIENT | 0.1 | DOCUMENT | {"operation": {"value": "add"}, "usb_device": {"device": 1, "product": "EHCI Host Controller", "idVendor": 7531, "idProduct": 2, "bus": 3, "manufacturer": "Linux 3.19.0-33-generic ehci_hcd", "path": "/devices/pci0000:00/0000:00:1a.0/usb3"}}
2015-11-27 13:07:51,935 - monitoring_application - INFO - _TransmitterIdent(['Test'], <function open_method at 0x7f62eaea26a8>, <function read_channel_method at 0x7f62eaea27b8>, <function close_method at 0x7f62eaea2840>)
2015-11-27 13:07:51,935 - monitoring_application - INFO - _TransmitterIdent(['Celsius'], <built-in function open_method>, <built-in function read_channel_method>, <built-in function close_method>)
2015-11-27 13:07:51,935 - monitoring_application - INFO - Request received: e708e01e214d4d86b9899acc900e02ed | EDCRA_CLIENT | 0.1 | DOCUMENT | {"operation": {"value": "add"}, "usb_device": {"device": 1, "product": "xHCI Host Controller", "idVendor": 7531, "idProduct": 3, "bus": 2, "manufacturer": "Linux 3.19.0-33-generic xhci-hcd", "path": "/devices/pci0000:00/0000:00:14.0/usb2"}}
2015-11-27 13:07:51,936 - monitoring_application - INFO - _TransmitterIdent(['Test'], <function open_method at 0x7f62eaea26a8>, <function read_channel_method at 0x7f62eaea27b8>, <function close_method at 0x7f62eaea2840>)
2015-11-27 13:07:51,936 - monitoring_application - INFO - _TransmitterIdent(['Celsius'], <built-in function open_method>, <built-in function read_channel_method>, <built-in function close_method>)
2015-11-27 13:07:51,936 - monitoring_application - INFO - Request received: 66caf38df46d4ae7a81157cff9a41abe | EDCRA_CLIENT | 0.1 | DOCUMENT | {"operation": {"value": "add"}, "usb_device": {"device": 1, "product": "xHCI Host Controller", "idVendor": 7531, "idProduct": 2, "bus": 1, "manufacturer": "Linux 3.19.0-33-generic xhci-hcd", "path": "/devices/pci0000:00/0000:00:14.0/usb1"}}
2015-11-27 13:07:51,936 - monitoring_application - INFO - _TransmitterIdent(['Test'], <function open_method at 0x7f62eaea26a8>, <function read_channel_method at 0x7f62eaea27b8>, <function close_method at 0x7f62eaea2840>)
2015-11-27 13:07:51,936 - monitoring_application - INFO - _TransmitterIdent(['Celsius'], <built-in function open_method>, <built-in function read_channel_method>, <built-in function close_method>)
2015-11-27 13:07:51,936 - monitoring_application - INFO - Request received: 4890494d806a4c6a842470bff6aeedb2 | EDCRA_CLIENT | 0.1 | DOCUMENT | {"operation": {"value": "add"}, "usb_device": {"device": 3, "product": "Biometric Coprocessor", "idVendor": 5246, "idProduct": 8224, "bus": 3, "manufacturer": "Auth", "path": "/devices/pci0000:00/0000:00:1a.0/usb3/3-1/3-1.3"}}
2015-11-27 13:07:51,936 - monitoring_application - INFO - _TransmitterIdent(['Test'], <function open_method at 0x7f62eaea26a8>, <function read_channel_method at 0x7f62eaea27b8>, <function close_method at 0x7f62eaea2840>)
2015-11-27 13:07:51,936 - monitoring_application - INFO - _TransmitterIdent(['Celsius'], <built-in function open_method>, <built-in function read_channel_method>, <built-in function close_method>)
2015-11-27 13:07:51,936 - monitoring_application - INFO - Request received: c7ffeb0d0ef5484299558141f920d11a | EDCRA_CLIENT | 0.1 | DOCUMENT | {"operation": {"value": "add"}, "usb_device": {"device": 2, "product": "Not Specified", "idVendor": 32903, "idProduct": 36, "bus": 3, "manufacturer": "Not Specified", "path": "/devices/pci0000:00/0000:00:1a.0/usb3/3-1"}}
2015-11-27 13:07:51,936 - monitoring_application - INFO - _TransmitterIdent(['Test'], <function open_method at 0x7f62eaea26a8>, <function read_channel_method at 0x7f62eaea27b8>, <function close_method at 0x7f62eaea2840>)
2015-11-27 13:07:51,937 - monitoring_application - INFO - _TransmitterIdent(['Celsius'], <built-in function open_method>, <built-in function read_channel_method>, <built-in function close_method>)
2015-11-27 13:07:51,937 - monitoring_application - INFO - Request received: 8b4d19a5126e436a8300b3ef853653ac | EDCRA_CLIENT | 0.1 | DOCUMENT | {"operation": {"value": "add"}, "usb_device": {"device": 1, "product": "EHCI Host Controller", "idVendor": 7531, "idProduct": 2, "bus": 3, "manufacturer": "Linux 3.19.0-33-generic ehci_hcd", "path": "/devices/pci0000:00/0000:00:1a.0/usb3"}}
2015-11-27 13:07:51,937 - monitoring_application - INFO - _TransmitterIdent(['Test'], <function open_method at 0x7f62eaea26a8>, <function read_channel_method at 0x7f62eaea27b8>, <function close_method at 0x7f62eaea2840>)
2015-11-27 13:07:51,937 - monitoring_application - INFO - _TransmitterIdent(['Celsius'], <built-in function open_method>, <built-in function read_channel_method>, <built-in function close_method>)
2015-11-27 13:07:51,937 - monitoring_application - INFO - Request received: e708e01e214d4d86b9899acc900e02ed | EDCRA_CLIENT | 0.1 | DOCUMENT | {"operation": {"value": "add"}, "usb_device": {"device": 1, "product": "xHCI Host Controller", "idVendor": 7531, "idProduct": 3, "bus": 2, "manufacturer": "Linux 3.19.0-33-generic xhci-hcd", "path": "/devices/pci0000:00/0000:00:14.0/usb2"}}
2015-11-27 13:07:51,937 - monitoring_application - INFO - _TransmitterIdent(['Test'], <function open_method at 0x7f62eaea26a8>, <function read_channel_method at 0x7f62eaea27b8>, <function close_method at 0x7f62eaea2840>)
2015-11-27 13:07:51,937 - monitoring_application - INFO - _TransmitterIdent(['Celsius'], <built-in function open_method>, <built-in function read_channel_method>, <built-in function close_method>)
2015-11-27 13:07:51,937 - monitoring_application - INFO - Request received: 66caf38df46d4ae7a81157cff9a41abe | EDCRA_CLIENT | 0.1 | DOCUMENT | {"operation": {"value": "add"}, "usb_device": {"device": 1, "product": "xHCI Host Controller", "idVendor": 7531, "idProduct": 2, "bus": 1, "manufacturer": "Linux 3.19.0-33-generic xhci-hcd", "path": "/devices/pci0000:00/0000:00:14.0/usb1"}}
2015-11-27 13:07:51,937 - monitoring_application - INFO - _TransmitterIdent(['Test'], <function open_method at 0x7f62eaea26a8>, <function read_channel_method at 0x7f62eaea27b8>, <function close_method at 0x7f62eaea2840>)
2015-11-27 13:07:51,937 - monitoring_application - INFO - _TransmitterIdent(['Celsius'], <built-in function open_method>, <built-in function read_channel_method>, <built-in function close_method>)
2015-11-27 13:07:51,938 - monitoring_application - INFO - Request received: c7ffeb0d0ef5484299558141f920d11a | EDCRA_CLIENT | 0.1 | DOCUMENT | {"operation": {"value": "add"}, "usb_device": {"device": 2, "product": "Not Specified", "idVendor": 32903, "idProduct": 36, "bus": 3, "manufacturer": "Not Specified", "path": "/devices/pci0000:00/0000:00:1a.0/usb3/3-1"}}
2015-11-27 13:07:51,938 - monitoring_application - INFO - _TransmitterIdent(['Test'], <function open_method at 0x7f62eaea26a8>, <function read_channel_method at 0x7f62eaea27b8>, <function close_method at 0x7f62eaea2840>)
2015-11-27 13:07:51,938 - monitoring_application - INFO - _TransmitterIdent(['Celsius'], <built-in function open_method>, <built-in function read_channel_method>, <built-in function close_method>)
2015-11-27 13:07:51,938 - monitoring_application - INFO - Request received: 8b4d19a5126e436a8300b3ef853653ac | EDCRA_CLIENT | 0.1 | DOCUMENT | {"operation": {"value": "add"}, "usb_device": {"device": 1, "product": "EHCI Host Controller", "idVendor": 7531, "idProduct": 2, "bus": 3, "manufacturer": "Linux 3.19.0-33-generic ehci_hcd", "path": "/devices/pci0000:00/0000:00:1a.0/usb3"}}
2015-11-27 13:07:51,938 - monitoring_application - INFO - _TransmitterIdent(['Test'], <function open_method at 0x7f62eaea26a8>, <function read_channel_method at 0x7f62eaea27b8>, <function close_method at 0x7f62eaea2840>)
2015-11-27 13:07:51,938 - monitoring_application - INFO - _TransmitterIdent(['Celsius'], <built-in function open_method>, <built-in function read_channel_method>, <built-in function close_method>)
2015-11-27 13:07:51,938 - monitoring_application - INFO - Request received: e708e01e214d4d86b9899acc900e02ed | EDCRA_CLIENT | 0.1 | DOCUMENT | {"operation": {"value": "add"}, "usb_device": {"device": 1, "product": "xHCI Host Controller", "idVendor": 7531, "idProduct": 3, "bus": 2, "manufacturer": "Linux 3.19.0-33-generic xhci-hcd", "path": "/devices/pci0000:00/0000:00:14.0/usb2"}}
2015-11-27 13:07:51,938 - monitoring_application - INFO - _TransmitterIdent(['Test'], <function open_method at 0x7f62eaea26a8>, <function read_channel_method at 0x7f62eaea27b8>, <function close_method at 0x7f62eaea2840>)
2015-11-27 13:07:51,938 - monitoring_application - INFO - _TransmitterIdent(['Celsius'], <built-in function open_method>, <built-in function read_channel_method>, <built-in function close_method>)
2015-11-27 13:07:51,938 - monitoring_application - INFO - Request received: 66caf38df46d4ae7a81157cff9a41abe | EDCRA_CLIENT | 0.1 | DOCUMENT | {"operation": {"value": "add"}, "usb_device": {"device": 1, "product": "xHCI Host Controller", "idVendor": 7531, "idProduct": 2, "bus": 1, "manufacturer": "Linux 3.19.0-33-generic xhci-hcd", "path": "/devices/pci0000:00/0000:00:14.0/usb1"}}
2015-11-27 13:07:51,939 - monitoring_application - INFO - _TransmitterIdent(['Test'], <function open_method at 0x7f62eaea26a8>, <function read_channel_method at 0x7f62eaea27b8>, <function close_method at 0x7f62eaea2840>)
2015-11-27 13:07:51,939 - monitoring_application - INFO - _TransmitterIdent(['Celsius'], <built-in function open_method>, <built-in function read_channel_method>, <built-in function close_method>)
2015-11-27 13:07:51,939 - monitoring_application - INFO - Request received: 8b4d19a5126e436a8300b3ef853653ac | EDCRA_CLIENT | 0.1 | DOCUMENT | {"operation": {"value": "add"}, "usb_device": {"device": 1, "product": "EHCI Host Controller", "idVendor": 7531, "idProduct": 2, "bus": 3, "manufacturer": "Linux 3.19.0-33-generic ehci_hcd", "path": "/devices/pci0000:00/0000:00:1a.0/usb3"}}
2015-11-27 13:07:51,939 - monitoring_application - INFO - _TransmitterIdent(['Test'], <function open_method at 0x7f62eaea26a8>, <function read_channel_method at 0x7f62eaea27b8>, <function close_method at 0x7f62eaea2840>)
2015-11-27 13:07:51,939 - monitoring_application - INFO - _TransmitterIdent(['Celsius'], <built-in function open_method>, <built-in function read_channel_method>, <built-in function close_method>)
2015-11-27 13:07:51,939 - monitoring_application - INFO - Request received: e708e01e214d4d86b9899acc900e02ed | EDCRA_CLIENT | 0.1 | DOCUMENT | {"operation": {"value": "add"}, "usb_device": {"device": 1, "product": "xHCI Host Controller", "idVendor": 7531, "idProduct": 3, "bus": 2, "manufacturer": "Linux 3.19.0-33-generic xhci-hcd", "path": "/devices/pci0000:00/0000:00:14.0/usb2"}}
2015-11-27 13:07:51,939 - monitoring_application - INFO - _TransmitterIdent(['Test'], <function open_method at 0x7f62eaea26a8>, <function read_channel_method at 0x7f62eaea27b8>, <function close_method at 0x7f62eaea2840>)
2015-11-27 13:07:51,939 - monitoring_application - INFO - _TransmitterIdent(['Celsius'], <built-in function open_method>, <built-in function read_channel_method>, <built-in function close_method>)
2015-11-27 13:07:51,939 - monitoring_application - INFO - Request received: 66caf38df46d4ae7a81157cff9a41abe | EDCRA_CLIENT | 0.1 | DOCUMENT | {"operation": {"value": "add"}, "usb_device": {"device": 1, "product": "xHCI Host Controller", "idVendor": 7531, "idProduct": 2, "bus": 1, "manufacturer": "Linux 3.19.0-33-generic xhci-hcd", "path": "/devices/pci0000:00/0000:00:14.0/usb1"}}
2015-11-27 13:07:51,939 - monitoring_application - INFO - _TransmitterIdent(['Test'], <function open_method at 0x7f62eaea26a8>, <function read_channel_method at 0x7f62eaea27b8>, <function close_method at 0x7f62eaea2840>)
2015-11-27 13:07:51,940 - monitoring_application - INFO - _TransmitterIdent(['Celsius'], <built-in function open_method>, <built-in function read_channel_method>, <built-in function close_method>)
2015-11-27 13:07:51,940 - monitoring_application - INFO - Request received: e708e01e214d4d86b9899acc900e02ed | EDCRA_CLIENT | 0.1 | DOCUMENT | {"operation": {"value": "add"}, "usb_device": {"device": 1, "product": "xHCI Host Controller", "idVendor": 7531, "idProduct": 3, "bus": 2, "manufacturer": "Linux 3.19.0-33-generic xhci-hcd", "path": "/devices/pci0000:00/0000:00:14.0/usb2"}}
2015-11-27 13:07:51,940 - monitoring_application - INFO - _TransmitterIdent(['Test'], <function open_method at 0x7f62eaea26a8>, <function read_channel_method at 0x7f62eaea27b8>, <function close_method at 0x7f62eaea2840>)
2015-11-27 13:07:51,940 - monitoring_application - INFO - _TransmitterIdent(['Celsius'], <built-in function open_method>, <built-in function read_channel_method>, <built-in function close_method>)
2015-11-27 13:07:51,940 - monitoring_application - INFO - Request received: 66caf38df46d4ae7a81157cff9a41abe | EDCRA_CLIENT | 0.1 | DOCUMENT | {"operation": {"value": "add"}, "usb_device": {"device": 1, "product": "xHCI Host Controller", "idVendor": 7531, "idProduct": 2, "bus": 1, "manufacturer": "Linux 3.19.0-33-generic xhci-hcd", "path": "/devices/pci0000:00/0000:00:14.0/usb1"}}
2015-11-27 13:07:51,940 - monitoring_application - INFO - _TransmitterIdent(['Test'], <function open_method at 0x7f62eaea26a8>, <function read_channel_method at 0x7f62eaea27b8>, <function close_method at 0x7f62eaea2840>)
2015-11-27 13:07:51,940 - monitoring_application - INFO - _TransmitterIdent(['Celsius'], <built-in function open_method>, <built-in function read_channel_method>, <built-in function close_method>)
2015-11-27 13:07:51,940 - monitoring_application - INFO - Request received: 66caf38df46d4ae7a81157cff9a41abe | EDCRA_CLIENT | 0.1 | DOCUMENT | {"operation": {"value": "add"}, "usb_device": {"device": 1, "product": "xHCI Host Controller", "idVendor": 7531, "idProduct": 2, "bus": 1, "manufacturer": "Linux 3.19.0-33-generic xhci-hcd", "path": "/devices/pci0000:00/0000:00:14.0/usb1"}}
2015-11-27 13:07:51,940 - monitoring_application - INFO - _TransmitterIdent(['Test'], <function open_method at 0x7f62eaea26a8>, <function read_channel_method at 0x7f62eaea27b8>, <function close_method at 0x7f62eaea2840>)
2015-11-27 13:07:51,940 - monitoring_application - INFO - _TransmitterIdent(['Celsius'], <built-in function open_method>, <built-in function read_channel_method>, <built-in function close_method>)
2015-11-27 13:08:30,145 - monitoring_application - INFO - Transmitter Application Controller stopping
2015-11-27 13:08:30,146 - monitoring_application - INFO - USB Port Controller stopping
2015-11-27 13:09:58,299 - monitoring_application - INFO - USB Port Controller starting
2015-11-27 13:09:58,300 - monitoring_application - INFO - Transmitter Application Controller starting
2015-11-27 13:09:58,485 - monitoring_application - INFO - Request received: d83b49eb08934ae5a4337c2be7e601c1 | EDCRA_CLIENT | 0.1 | DOCUMENT | {"operation": {"value": "add"}, "usb_device": {"idVendor": 32903, "product": "Not Specified", "idProduct": 36, "manufacturer": "Not Specified", "device": 2, "bus": 4, "path": "/devices/pci0000:00/0000:00:1d.0/usb4/4-1"}}
2015-11-27 13:09:58,485 - monitoring_application - INFO - Request received: f0fae50a7d8940d18df1fe5fddb71bee | EDCRA_CLIENT | 0.1 | DOCUMENT | {"operation": {"value": "add"}, "usb_device": {"idVendor": 7531, "product": "EHCI Host Controller", "idProduct": 2, "manufacturer": "Linux 3.19.0-33-generic ehci_hcd", "device": 1, "bus": 4, "path": "/devices/pci0000:00/0000:00:1d.0/usb4"}}
2015-11-27 13:09:58,486 - monitoring_application - INFO - Request received: c1e6124a59ba46abbd68a676b0fa3efe | EDCRA_CLIENT | 0.1 | DOCUMENT | {"operation": {"value": "add"}, "usb_device": {"idVendor": 22918, "product": "Integrated Camera", "idProduct": 722, "manufacturer": "Ricoh Company Ltd.", "device": 5, "bus": 3, "path": "/devices/pci0000:00/0000:00:1a.0/usb3/3-1/3-1.6"}}
2015-11-27 13:09:58,486 - monitoring_application - INFO - Request received: d7200400e7bc43d2b2ecc8df588f470a | EDCRA_CLIENT | 0.1 | DOCUMENT | {"operation": {"value": "add"}, "usb_device": {"idVendor": 2652, "product": "BCM20702A0", "idProduct": 8678, "manufacturer": "Broadcom Corp", "device": 4, "bus": 3, "path": "/devices/pci0000:00/0000:00:1a.0/usb3/3-1/3-1.4"}}
2015-11-27 13:09:58,486 - monitoring_application - INFO - Request received: 4bfd9e62da5149a9bf5ada0eefeeff7e | EDCRA_CLIENT | 0.1 | DOCUMENT | {"operation": {"value": "add"}, "usb_device": {"idVendor": 5246, "product": "Biometric Coprocessor", "idProduct": 8224, "manufacturer": "Auth", "device": 3, "bus": 3, "path": "/devices/pci0000:00/0000:00:1a.0/usb3/3-1/3-1.3"}}
2015-11-27 13:09:58,486 - monitoring_application - INFO - Request received: 5db23fbb81a9495ab40b7a1692fb4119 | EDCRA_CLIENT | 0.1 | DOCUMENT | {"operation": {"value": "add"}, "usb_device": {"idVendor": 32903, "product": "Not Specified", "idProduct": 36, "manufacturer": "Not Specified", "device": 2, "bus": 3, "path": "/devices/pci0000:00/0000:00:1a.0/usb3/3-1"}}
2015-11-27 13:09:58,486 - monitoring_application - INFO - Request received: 5cd860ce7df546bc84c123b9439f233f | EDCRA_CLIENT | 0.1 | DOCUMENT | {"operation": {"value": "add"}, "usb_device": {"idVendor": 7531, "product": "EHCI Host Controller", "idProduct": 2, "manufacturer": "Linux 3.19.0-33-generic ehci_hcd", "device": 1, "bus": 3, "path": "/devices/pci0000:00/0000:00:1a.0/usb3"}}
2015-11-27 13:09:58,487 - monitoring_application - INFO - Request received: ea28afba39a44b8896a24732b96176d7 | EDCRA_CLIENT | 0.1 | DOCUMENT | {"operation": {"value": "add"}, "usb_device": {"idVendor": 7531, "product": "xHCI Host Controller", "idProduct": 3, "manufacturer": "Linux 3.19.0-33-generic xhci-hcd", "device": 1, "bus": 2, "path": "/devices/pci0000:00/0000:00:14.0/usb2"}}
2015-11-27 13:09:58,487 - monitoring_application - INFO - Request received: 5aa1ccd5b7444790a3a04c483b12bebe | EDCRA_CLIENT | 0.1 | DOCUMENT | {"operation": {"value": "add"}, "usb_device": {"idVendor": 7531, "product": "xHCI Host Controller", "idProduct": 2, "manufacturer": "Linux 3.19.0-33-generic xhci-hcd", "device": 1, "bus": 1, "path": "/devices/pci0000:00/0000:00:14.0/usb1"}}
2015-11-27 13:09:58,487 - monitoring_application - INFO - Request received: f0fae50a7d8940d18df1fe5fddb71bee | EDCRA_CLIENT | 0.1 | DOCUMENT | {"operation": {"value": "add"}, "usb_device": {"idVendor": 7531, "product": "EHCI Host Controller", "idProduct": 2, "manufacturer": "Linux 3.19.0-33-generic ehci_hcd", "device": 1, "bus": 4, "path": "/devices/pci0000:00/0000:00:1d.0/usb4"}}
2015-11-27 13:09:58,487 - monitoring_application - INFO - Request received: c1e6124a59ba46abbd68a676b0fa3efe | EDCRA_CLIENT | 0.1 | DOCUMENT | {"operation": {"value": "add"}, "usb_device": {"idVendor": 22918, "product": "Integrated Camera", "idProduct": 722, "manufacturer": "Ricoh Company Ltd.", "device": 5, "bus": 3, "path": "/devices/pci0000:00/0000:00:1a.0/usb3/3-1/3-1.6"}}
2015-11-27 13:09:58,487 - monitoring_application - INFO - Request received: d7200400e7bc43d2b2ecc8df588f470a | EDCRA_CLIENT | 0.1 | DOCUMENT | {"operation": {"value": "add"}, "usb_device": {"idVendor": 2652, "product": "BCM20702A0", "idProduct": 8678, "manufacturer": "Broadcom Corp", "device": 4, "bus": 3, "path": "/devices/pci0000:00/0000:00:1a.0/usb3/3-1/3-1.4"}}
2015-11-27 13:09:58,487 - monitoring_application - INFO - Request received: 4bfd9e62da5149a9bf5ada0eefeeff7e | EDCRA_CLIENT | 0.1 | DOCUMENT | {"operation": {"value": "add"}, "usb_device": {"idVendor": 5246, "product": "Biometric Coprocessor", "idProduct": 8224, "manufacturer": "Auth", "device": 3, "bus": 3, "path": "/devices/pci0000:00/0000:00:1a.0/usb3/3-1/3-1.3"}}
2015-11-27 13:09:58,487 - monitoring_application - INFO - Request received: 5db23fbb81a9495ab40b7a1692fb4119 | EDCRA_CLIENT | 0.1 | DOCUMENT | {"operation": {"value": "add"}, "usb_device": {"idVendor": 32903, "product": "Not Specified", "idProduct": 36, "manufacturer": "Not Specified", "device": 2, "bus": 3, "path": "/devices/pci0000:00/0000:00:1a.0/usb3/3-1"}}
2015-11-27 13:09:58,488 - monitoring_application - INFO - Request received: 5cd860ce7df546bc84c123b9439f233f | EDCRA_CLIENT | 0.1 | DOCUMENT | {"operation": {"value": "add"}, "usb_device": {"idVendor": 7531, "product": "EHCI Host Controller", "idProduct": 2, "manufacturer": "Linux 3.19.0-33-generic ehci_hcd", "device": 1, "bus": 3, "path": "/devices/pci0000:00/0000:00:1a.0/usb3"}}
2015-11-27 13:09:58,488 - monitoring_application - INFO - Request received: ea28afba39a44b8896a24732b96176d7 | EDCRA_CLIENT | 0.1 | DOCUMENT | {"operation": {"value": "add"}, "usb_device": {"idVendor": 7531, "product": "xHCI Host Controller", "idProduct": 3, "manufacturer": "Linux 3.19.0-33-generic xhci-hcd", "device": 1, "bus": 2, "path": "/devices/pci0000:00/0000:00:14.0/usb2"}}
2015-11-27 13:09:58,489 - monitoring_application - INFO - Request received: 5aa1ccd5b7444790a3a04c483b12bebe | EDCRA_CLIENT | 0.1 | DOCUMENT | {"operation": {"value": "add"}, "usb_device": {"idVendor": 7531, "product": "xHCI Host Controller", "idProduct": 2, "manufacturer": "Linux 3.19.0-33-generic xhci-hcd", "device": 1, "bus": 1, "path": "/devices/pci0000:00/0000:00:14.0/usb1"}}
2015-11-27 13:09:58,489 - monitoring_application - INFO - Request received: c1e6124a59ba46abbd68a676b0fa3efe | EDCRA_CLIENT | 0.1 | DOCUMENT | {"operation": {"value": "add"}, "usb_device": {"idVendor": 22918, "product": "Integrated Camera", "idProduct": 722, "manufacturer": "Ricoh Company Ltd.", "device": 5, "bus": 3, "path": "/devices/pci0000:00/0000:00:1a.0/usb3/3-1/3-1.6"}}
2015-11-27 13:09:58,489 - monitoring_application - INFO - Request received: d7200400e7bc43d2b2ecc8df588f470a | EDCRA_CLIENT | 0.1 | DOCUMENT | {"operation": {"value": "add"}, "usb_device": {"idVendor": 2652, "product": "BCM20702A0", "idProduct": 8678, "manufacturer": "Broadcom Corp", "device": 4, "bus": 3, "path": "/devices/pci0000:00/0000:00:1a.0/usb3/3-1/3-1.4"}}
2015-11-27 13:09:58,490 - monitoring_application - INFO - Request received: 4bfd9e62da5149a9bf5ada0eefeeff7e | EDCRA_CLIENT | 0.1 | DOCUMENT | {"operation": {"value": "add"}, "usb_device": {"idVendor": 5246, "product": "Biometric Coprocessor", "idProduct": 8224, "manufacturer": "Auth", "device": 3, "bus": 3, "path": "/devices/pci0000:00/0000:00:1a.0/usb3/3-1/3-1.3"}}
2015-11-27 13:09:58,490 - monitoring_application - INFO - Request received: 5db23fbb81a9495ab40b7a1692fb4119 | EDCRA_CLIENT | 0.1 | DOCUMENT | {"operation": {"value": "add"}, "usb_device": {"idVendor": 32903, "product": "Not Specified", "idProduct": 36, "manufacturer": "Not Specified", "device": 2, "bus": 3, "path": "/devices/pci0000:00/0000:00:1a.0/usb3/3-1"}}
2015-11-27 13:09:58,490 - monitoring_application - INFO - Request received: 5cd860ce7df546bc84c123b9439f233f | EDCRA_CLIENT | 0.1 | DOCUMENT | {"operation": {"value": "add"}, "usb_device": {"idVendor": 7531, "product": "EHCI Host Controller", "idProduct": 2, "manufacturer": "Linux 3.19.0-33-generic ehci_hcd", "device": 1, "bus": 3, "path": "/devices/pci0000:00/0000:00:1a.0/usb3"}}
2015-11-27 13:09:58,491 - monitoring_application - INFO - Request received: ea28afba39a44b8896a24732b96176d7 | EDCRA_CLIENT | 0.1 | DOCUMENT | {"operation": {"value": "add"}, "usb_device": {"idVendor": 7531, "product": "xHCI Host Controller", "idProduct": 3, "manufacturer": "Linux 3.19.0-33-generic xhci-hcd", "device": 1, "bus": 2, "path": "/devices/pci0000:00/0000:00:14.0/usb2"}}
2015-11-27 13:09:58,491 - monitoring_application - INFO - Request received: 5aa1ccd5b7444790a3a04c483b12bebe | EDCRA_CLIENT | 0.1 | DOCUMENT | {"operation": {"value": "add"}, "usb_device": {"idVendor": 7531, "product": "xHCI Host Controller", "idProduct": 2, "manufacturer": "Linux 3.19.0-33-generic xhci-hcd", "device": 1, "bus": 1, "path": "/devices/pci0000:00/0000:00:14.0/usb1"}}
2015-11-27 13:09:58,491 - monitoring_application - INFO - Request received: d7200400e7bc43d2b2ecc8df588f470a | EDCRA_CLIENT | 0.1 | DOCUMENT | {"operation": {"value": "add"}, "usb_device": {"idVendor": 2652, "product": "BCM20702A0", "idProduct": 8678, "manufacturer": "Broadcom Corp", "device": 4, "bus": 3, "path": "/devices/pci0000:00/0000:00:1a.0/usb3/3-1/3-1.4"}}
2015-11-27 13:09:58,492 - monitoring_application - INFO - Request received: 4bfd9e62da5149a9bf5ada0eefeeff7e | EDCRA_CLIENT | 0.1 | DOCUMENT | {"operation": {"value": "add"}, "usb_device": {"idVendor": 5246, "product": "Biometric Coprocessor", "idProduct": 8224, "manufacturer": "Auth", "device": 3, "bus": 3, "path": "/devices/pci0000:00/0000:00:1a.0/usb3/3-1/3-1.3"}}
2015-11-27 13:09:58,492 - monitoring_application - INFO - Request received: 5db23fbb81a9495ab40b7a1692fb4119 | EDCRA_CLIENT | 0.1 | DOCUMENT | {"operation": {"value": "add"}, "usb_device": {"idVendor": 32903, "product": "Not Specified", "idProduct": 36, "manufacturer": "Not Specified", "device": 2, "bus": 3, "path": "/devices/pci0000:00/0000:00:1a.0/usb3/3-1"}}
2015-11-27 13:09:58,492 - monitoring_application - INFO - Request received: 5cd860ce7df546bc84c123b9439f233f | EDCRA_CLIENT | 0.1 | DOCUMENT | {"operation": {"value": "add"}, "usb_device": {"idVendor": 7531, "product": "EHCI Host Controller", "idProduct": 2, "manufacturer": "Linux 3.19.0-33-generic ehci_hcd", "device": 1, "bus": 3, "path": "/devices/pci0000:00/0000:00:1a.0/usb3"}}
2015-11-27 13:09:58,493 - monitoring_application - INFO - Request received: ea28afba39a44b8896a24732b96176d7 | EDCRA_CLIENT | 0.1 | DOCUMENT | {"operation": {"value": "add"}, "usb_device": {"idVendor": 7531, "product": "xHCI Host Controller", "idProduct": 3, "manufacturer": "Linux 3.19.0-33-generic xhci-hcd", "device": 1, "bus": 2, "path": "/devices/pci0000:00/0000:00:14.0/usb2"}}
2015-11-27 13:09:58,493 - monitoring_application - INFO - Request received: 5aa1ccd5b7444790a3a04c483b12bebe | EDCRA_CLIENT | 0.1 | DOCUMENT | {"operation": {"value": "add"}, "usb_device": {"idVendor": 7531, "product": "xHCI Host Controller", "idProduct": 2, "manufacturer": "Linux 3.19.0-33-generic xhci-hcd", "device": 1, "bus": 1, "path": "/devices/pci0000:00/0000:00:14.0/usb1"}}
2015-11-27 13:09:58,493 - monitoring_application - INFO - Request received: 4bfd9e62da5149a9bf5ada0eefeeff7e | EDCRA_CLIENT | 0.1 | DOCUMENT | {"operation": {"value": "add"}, "usb_device": {"idVendor": 5246, "product": "Biometric Coprocessor", "idProduct": 8224, "manufacturer": "Auth", "device": 3, "bus": 3, "path": "/devices/pci0000:00/0000:00:1a.0/usb3/3-1/3-1.3"}}
2015-11-27 13:09:58,494 - monitoring_application - INFO - Request received: 5db23fbb81a9495ab40b7a1692fb4119 | EDCRA_CLIENT | 0.1 | DOCUMENT | {"operation": {"value": "add"}, "usb_device": {"idVendor": 32903, "product": "Not Specified", "idProduct": 36, "manufacturer": "Not Specified", "device": 2, "bus": 3, "path": "/devices/pci0000:00/0000:00:1a.0/usb3/3-1"}}
2015-11-27 13:09:58,494 - monitoring_application - INFO - Request received: 5cd860ce7df546bc84c123b9439f233f | EDCRA_CLIENT | 0.1 | DOCUMENT | {"operation": {"value": "add"}, "usb_device": {"idVendor": 7531, "product": "EHCI Host Controller", "idProduct": 2, "manufacturer": "Linux 3.19.0-33-generic ehci_hcd", "device": 1, "bus": 3, "path": "/devices/pci0000:00/0000:00:1a.0/usb3"}}
2015-11-27 13:09:58,495 - monitoring_application - INFO - Request received: ea28afba39a44b8896a24732b96176d7 | EDCRA_CLIENT | 0.1 | DOCUMENT | {"operation": {"value": "add"}, "usb_device": {"idVendor": 7531, "product": "xHCI Host Controller", "idProduct": 3, "manufacturer": "Linux 3.19.0-33-generic xhci-hcd", "device": 1, "bus": 2, "path": "/devices/pci0000:00/0000:00:14.0/usb2"}}
2015-11-27 13:09:58,495 - monitoring_application - INFO - Request received: 5aa1ccd5b7444790a3a04c483b12bebe | EDCRA_CLIENT | 0.1 | DOCUMENT | {"operation": {"value": "add"}, "usb_device": {"idVendor": 7531, "product": "xHCI Host Controller", "idProduct": 2, "manufacturer": "Linux 3.19.0-33-generic xhci-hcd", "device": 1, "bus": 1, "path": "/devices/pci0000:00/0000:00:14.0/usb1"}}
2015-11-27 13:09:58,495 - monitoring_application - INFO - Request received: 5db23fbb81a9495ab40b7a1692fb4119 | EDCRA_CLIENT | 0.1 | DOCUMENT | {"operation": {"value": "add"}, "usb_device": {"idVendor": 32903, "product": "Not Specified", "idProduct": 36, "manufacturer": "Not Specified", "device": 2, "bus": 3, "path": "/devices/pci0000:00/0000:00:1a.0/usb3/3-1"}}
2015-11-27 13:09:58,496 - monitoring_application - INFO - Request received: 5cd860ce7df546bc84c123b9439f233f | EDCRA_CLIENT | 0.1 | DOCUMENT | {"operation": {"value": "add"}, "usb_device": {"idVendor": 7531, "product": "EHCI Host Controller", "idProduct": 2, "manufacturer": "Linux 3.19.0-33-generic ehci_hcd", "device": 1, "bus": 3, "path": "/devices/pci0000:00/0000:00:1a.0/usb3"}}
2015-11-27 13:09:58,496 - monitoring_application - INFO - Request received: ea28afba39a44b8896a24732b96176d7 | EDCRA_CLIENT | 0.1 | DOCUMENT | {"operation": {"value": "add"}, "usb_device": {"idVendor": 7531, "product": "xHCI Host Controller", "idProduct": 3, "manufacturer": "Linux 3.19.0-33-generic xhci-hcd", "device": 1, "bus": 2, "path": "/devices/pci0000:00/0000:00:14.0/usb2"}}
2015-11-27 13:09:58,496 - monitoring_application - INFO - Request received: 5aa1ccd5b7444790a3a04c483b12bebe | EDCRA_CLIENT | 0.1 | DOCUMENT | {"operation": {"value": "add"}, "usb_device": {"idVendor": 7531, "product": "xHCI Host Controller", "idProduct": 2, "manufacturer": "Linux 3.19.0-33-generic xhci-hcd", "device": 1, "bus": 1, "path": "/devices/pci0000:00/0000:00:14.0/usb1"}}
2015-11-27 13:09:58,497 - monitoring_application - INFO - Request received: 5cd860ce7df546bc84c123b9439f233f | EDCRA_CLIENT | 0.1 | DOCUMENT | {"operation": {"value": "add"}, "usb_device": {"idVendor": 7531, "product": "EHCI Host Controller", "idProduct": 2, "manufacturer": "Linux 3.19.0-33-generic ehci_hcd", "device": 1, "bus": 3, "path": "/devices/pci0000:00/0000:00:1a.0/usb3"}}
2015-11-27 13:09:58,497 - monitoring_application - INFO - Request received: ea28afba39a44b8896a24732b96176d7 | EDCRA_CLIENT | 0.1 | DOCUMENT | {"operation": {"value": "add"}, "usb_device": {"idVendor": 7531, "product": "xHCI Host Controller", "idProduct": 3, "manufacturer": "Linux 3.19.0-33-generic xhci-hcd", "device": 1, "bus": 2, "path": "/devices/pci0000:00/0000:00:14.0/usb2"}}
2015-11-27 13:09:58,497 - monitoring_application - INFO - Request received: 5aa1ccd5b7444790a3a04c483b12bebe | EDCRA_CLIENT | 0.1 | DOCUMENT | {"operation": {"value": "add"}, "usb_device": {"idVendor": 7531, "product": "xHCI Host Controller", "idProduct": 2, "manufacturer": "Linux 3.19.0-33-generic xhci-hcd", "device": 1, "bus": 1, "path": "/devices/pci0000:00/0000:00:14.0/usb1"}}
2015-11-27 13:09:58,498 - monitoring_application - INFO - Request received: ea28afba39a44b8896a24732b96176d7 | EDCRA_CLIENT | 0.1 | DOCUMENT | {"operation": {"value": "add"}, "usb_device": {"idVendor": 7531, "product": "xHCI Host Controller", "idProduct": 3, "manufacturer": "Linux 3.19.0-33-generic xhci-hcd", "device": 1, "bus": 2, "path": "/devices/pci0000:00/0000:00:14.0/usb2"}}
2015-11-27 13:09:58,498 - monitoring_application - INFO - Request received: 5aa1ccd5b7444790a3a04c483b12bebe | EDCRA_CLIENT | 0.1 | DOCUMENT | {"operation": {"value": "add"}, "usb_device": {"idVendor": 7531, "product": "xHCI Host Controller", "idProduct": 2, "manufacturer": "Linux 3.19.0-33-generic xhci-hcd", "device": 1, "bus": 1, "path": "/devices/pci0000:00/0000:00:14.0/usb1"}}
2015-11-27 13:09:58,498 - monitoring_application - INFO - Request received: 5aa1ccd5b7444790a3a04c483b12bebe | EDCRA_CLIENT | 0.1 | DOCUMENT | {"operation": {"value": "add"}, "usb_device": {"idVendor": 7531, "product": "xHCI Host Controller", "idProduct": 2, "manufacturer": "Linux 3.19.0-33-generic xhci-hcd", "device": 1, "bus": 1, "path": "/devices/pci0000:00/0000:00:14.0/usb1"}}
2015-11-27 13:18:52,590 - monitoring_application - INFO - Transmitter Application Controller stopping
2015-11-27 13:18:52,592 - monitoring_application - INFO - USB Port Controller stopping
