2015-11-06 14:09:53,517 - monitoring_application - INFO - USB Port Controller starting
2015-11-06 14:09:53,518 - monitoring_application - INFO - Transmitter Application Controller starting
2015-11-06 14:09:53,546 - monitoring_application - INFO - Environment Application Controller starting
2015-11-06 14:09:53,558 - monitoring_application - INFO - Environment controller starting with Environment(id=1, name=Chest Freezer, serial=6, properties=[QuantitativeProperty(id=1, type=Temperature, channel_bus=3, channel_address=7, channel_number=1, recording_frequency=15, expectation=Expectation(id=1, units=Celsius, low=-90.0, high=-80.0))])
2015-11-06 14:09:53,559 - monitoring_application - INFO - Environment controller starting with Environment(id=2, name=Chest Freezer, serial=5, properties=[QuantitativeProperty(id=2, type=Temperature, channel_bus=3, channel_address=8, channel_number=1, recording_frequency=15, expectation=Expectation(id=1, units=Celsius, low=-90.0, high=-80.0))])
2015-11-06 14:09:53,562 - monitoring_application - INFO - Quantitative Property Controller starting with QuantitativeProperty(id=1, type=Temperature, channel_bus=3, channel_address=7, channel_number=1, recording_frequency=15, expectation=Expectation(id=1, units=Celsius, low=-90.0, high=-80.0))
2015-11-06 14:09:53,564 - monitoring_application - INFO - Environment controller starting with Environment(id=3, name=Chest Freezer, serial=12, properties=[QuantitativeProperty(id=3, type=Temperature, channel_bus=1, channel_address=7, channel_number=1, recording_frequency=15, expectation=Expectation(id=1, units=Celsius, low=-90.0, high=-80.0))])
2015-11-06 14:09:53,564 - monitoring_application - INFO - Quantitative Property Controller starting with QuantitativeProperty(id=2, type=Temperature, channel_bus=3, channel_address=8, channel_number=1, recording_frequency=15, expectation=Expectation(id=1, units=Celsius, low=-90.0, high=-80.0))
2015-11-06 14:09:53,567 - monitoring_application - INFO - Quantitative Property Controller starting with QuantitativeProperty(id=3, type=Temperature, channel_bus=1, channel_address=7, channel_number=1, recording_frequency=15, expectation=Expectation(id=1, units=Celsius, low=-90.0, high=-80.0))
2015-11-06 14:09:53,704 - monitoring_application - INFO - Processing usb operation with USB device: UsbDevice(path=/devices/pci0000:00/0000:00:1d.0/usb4/4-1, bus=4, device=2, idVendor=0x8087, idProduct=0x0024, manufacturer=Not Specified, product=Not Specified) and operation: 'add'
2015-11-06 14:09:53,705 - monitoring_application - INFO - _TransmitterIdent(['Test'], <function open_method at 0x7f1e0ba38950>, <function read_channel_method at 0x7f1e0ba38a60>, <function close_method at 0x7f1e0ba38ae8>)
2015-11-06 14:09:53,705 - monitoring_application - INFO - _TransmitterIdent(['Celsius'], <built-in function open_method>, <built-in function read_channel_method>, <built-in function close_method>)
2015-11-06 14:09:53,705 - monitoring_application - INFO - UsbDevice(path=/devices/pci0000:00/0000:00:1d.0/usb4/4-1, bus=4, device=2, idVendor=0x8087, idProduct=0x0024, manufacturer=Not Specified, product=Not Specified) is not a recognized transmitter on this system.
2015-11-06 14:09:53,706 - monitoring_application - INFO - Processing usb operation with USB device: UsbDevice(path=/devices/pci0000:00/0000:00:1d.0/usb4, bus=4, device=1, idVendor=0x1d6b, idProduct=0x0002, manufacturer=Linux 3.19.0-31-generic ehci_hcd, product=EHCI Host Controller) and operation: 'add'
2015-11-06 14:09:53,706 - monitoring_application - INFO - _TransmitterIdent(['Test'], <function open_method at 0x7f1e0ba38950>, <function read_channel_method at 0x7f1e0ba38a60>, <function close_method at 0x7f1e0ba38ae8>)
2015-11-06 14:09:53,706 - monitoring_application - INFO - _TransmitterIdent(['Celsius'], <built-in function open_method>, <built-in function read_channel_method>, <built-in function close_method>)
2015-11-06 14:09:53,706 - monitoring_application - INFO - UsbDevice(path=/devices/pci0000:00/0000:00:1d.0/usb4, bus=4, device=1, idVendor=0x1d6b, idProduct=0x0002, manufacturer=Linux 3.19.0-31-generic ehci_hcd, product=EHCI Host Controller) is not a recognized transmitter on this system.
2015-11-06 14:09:53,706 - monitoring_application - INFO - Processing usb operation with USB device: UsbDevice(path=/devices/pci0000:00/0000:00:1a.0/usb3/3-1/3-1.6, bus=3, device=4, idVendor=0x5986, idProduct=0x02d2, manufacturer=Ricoh Company Ltd., product=Integrated Camera) and operation: 'add'
2015-11-06 14:09:53,707 - monitoring_application - INFO - _TransmitterIdent(['Test'], <function open_method at 0x7f1e0ba38950>, <function read_channel_method at 0x7f1e0ba38a60>, <function close_method at 0x7f1e0ba38ae8>)
2015-11-06 14:09:53,707 - monitoring_application - INFO - _TransmitterIdent(['Celsius'], <built-in function open_method>, <built-in function read_channel_method>, <built-in function close_method>)
2015-11-06 14:09:53,707 - monitoring_application - INFO - UsbDevice(path=/devices/pci0000:00/0000:00:1a.0/usb3/3-1/3-1.6, bus=3, device=4, idVendor=0x5986, idProduct=0x02d2, manufacturer=Ricoh Company Ltd., product=Integrated Camera) is not a recognized transmitter on this system.
2015-11-06 14:09:53,707 - monitoring_application - INFO - Processing usb operation with USB device: UsbDevice(path=/devices/pci0000:00/0000:00:1a.0/usb3/3-1/3-1.3, bus=3, device=3, idVendor=0x147e, idProduct=0x2020, manufacturer=Auth, product=Biometric Coprocessor) and operation: 'add'
2015-11-06 14:09:53,707 - monitoring_application - INFO - _TransmitterIdent(['Test'], <function open_method at 0x7f1e0ba38950>, <function read_channel_method at 0x7f1e0ba38a60>, <function close_method at 0x7f1e0ba38ae8>)
2015-11-06 14:09:53,707 - monitoring_application - INFO - _TransmitterIdent(['Celsius'], <built-in function open_method>, <built-in function read_channel_method>, <built-in function close_method>)
2015-11-06 14:09:53,707 - monitoring_application - INFO - UsbDevice(path=/devices/pci0000:00/0000:00:1a.0/usb3/3-1/3-1.3, bus=3, device=3, idVendor=0x147e, idProduct=0x2020, manufacturer=Auth, product=Biometric Coprocessor) is not a recognized transmitter on this system.
2015-11-06 14:09:53,708 - monitoring_application - INFO - Processing usb operation with USB device: UsbDevice(path=/devices/pci0000:00/0000:00:1a.0/usb3/3-1, bus=3, device=2, idVendor=0x8087, idProduct=0x0024, manufacturer=Not Specified, product=Not Specified) and operation: 'add'
2015-11-06 14:09:53,708 - monitoring_application - INFO - _TransmitterIdent(['Test'], <function open_method at 0x7f1e0ba38950>, <function read_channel_method at 0x7f1e0ba38a60>, <function close_method at 0x7f1e0ba38ae8>)
2015-11-06 14:09:53,708 - monitoring_application - INFO - _TransmitterIdent(['Celsius'], <built-in function open_method>, <built-in function read_channel_method>, <built-in function close_method>)
2015-11-06 14:09:53,708 - monitoring_application - INFO - UsbDevice(path=/devices/pci0000:00/0000:00:1a.0/usb3/3-1, bus=3, device=2, idVendor=0x8087, idProduct=0x0024, manufacturer=Not Specified, product=Not Specified) is not a recognized transmitter on this system.
2015-11-06 14:09:53,709 - monitoring_application - INFO - Processing usb operation with USB device: UsbDevice(path=/devices/pci0000:00/0000:00:1a.0/usb3, bus=3, device=1, idVendor=0x1d6b, idProduct=0x0002, manufacturer=Linux 3.19.0-31-generic ehci_hcd, product=EHCI Host Controller) and operation: 'add'
2015-11-06 14:09:53,709 - monitoring_application - INFO - _TransmitterIdent(['Test'], <function open_method at 0x7f1e0ba38950>, <function read_channel_method at 0x7f1e0ba38a60>, <function close_method at 0x7f1e0ba38ae8>)
2015-11-06 14:09:53,709 - monitoring_application - INFO - _TransmitterIdent(['Celsius'], <built-in function open_method>, <built-in function read_channel_method>, <built-in function close_method>)
2015-11-06 14:09:53,709 - monitoring_application - INFO - UsbDevice(path=/devices/pci0000:00/0000:00:1a.0/usb3, bus=3, device=1, idVendor=0x1d6b, idProduct=0x0002, manufacturer=Linux 3.19.0-31-generic ehci_hcd, product=EHCI Host Controller) is not a recognized transmitter on this system.
2015-11-06 14:09:53,709 - monitoring_application - INFO - Processing usb operation with USB device: UsbDevice(path=/devices/pci0000:00/0000:00:14.0/usb2, bus=2, device=1, idVendor=0x1d6b, idProduct=0x0003, manufacturer=Linux 3.19.0-31-generic xhci-hcd, product=xHCI Host Controller) and operation: 'add'
2015-11-06 14:09:53,709 - monitoring_application - INFO - _TransmitterIdent(['Test'], <function open_method at 0x7f1e0ba38950>, <function read_channel_method at 0x7f1e0ba38a60>, <function close_method at 0x7f1e0ba38ae8>)
2015-11-06 14:09:53,710 - monitoring_application - INFO - _TransmitterIdent(['Celsius'], <built-in function open_method>, <built-in function read_channel_method>, <built-in function close_method>)
2015-11-06 14:09:53,710 - monitoring_application - INFO - UsbDevice(path=/devices/pci0000:00/0000:00:14.0/usb2, bus=2, device=1, idVendor=0x1d6b, idProduct=0x0003, manufacturer=Linux 3.19.0-31-generic xhci-hcd, product=xHCI Host Controller) is not a recognized transmitter on this system.
2015-11-06 14:09:53,710 - monitoring_application - INFO - Processing usb operation with USB device: UsbDevice(path=/devices/pci0000:00/0000:00:14.0/usb1, bus=1, device=1, idVendor=0x1d6b, idProduct=0x0002, manufacturer=Linux 3.19.0-31-generic xhci-hcd, product=xHCI Host Controller) and operation: 'add'
2015-11-06 14:09:53,710 - monitoring_application - INFO - _TransmitterIdent(['Test'], <function open_method at 0x7f1e0ba38950>, <function read_channel_method at 0x7f1e0ba38a60>, <function close_method at 0x7f1e0ba38ae8>)
2015-11-06 14:09:53,710 - monitoring_application - INFO - _TransmitterIdent(['Celsius'], <built-in function open_method>, <built-in function read_channel_method>, <built-in function close_method>)
2015-11-06 14:09:53,710 - monitoring_application - INFO - UsbDevice(path=/devices/pci0000:00/0000:00:14.0/usb1, bus=1, device=1, idVendor=0x1d6b, idProduct=0x0002, manufacturer=Linux 3.19.0-31-generic xhci-hcd, product=xHCI Host Controller) is not a recognized transmitter on this system.
2015-11-06 14:16:15,124 - monitoring_application - INFO - Transmitter Application Controller stopping
2015-11-06 14:16:15,127 - monitoring_application - INFO - USB Port Controller stopping
2015-11-06 14:16:15,127 - monitoring_application - INFO - Waiting for app with QuantitativeProperty(id=2, type=Temperature, channel_bus=3, channel_address=8, channel_number=1, recording_frequency=15, expectation=Expectation(id=1, units=Celsius, low=-90.0, high=-80.0)) to terminate...
2015-11-06 14:16:15,128 - monitoring_application - INFO - Quantitative Property Controller stopping
2015-11-06 14:16:15,129 - monitoring_application - INFO - Waiting for app with QuantitativeProperty(id=1, type=Temperature, channel_bus=3, channel_address=7, channel_number=1, recording_frequency=15, expectation=Expectation(id=1, units=Celsius, low=-90.0, high=-80.0)) to terminate...
2015-11-06 14:16:15,131 - monitoring_application - INFO - Quantitative Property Controller stopping
2015-11-06 14:16:15,131 - monitoring_application - INFO - Quantitative Property Controller stopping
2015-11-06 14:16:15,131 - monitoring_application - INFO - Waiting for app with QuantitativeProperty(id=3, type=Temperature, channel_bus=1, channel_address=7, channel_number=1, recording_frequency=15, expectation=Expectation(id=1, units=Celsius, low=-90.0, high=-80.0)) to terminate...
2015-11-06 14:16:15,132 - monitoring_application - INFO - Waiting for app with Environment(id=1, name=Chest Freezer, serial=6, properties=[QuantitativeProperty(id=1, type=Temperature, channel_bus=3, channel_address=7, channel_number=1, recording_frequency=15, expectation=Expectation(id=1, units=Celsius, low=-90.0, high=-80.0))]) to terminate...
2015-11-06 14:16:15,181 - monitoring_application - INFO - Environment controller stopping
2015-11-06 14:16:15,182 - monitoring_application - INFO - Environment controller stopping
2015-11-06 14:16:15,185 - monitoring_application - INFO - Environment controller stopping
2015-11-06 14:16:15,196 - monitoring_application - INFO - Waiting for app with Environment(id=2, name=Chest Freezer, serial=5, properties=[QuantitativeProperty(id=2, type=Temperature, channel_bus=3, channel_address=8, channel_number=1, recording_frequency=15, expectation=Expectation(id=1, units=Celsius, low=-90.0, high=-80.0))]) to terminate...
2015-11-06 14:16:15,198 - monitoring_application - INFO - Waiting for app with Environment(id=3, name=Chest Freezer, serial=12, properties=[QuantitativeProperty(id=3, type=Temperature, channel_bus=1, channel_address=7, channel_number=1, recording_frequency=15, expectation=Expectation(id=1, units=Celsius, low=-90.0, high=-80.0))]) to terminate...
2015-11-06 14:16:15,198 - monitoring_application - INFO - Environment application controller stopping
2015-11-06 14:28:23,089 - monitoring_application - INFO - USB Port Controller starting
2015-11-06 14:28:23,090 - monitoring_application - INFO - Transmitter Application Controller starting
2015-11-06 14:28:23,115 - monitoring_application - INFO - Environment Application Controller starting
2015-11-06 14:28:23,126 - monitoring_application - INFO - Environment controller starting with Environment(id=1, name=Chest Freezer, serial=6, properties=[QuantitativeProperty(id=1, type=Temperature, channel_bus=3, channel_address=7, channel_number=1, recording_frequency=15, expectation=Expectation(id=1, units=Celsius, low=-90.0, high=-80.0))])
2015-11-06 14:28:23,129 - monitoring_application - INFO - Quantitative Property Controller starting with QuantitativeProperty(id=1, type=Temperature, channel_bus=3, channel_address=7, channel_number=1, recording_frequency=15, expectation=Expectation(id=1, units=Celsius, low=-90.0, high=-80.0))
2015-11-06 14:28:23,131 - monitoring_application - INFO - Environment controller starting with Environment(id=2, name=Chest Freezer, serial=5, properties=[QuantitativeProperty(id=2, type=Temperature, channel_bus=3, channel_address=8, channel_number=1, recording_frequency=15, expectation=Expectation(id=1, units=Celsius, low=-90.0, high=-80.0))])
2015-11-06 14:28:23,133 - monitoring_application - INFO - Environment controller starting with Environment(id=3, name=Chest Freezer, serial=12, properties=[QuantitativeProperty(id=3, type=Temperature, channel_bus=1, channel_address=7, channel_number=1, recording_frequency=15, expectation=Expectation(id=1, units=Celsius, low=-90.0, high=-80.0))])
2015-11-06 14:28:23,133 - monitoring_application - INFO - Quantitative Property Controller starting with QuantitativeProperty(id=2, type=Temperature, channel_bus=3, channel_address=8, channel_number=1, recording_frequency=15, expectation=Expectation(id=1, units=Celsius, low=-90.0, high=-80.0))
2015-11-06 14:28:23,136 - monitoring_application - INFO - Quantitative Property Controller starting with QuantitativeProperty(id=3, type=Temperature, channel_bus=1, channel_address=7, channel_number=1, recording_frequency=15, expectation=Expectation(id=1, units=Celsius, low=-90.0, high=-80.0))
2015-11-06 14:28:23,277 - monitoring_application - INFO - Processing usb operation with USB device: UsbDevice(path=/devices/pci0000:00/0000:00:1d.0/usb4/4-1, bus=4, device=2, idVendor=0x8087, idProduct=0x0024, manufacturer=Not Specified, product=Not Specified) and operation: 'add'
2015-11-06 14:28:23,277 - monitoring_application - INFO - _TransmitterIdent(['Test'], <function open_method at 0x7ffa990e3950>, <function read_channel_method at 0x7ffa990e3a60>, <function close_method at 0x7ffa990e3ae8>)
2015-11-06 14:28:23,277 - monitoring_application - INFO - _TransmitterIdent(['Celsius'], <built-in function open_method>, <built-in function read_channel_method>, <built-in function close_method>)
2015-11-06 14:28:23,277 - monitoring_application - INFO - UsbDevice(path=/devices/pci0000:00/0000:00:1d.0/usb4/4-1, bus=4, device=2, idVendor=0x8087, idProduct=0x0024, manufacturer=Not Specified, product=Not Specified) is not a recognized transmitter on this system.
2015-11-06 14:28:23,278 - monitoring_application - INFO - Processing usb operation with USB device: UsbDevice(path=/devices/pci0000:00/0000:00:1d.0/usb4, bus=4, device=1, idVendor=0x1d6b, idProduct=0x0002, manufacturer=Linux 3.19.0-31-generic ehci_hcd, product=EHCI Host Controller) and operation: 'add'
2015-11-06 14:28:23,278 - monitoring_application - INFO - _TransmitterIdent(['Test'], <function open_method at 0x7ffa990e3950>, <function read_channel_method at 0x7ffa990e3a60>, <function close_method at 0x7ffa990e3ae8>)
2015-11-06 14:28:23,278 - monitoring_application - INFO - _TransmitterIdent(['Celsius'], <built-in function open_method>, <built-in function read_channel_method>, <built-in function close_method>)
2015-11-06 14:28:23,278 - monitoring_application - INFO - UsbDevice(path=/devices/pci0000:00/0000:00:1d.0/usb4, bus=4, device=1, idVendor=0x1d6b, idProduct=0x0002, manufacturer=Linux 3.19.0-31-generic ehci_hcd, product=EHCI Host Controller) is not a recognized transmitter on this system.
2015-11-06 14:28:23,279 - monitoring_application - INFO - Processing usb operation with USB device: UsbDevice(path=/devices/pci0000:00/0000:00:1a.0/usb3/3-1/3-1.6, bus=3, device=4, idVendor=0x5986, idProduct=0x02d2, manufacturer=Ricoh Company Ltd., product=Integrated Camera) and operation: 'add'
2015-11-06 14:28:23,279 - monitoring_application - INFO - _TransmitterIdent(['Test'], <function open_method at 0x7ffa990e3950>, <function read_channel_method at 0x7ffa990e3a60>, <function close_method at 0x7ffa990e3ae8>)
2015-11-06 14:28:23,279 - monitoring_application - INFO - _TransmitterIdent(['Celsius'], <built-in function open_method>, <built-in function read_channel_method>, <built-in function close_method>)
2015-11-06 14:28:23,279 - monitoring_application - INFO - UsbDevice(path=/devices/pci0000:00/0000:00:1a.0/usb3/3-1/3-1.6, bus=3, device=4, idVendor=0x5986, idProduct=0x02d2, manufacturer=Ricoh Company Ltd., product=Integrated Camera) is not a recognized transmitter on this system.
2015-11-06 14:28:23,280 - monitoring_application - INFO - Processing usb operation with USB device: UsbDevice(path=/devices/pci0000:00/0000:00:1a.0/usb3/3-1/3-1.3, bus=3, device=3, idVendor=0x147e, idProduct=0x2020, manufacturer=Auth, product=Biometric Coprocessor) and operation: 'add'
2015-11-06 14:28:23,280 - monitoring_application - INFO - _TransmitterIdent(['Test'], <function open_method at 0x7ffa990e3950>, <function read_channel_method at 0x7ffa990e3a60>, <function close_method at 0x7ffa990e3ae8>)
2015-11-06 14:28:23,280 - monitoring_application - INFO - _TransmitterIdent(['Celsius'], <built-in function open_method>, <built-in function read_channel_method>, <built-in function close_method>)
2015-11-06 14:28:23,280 - monitoring_application - INFO - UsbDevice(path=/devices/pci0000:00/0000:00:1a.0/usb3/3-1/3-1.3, bus=3, device=3, idVendor=0x147e, idProduct=0x2020, manufacturer=Auth, product=Biometric Coprocessor) is not a recognized transmitter on this system.
2015-11-06 14:28:23,280 - monitoring_application - INFO - Processing usb operation with USB device: UsbDevice(path=/devices/pci0000:00/0000:00:1a.0/usb3/3-1, bus=3, device=2, idVendor=0x8087, idProduct=0x0024, manufacturer=Not Specified, product=Not Specified) and operation: 'add'
2015-11-06 14:28:23,280 - monitoring_application - INFO - _TransmitterIdent(['Test'], <function open_method at 0x7ffa990e3950>, <function read_channel_method at 0x7ffa990e3a60>, <function close_method at 0x7ffa990e3ae8>)
2015-11-06 14:28:23,280 - monitoring_application - INFO - _TransmitterIdent(['Celsius'], <built-in function open_method>, <built-in function read_channel_method>, <built-in function close_method>)
2015-11-06 14:28:23,280 - monitoring_application - INFO - UsbDevice(path=/devices/pci0000:00/0000:00:1a.0/usb3/3-1, bus=3, device=2, idVendor=0x8087, idProduct=0x0024, manufacturer=Not Specified, product=Not Specified) is not a recognized transmitter on this system.
2015-11-06 14:28:23,281 - monitoring_application - INFO - Processing usb operation with USB device: UsbDevice(path=/devices/pci0000:00/0000:00:1a.0/usb3, bus=3, device=1, idVendor=0x1d6b, idProduct=0x0002, manufacturer=Linux 3.19.0-31-generic ehci_hcd, product=EHCI Host Controller) and operation: 'add'
2015-11-06 14:28:23,281 - monitoring_application - INFO - _TransmitterIdent(['Test'], <function open_method at 0x7ffa990e3950>, <function read_channel_method at 0x7ffa990e3a60>, <function close_method at 0x7ffa990e3ae8>)
2015-11-06 14:28:23,281 - monitoring_application - INFO - _TransmitterIdent(['Celsius'], <built-in function open_method>, <built-in function read_channel_method>, <built-in function close_method>)
2015-11-06 14:28:23,281 - monitoring_application - INFO - UsbDevice(path=/devices/pci0000:00/0000:00:1a.0/usb3, bus=3, device=1, idVendor=0x1d6b, idProduct=0x0002, manufacturer=Linux 3.19.0-31-generic ehci_hcd, product=EHCI Host Controller) is not a recognized transmitter on this system.
2015-11-06 14:28:23,281 - monitoring_application - INFO - Processing usb operation with USB device: UsbDevice(path=/devices/pci0000:00/0000:00:14.0/usb2, bus=2, device=1, idVendor=0x1d6b, idProduct=0x0003, manufacturer=Linux 3.19.0-31-generic xhci-hcd, product=xHCI Host Controller) and operation: 'add'
2015-11-06 14:28:23,281 - monitoring_application - INFO - _TransmitterIdent(['Test'], <function open_method at 0x7ffa990e3950>, <function read_channel_method at 0x7ffa990e3a60>, <function close_method at 0x7ffa990e3ae8>)
2015-11-06 14:28:23,282 - monitoring_application - INFO - _TransmitterIdent(['Celsius'], <built-in function open_method>, <built-in function read_channel_method>, <built-in function close_method>)
2015-11-06 14:28:23,282 - monitoring_application - INFO - UsbDevice(path=/devices/pci0000:00/0000:00:14.0/usb2, bus=2, device=1, idVendor=0x1d6b, idProduct=0x0003, manufacturer=Linux 3.19.0-31-generic xhci-hcd, product=xHCI Host Controller) is not a recognized transmitter on this system.
2015-11-06 14:28:23,282 - monitoring_application - INFO - Processing usb operation with USB device: UsbDevice(path=/devices/pci0000:00/0000:00:14.0/usb1, bus=1, device=1, idVendor=0x1d6b, idProduct=0x0002, manufacturer=Linux 3.19.0-31-generic xhci-hcd, product=xHCI Host Controller) and operation: 'add'
2015-11-06 14:28:23,282 - monitoring_application - INFO - _TransmitterIdent(['Test'], <function open_method at 0x7ffa990e3950>, <function read_channel_method at 0x7ffa990e3a60>, <function close_method at 0x7ffa990e3ae8>)
2015-11-06 14:28:23,282 - monitoring_application - INFO - _TransmitterIdent(['Celsius'], <built-in function open_method>, <built-in function read_channel_method>, <built-in function close_method>)
2015-11-06 14:28:23,282 - monitoring_application - INFO - UsbDevice(path=/devices/pci0000:00/0000:00:14.0/usb1, bus=1, device=1, idVendor=0x1d6b, idProduct=0x0002, manufacturer=Linux 3.19.0-31-generic xhci-hcd, product=xHCI Host Controller) is not a recognized transmitter on this system.
2015-11-06 14:28:24,645 - monitoring_application - INFO - USB Port Controller stopping
2015-11-06 14:28:24,646 - monitoring_application - INFO - Quantitative Property Controller stopping
2015-11-06 14:28:24,646 - monitoring_application - INFO - Waiting for app with QuantitativeProperty(id=1, type=Temperature, channel_bus=3, channel_address=7, channel_number=1, recording_frequency=15, expectation=Expectation(id=1, units=Celsius, low=-90.0, high=-80.0)) to terminate...
2015-11-06 14:28:24,648 - monitoring_application - INFO - Waiting for app with QuantitativeProperty(id=2, type=Temperature, channel_bus=3, channel_address=8, channel_number=1, recording_frequency=15, expectation=Expectation(id=1, units=Celsius, low=-90.0, high=-80.0)) to terminate...
2015-11-06 14:28:24,649 - monitoring_application - INFO - Quantitative Property Controller stopping
2015-11-06 14:28:24,649 - monitoring_application - INFO - Quantitative Property Controller stopping
2015-11-06 14:28:24,650 - monitoring_application - INFO - Waiting for app with QuantitativeProperty(id=3, type=Temperature, channel_bus=1, channel_address=7, channel_number=1, recording_frequency=15, expectation=Expectation(id=1, units=Celsius, low=-90.0, high=-80.0)) to terminate...
2015-11-06 14:28:24,656 - monitoring_application - INFO - Transmitter Application Controller stopping
2015-11-06 14:28:24,688 - monitoring_application - INFO - Waiting for app with Environment(id=1, name=Chest Freezer, serial=6, properties=[QuantitativeProperty(id=1, type=Temperature, channel_bus=3, channel_address=7, channel_number=1, recording_frequency=15, expectation=Expectation(id=1, units=Celsius, low=-90.0, high=-80.0))]) to terminate...
2015-11-06 14:28:24,692 - monitoring_application - INFO - Environment controller stopping
2015-11-06 14:28:24,699 - monitoring_application - INFO - Environment controller stopping
2015-11-06 14:28:24,706 - monitoring_application - INFO - Environment controller stopping
2015-11-06 14:28:24,720 - monitoring_application - INFO - Waiting for app with Environment(id=2, name=Chest Freezer, serial=5, properties=[QuantitativeProperty(id=2, type=Temperature, channel_bus=3, channel_address=8, channel_number=1, recording_frequency=15, expectation=Expectation(id=1, units=Celsius, low=-90.0, high=-80.0))]) to terminate...
2015-11-06 14:28:24,723 - monitoring_application - INFO - Waiting for app with Environment(id=3, name=Chest Freezer, serial=12, properties=[QuantitativeProperty(id=3, type=Temperature, channel_bus=1, channel_address=7, channel_number=1, recording_frequency=15, expectation=Expectation(id=1, units=Celsius, low=-90.0, high=-80.0))]) to terminate...
2015-11-06 14:28:24,723 - monitoring_application - INFO - Environment application controller stopping
