2015-10-23 12:49:25,390 - monitoring_application - INFO - Transmitter Application Controller starting
2015-10-23 12:49:25,391 - monitoring_application - INFO - Usb Port Controller starting
2015-10-23 12:50:55,744 - monitoring_application - INFO - Transmitter Application Controller stopping
2015-10-23 12:51:01,428 - monitoring_application - INFO - USB Port Controller stopping
2015-10-23 12:51:04,592 - monitoring_application - INFO - Transmitter Application Controller stopping
2015-10-23 12:53:37,143 - monitoring_application - INFO - Transmitter Application Controller stopping
2015-10-23 12:56:24,997 - monitoring_application - INFO - Transmitter Application Controller starting
2015-10-23 12:56:24,997 - monitoring_application - INFO - Usb Port Controller starting
2015-10-23 12:57:05,103 - monitoring_application - INFO - Transmitter cache contents:
2015-10-23 12:57:05,103 - monitoring_application - INFO - ---------------------------
2015-10-23 12:57:05,104 - monitoring_application - INFO - _TransmitterIdent(['Test'], <function open_method at 0x7fa27a94de18>, <function read_channel_method at 0x7fa27a94df28>, <function close_method at 0x7fa27a6cf048>)
2015-10-23 12:57:05,104 - monitoring_application - INFO - _TransmitterIdent(['Celsius'], <built-in function open_method>, <built-in function read_channel_method>, <built-in function close_method>)
2015-10-23 12:57:05,104 - monitoring_application - INFO - ---------------------------
2015-10-23 12:57:10,121 - monitoring_application - INFO - Transmitter cache contents:
2015-10-23 12:57:10,121 - monitoring_application - INFO - ---------------------------
2015-10-23 12:57:10,121 - monitoring_application - INFO - _TransmitterIdent(['Test'], <function open_method at 0x7fa27a94de18>, <function read_channel_method at 0x7fa27a94df28>, <function close_method at 0x7fa27a6cf048>)
2015-10-23 12:57:10,122 - monitoring_application - INFO - _TransmitterIdent(['Celsius'], <built-in function open_method>, <built-in function read_channel_method>, <built-in function close_method>)
2015-10-23 12:57:10,122 - monitoring_application - INFO - ---------------------------
2015-10-23 12:57:10,122 - monitoring_application - INFO - Transmitter controller application started using Transmitter(num_channels=1, channel_units=['Test'])
2015-10-23 12:57:11,126 - monitoring_application - INFO - {"port": [1], "bus": 1, "read_method": {}, "units": "Test", "channel_number": 1, "device_handle": {"value": 0.04385512985095463}, "current_state_value": 0.04385512985095463, "last_update_time": "2015-10-23T12:57:11.126012"}
2015-10-23 12:57:12,127 - monitoring_application - INFO - {"port": [1], "bus": 1, "read_method": {}, "units": "Test", "channel_number": 1, "device_handle": {"value": 0.04385512985095463}, "current_state_value": 0.04385512985095463, "last_update_time": "2015-10-23T12:57:12.127518"}
2015-10-23 12:57:13,128 - monitoring_application - INFO - {"port": [1], "bus": 1, "read_method": {}, "units": "Test", "channel_number": 1, "device_handle": {"value": 0.04385512985095463}, "current_state_value": 0.04385512985095463, "last_update_time": "2015-10-23T12:57:13.128796"}
2015-10-23 12:57:14,130 - monitoring_application - INFO - {"port": [1], "bus": 1, "read_method": {}, "units": "Test", "channel_number": 1, "device_handle": {"value": 0.04385512985095463}, "current_state_value": 0.04385512985095463, "last_update_time": "2015-10-23T12:57:14.130070"}
2015-10-23 12:57:15,131 - monitoring_application - INFO - {"port": [1], "bus": 1, "read_method": {}, "units": "Test", "channel_number": 1, "device_handle": {"value": 0.04385512985095463}, "current_state_value": 0.04385512985095463, "last_update_time": "2015-10-23T12:57:15.131345"}
2015-10-23 12:57:16,132 - monitoring_application - INFO - {"port": [1], "bus": 1, "read_method": {}, "units": "Test", "channel_number": 1, "device_handle": {"value": 0.04385512985095463}, "current_state_value": 0.04385512985095463, "last_update_time": "2015-10-23T12:57:16.132611"}
2015-10-23 12:57:17,133 - monitoring_application - INFO - {"port": [1], "bus": 1, "read_method": {}, "units": "Test", "channel_number": 1, "device_handle": {"value": 0.04385512985095463}, "current_state_value": 0.04385512985095463, "last_update_time": "2015-10-23T12:57:17.133881"}
2015-10-23 12:57:18,135 - monitoring_application - INFO - {"port": [1], "bus": 1, "read_method": {}, "units": "Test", "channel_number": 1, "device_handle": {"value": 0.04385512985095463}, "current_state_value": 0.04385512985095463, "last_update_time": "2015-10-23T12:57:18.135158"}
2015-10-23 12:57:19,136 - monitoring_application - INFO - {"port": [1], "bus": 1, "read_method": {}, "units": "Test", "channel_number": 1, "device_handle": {"value": 0.04385512985095463}, "current_state_value": 0.04385512985095463, "last_update_time": "2015-10-23T12:57:19.136419"}
2015-10-23 12:57:20,137 - monitoring_application - INFO - {"port": [1], "bus": 1, "read_method": {}, "units": "Test", "channel_number": 1, "device_handle": {"value": 0.04385512985095463}, "current_state_value": 0.04385512985095463, "last_update_time": "2015-10-23T12:57:20.137683"}
2015-10-23 12:57:21,139 - monitoring_application - INFO - {"port": [1], "bus": 1, "read_method": {}, "units": "Test", "channel_number": 1, "device_handle": {"value": 0.04385512985095463}, "current_state_value": 0.04385512985095463, "last_update_time": "2015-10-23T12:57:21.138964"}
2015-10-23 12:57:22,140 - monitoring_application - INFO - {"port": [1], "bus": 1, "read_method": {}, "units": "Test", "channel_number": 1, "device_handle": {"value": 0.04385512985095463}, "current_state_value": 0.04385512985095463, "last_update_time": "2015-10-23T12:57:22.140230"}
2015-10-23 12:57:23,141 - monitoring_application - INFO - {"port": [1], "bus": 1, "read_method": {}, "units": "Test", "channel_number": 1, "device_handle": {"value": 0.04385512985095463}, "current_state_value": 0.04385512985095463, "last_update_time": "2015-10-23T12:57:23.141497"}
2015-10-23 12:57:24,142 - monitoring_application - INFO - {"port": [1], "bus": 1, "read_method": {}, "units": "Test", "channel_number": 1, "device_handle": {"value": 0.04385512985095463}, "current_state_value": 0.04385512985095463, "last_update_time": "2015-10-23T12:57:24.142760"}
2015-10-23 12:57:25,144 - monitoring_application - INFO - {"port": [1], "bus": 1, "read_method": {}, "units": "Test", "channel_number": 1, "device_handle": {"value": 0.04385512985095463}, "current_state_value": 0.04385512985095463, "last_update_time": "2015-10-23T12:57:25.144020"}
2015-10-23 12:57:26,145 - monitoring_application - INFO - {"port": [1], "bus": 1, "read_method": {}, "units": "Test", "channel_number": 1, "device_handle": {"value": 0.04385512985095463}, "current_state_value": 0.04385512985095463, "last_update_time": "2015-10-23T12:57:26.145283"}
2015-10-23 12:57:27,145 - monitoring_application - INFO - {"port": [1], "bus": 1, "read_method": {}, "units": "Test", "channel_number": 1, "device_handle": {"value": 0.04385512985095463}, "current_state_value": 0.04385512985095463, "last_update_time": "2015-10-23T12:57:27.145743"}
2015-10-23 12:57:28,147 - monitoring_application - INFO - {"port": [1], "bus": 1, "read_method": {}, "units": "Test", "channel_number": 1, "device_handle": {"value": 0.04385512985095463}, "current_state_value": 0.04385512985095463, "last_update_time": "2015-10-23T12:57:28.147003"}
2015-10-23 12:57:29,148 - monitoring_application - INFO - {"port": [1], "bus": 1, "read_method": {}, "units": "Test", "channel_number": 1, "device_handle": {"value": 0.04385512985095463}, "current_state_value": 0.04385512985095463, "last_update_time": "2015-10-23T12:57:29.148264"}
2015-10-23 12:57:30,149 - monitoring_application - INFO - {"port": [1], "bus": 1, "read_method": {}, "units": "Test", "channel_number": 1, "device_handle": {"value": 0.04385512985095463}, "current_state_value": 0.04385512985095463, "last_update_time": "2015-10-23T12:57:30.149515"}
2015-10-23 12:57:31,150 - monitoring_application - INFO - {"port": [1], "bus": 1, "read_method": {}, "units": "Test", "channel_number": 1, "device_handle": {"value": 0.04385512985095463}, "current_state_value": 0.04385512985095463, "last_update_time": "2015-10-23T12:57:31.150791"}
2015-10-23 12:57:32,152 - monitoring_application - INFO - {"port": [1], "bus": 1, "read_method": {}, "units": "Test", "channel_number": 1, "device_handle": {"value": 0.04385512985095463}, "current_state_value": 0.04385512985095463, "last_update_time": "2015-10-23T12:57:32.152106"}
2015-10-23 12:57:33,153 - monitoring_application - INFO - {"port": [1], "bus": 1, "read_method": {}, "units": "Test", "channel_number": 1, "device_handle": {"value": 0.04385512985095463}, "current_state_value": 0.04385512985095463, "last_update_time": "2015-10-23T12:57:33.153370"}
2015-10-23 12:57:34,154 - monitoring_application - INFO - {"port": [1], "bus": 1, "read_method": {}, "units": "Test", "channel_number": 1, "device_handle": {"value": 0.04385512985095463}, "current_state_value": 0.04385512985095463, "last_update_time": "2015-10-23T12:57:34.154637"}
2015-10-23 12:57:35,156 - monitoring_application - INFO - {"port": [1], "bus": 1, "read_method": {}, "units": "Test", "channel_number": 1, "device_handle": {"value": 0.04385512985095463}, "current_state_value": 0.04385512985095463, "last_update_time": "2015-10-23T12:57:35.155905"}
2015-10-23 12:57:36,157 - monitoring_application - INFO - {"port": [1], "bus": 1, "read_method": {}, "units": "Test", "channel_number": 1, "device_handle": {"value": 0.04385512985095463}, "current_state_value": 0.04385512985095463, "last_update_time": "2015-10-23T12:57:36.157166"}
2015-10-23 12:57:37,158 - monitoring_application - INFO - {"port": [1], "bus": 1, "read_method": {}, "units": "Test", "channel_number": 1, "device_handle": {"value": 0.04385512985095463}, "current_state_value": 0.04385512985095463, "last_update_time": "2015-10-23T12:57:37.158446"}
2015-10-23 12:57:38,159 - monitoring_application - INFO - {"port": [1], "bus": 1, "read_method": {}, "units": "Test", "channel_number": 1, "device_handle": {"value": 0.04385512985095463}, "current_state_value": 0.04385512985095463, "last_update_time": "2015-10-23T12:57:38.159714"}
2015-10-23 12:57:39,161 - monitoring_application - INFO - {"port": [1], "bus": 1, "read_method": {}, "units": "Test", "channel_number": 1, "device_handle": {"value": 0.04385512985095463}, "current_state_value": 0.04385512985095463, "last_update_time": "2015-10-23T12:57:39.160979"}
2015-10-23 12:57:40,162 - monitoring_application - INFO - {"port": [1], "bus": 1, "read_method": {}, "units": "Test", "channel_number": 1, "device_handle": {"value": 0.04385512985095463}, "current_state_value": 0.04385512985095463, "last_update_time": "2015-10-23T12:57:40.162271"}
2015-10-23 12:57:41,163 - monitoring_application - INFO - {"port": [1], "bus": 1, "read_method": {}, "units": "Test", "channel_number": 1, "device_handle": {"value": 0.04385512985095463}, "current_state_value": 0.04385512985095463, "last_update_time": "2015-10-23T12:57:41.163187"}
2015-10-23 12:57:42,164 - monitoring_application - INFO - {"port": [1], "bus": 1, "read_method": {}, "units": "Test", "channel_number": 1, "device_handle": {"value": 0.04385512985095463}, "current_state_value": 0.04385512985095463, "last_update_time": "2015-10-23T12:57:42.164513"}
2015-10-23 12:57:43,165 - monitoring_application - INFO - {"port": [1], "bus": 1, "read_method": {}, "units": "Test", "channel_number": 1, "device_handle": {"value": 0.04385512985095463}, "current_state_value": 0.04385512985095463, "last_update_time": "2015-10-23T12:57:43.165783"}
2015-10-23 12:57:44,167 - monitoring_application - INFO - {"port": [1], "bus": 1, "read_method": {}, "units": "Test", "channel_number": 1, "device_handle": {"value": 0.04385512985095463}, "current_state_value": 0.04385512985095463, "last_update_time": "2015-10-23T12:57:44.167051"}
2015-10-23 12:57:45,168 - monitoring_application - INFO - {"port": [1], "bus": 1, "read_method": {}, "units": "Test", "channel_number": 1, "device_handle": {"value": 0.04385512985095463}, "current_state_value": 0.04385512985095463, "last_update_time": "2015-10-23T12:57:45.168317"}
2015-10-23 12:57:46,169 - monitoring_application - INFO - {"port": [1], "bus": 1, "read_method": {}, "units": "Test", "channel_number": 1, "device_handle": {"value": 0.04385512985095463}, "current_state_value": 0.04385512985095463, "last_update_time": "2015-10-23T12:57:46.169583"}
2015-10-23 12:57:47,170 - monitoring_application - INFO - {"port": [1], "bus": 1, "read_method": {}, "units": "Test", "channel_number": 1, "device_handle": {"value": 0.04385512985095463}, "current_state_value": 0.04385512985095463, "last_update_time": "2015-10-23T12:57:47.170873"}
2015-10-23 12:57:48,172 - monitoring_application - INFO - {"port": [1], "bus": 1, "read_method": {}, "units": "Test", "channel_number": 1, "device_handle": {"value": 0.04385512985095463}, "current_state_value": 0.04385512985095463, "last_update_time": "2015-10-23T12:57:48.172146"}
2015-10-23 12:57:49,173 - monitoring_application - INFO - {"port": [1], "bus": 1, "read_method": {}, "units": "Test", "channel_number": 1, "device_handle": {"value": 0.04385512985095463}, "current_state_value": 0.04385512985095463, "last_update_time": "2015-10-23T12:57:49.173416"}
2015-10-23 12:57:50,174 - monitoring_application - INFO - {"port": [1], "bus": 1, "read_method": {}, "units": "Test", "channel_number": 1, "device_handle": {"value": 0.04385512985095463}, "current_state_value": 0.04385512985095463, "last_update_time": "2015-10-23T12:57:50.174690"}
2015-10-23 12:57:51,176 - monitoring_application - INFO - {"port": [1], "bus": 1, "read_method": {}, "units": "Test", "channel_number": 1, "device_handle": {"value": 0.04385512985095463}, "current_state_value": 0.04385512985095463, "last_update_time": "2015-10-23T12:57:51.175969"}
2015-10-23 12:57:52,177 - monitoring_application - INFO - {"port": [1], "bus": 1, "read_method": {}, "units": "Test", "channel_number": 1, "device_handle": {"value": 0.04385512985095463}, "current_state_value": 0.04385512985095463, "last_update_time": "2015-10-23T12:57:52.177231"}
2015-10-23 12:57:53,178 - monitoring_application - INFO - {"port": [1], "bus": 1, "read_method": {}, "units": "Test", "channel_number": 1, "device_handle": {"value": 0.04385512985095463}, "current_state_value": 0.04385512985095463, "last_update_time": "2015-10-23T12:57:53.178498"}
2015-10-23 12:57:54,179 - monitoring_application - INFO - {"port": [1], "bus": 1, "read_method": {}, "units": "Test", "channel_number": 1, "device_handle": {"value": 0.04385512985095463}, "current_state_value": 0.04385512985095463, "last_update_time": "2015-10-23T12:57:54.179762"}
2015-10-23 12:57:55,181 - monitoring_application - INFO - {"port": [1], "bus": 1, "read_method": {}, "units": "Test", "channel_number": 1, "device_handle": {"value": 0.04385512985095463}, "current_state_value": 0.04385512985095463, "last_update_time": "2015-10-23T12:57:55.181032"}
2015-10-23 12:57:56,182 - monitoring_application - INFO - {"port": [1], "bus": 1, "read_method": {}, "units": "Test", "channel_number": 1, "device_handle": {"value": 0.04385512985095463}, "current_state_value": 0.04385512985095463, "last_update_time": "2015-10-23T12:57:56.182304"}
2015-10-23 12:57:57,183 - monitoring_application - INFO - {"port": [1], "bus": 1, "read_method": {}, "units": "Test", "channel_number": 1, "device_handle": {"value": 0.04385512985095463}, "current_state_value": 0.04385512985095463, "last_update_time": "2015-10-23T12:57:57.183576"}
2015-10-23 12:57:58,184 - monitoring_application - INFO - {"port": [1], "bus": 1, "read_method": {}, "units": "Test", "channel_number": 1, "device_handle": {"value": 0.04385512985095463}, "current_state_value": 0.04385512985095463, "last_update_time": "2015-10-23T12:57:58.184845"}
2015-10-23 12:57:59,186 - monitoring_application - INFO - {"port": [1], "bus": 1, "read_method": {}, "units": "Test", "channel_number": 1, "device_handle": {"value": 0.04385512985095463}, "current_state_value": 0.04385512985095463, "last_update_time": "2015-10-23T12:57:59.186115"}
2015-10-23 12:58:00,187 - monitoring_application - INFO - {"port": [1], "bus": 1, "read_method": {}, "units": "Test", "channel_number": 1, "device_handle": {"value": 0.04385512985095463}, "current_state_value": 0.04385512985095463, "last_update_time": "2015-10-23T12:58:00.187385"}
2015-10-23 12:58:01,188 - monitoring_application - INFO - {"port": [1], "bus": 1, "read_method": {}, "units": "Test", "channel_number": 1, "device_handle": {"value": 0.04385512985095463}, "current_state_value": 0.04385512985095463, "last_update_time": "2015-10-23T12:58:01.188655"}
2015-10-23 12:58:02,190 - monitoring_application - INFO - {"port": [1], "bus": 1, "read_method": {}, "units": "Test", "channel_number": 1, "device_handle": {"value": 0.04385512985095463}, "current_state_value": 0.04385512985095463, "last_update_time": "2015-10-23T12:58:02.189934"}
2015-10-23 12:58:03,191 - monitoring_application - INFO - {"port": [1], "bus": 1, "read_method": {}, "units": "Test", "channel_number": 1, "device_handle": {"value": 0.04385512985095463}, "current_state_value": 0.04385512985095463, "last_update_time": "2015-10-23T12:58:03.191201"}
2015-10-23 12:58:04,192 - monitoring_application - INFO - {"port": [1], "bus": 1, "read_method": {}, "units": "Test", "channel_number": 1, "device_handle": {"value": 0.04385512985095463}, "current_state_value": 0.04385512985095463, "last_update_time": "2015-10-23T12:58:04.192470"}
2015-10-23 12:58:04,631 - monitoring_application - INFO - USB Port Controller stopping
2015-10-23 12:58:07,025 - monitoring_application - INFO - Transmitter Application Controller starting
2015-10-23 12:58:07,026 - monitoring_application - INFO - Usb Port Controller starting
2015-10-23 12:58:07,042 - monitoring_application - INFO - Transmitter cache contents:
2015-10-23 12:58:07,042 - monitoring_application - INFO - ---------------------------
2015-10-23 12:58:07,043 - monitoring_application - INFO - _TransmitterIdent(['Test'], <function open_method at 0x7f4ecaa1ce18>, <function read_channel_method at 0x7f4ecaa1cf28>, <function close_method at 0x7f4eca79e048>)
2015-10-23 12:58:07,043 - monitoring_application - INFO - _TransmitterIdent(['Celsius'], <built-in function open_method>, <built-in function read_channel_method>, <built-in function close_method>)
2015-10-23 12:58:07,043 - monitoring_application - INFO - ---------------------------
2015-10-23 12:58:12,063 - monitoring_application - INFO - Transmitter cache contents:
2015-10-23 12:58:12,063 - monitoring_application - INFO - ---------------------------
2015-10-23 12:58:12,063 - monitoring_application - INFO - _TransmitterIdent(['Test'], <function open_method at 0x7f4ecaa1ce18>, <function read_channel_method at 0x7f4ecaa1cf28>, <function close_method at 0x7f4eca79e048>)
2015-10-23 12:58:12,063 - monitoring_application - INFO - _TransmitterIdent(['Celsius'], <built-in function open_method>, <built-in function read_channel_method>, <built-in function close_method>)
2015-10-23 12:58:12,063 - monitoring_application - INFO - ---------------------------
2015-10-23 12:58:17,081 - monitoring_application - INFO - Transmitter cache contents:
2015-10-23 12:58:17,081 - monitoring_application - INFO - ---------------------------
2015-10-23 12:58:17,081 - monitoring_application - INFO - _TransmitterIdent(['Test'], <function open_method at 0x7f4ecaa1ce18>, <function read_channel_method at 0x7f4ecaa1cf28>, <function close_method at 0x7f4eca79e048>)
2015-10-23 12:58:17,081 - monitoring_application - INFO - _TransmitterIdent(['Celsius'], <built-in function open_method>, <built-in function read_channel_method>, <built-in function close_method>)
2015-10-23 12:58:17,081 - monitoring_application - INFO - ---------------------------
2015-10-23 12:58:22,099 - monitoring_application - INFO - Transmitter cache contents:
2015-10-23 12:58:22,099 - monitoring_application - INFO - ---------------------------
2015-10-23 12:58:22,099 - monitoring_application - INFO - _TransmitterIdent(['Test'], <function open_method at 0x7f4ecaa1ce18>, <function read_channel_method at 0x7f4ecaa1cf28>, <function close_method at 0x7f4eca79e048>)
2015-10-23 12:58:22,099 - monitoring_application - INFO - _TransmitterIdent(['Celsius'], <built-in function open_method>, <built-in function read_channel_method>, <built-in function close_method>)
2015-10-23 12:58:22,099 - monitoring_application - INFO - ---------------------------
2015-10-23 12:58:27,118 - monitoring_application - INFO - Transmitter cache contents:
2015-10-23 12:58:27,118 - monitoring_application - INFO - ---------------------------
2015-10-23 12:58:27,118 - monitoring_application - INFO - _TransmitterIdent(['Test'], <function open_method at 0x7f4ecaa1ce18>, <function read_channel_method at 0x7f4ecaa1cf28>, <function close_method at 0x7f4eca79e048>)
2015-10-23 12:58:27,118 - monitoring_application - INFO - _TransmitterIdent(['Celsius'], <built-in function open_method>, <built-in function read_channel_method>, <built-in function close_method>)
2015-10-23 12:58:27,119 - monitoring_application - INFO - ---------------------------
2015-10-23 12:58:32,137 - monitoring_application - INFO - Transmitter cache contents:
2015-10-23 12:58:32,137 - monitoring_application - INFO - ---------------------------
2015-10-23 12:58:32,137 - monitoring_application - INFO - _TransmitterIdent(['Test'], <function open_method at 0x7f4ecaa1ce18>, <function read_channel_method at 0x7f4ecaa1cf28>, <function close_method at 0x7f4eca79e048>)
2015-10-23 12:58:32,137 - monitoring_application - INFO - _TransmitterIdent(['Celsius'], <built-in function open_method>, <built-in function read_channel_method>, <built-in function close_method>)
2015-10-23 12:58:32,137 - monitoring_application - INFO - ---------------------------
2015-10-23 12:58:37,156 - monitoring_application - INFO - Transmitter cache contents:
2015-10-23 12:58:37,156 - monitoring_application - INFO - ---------------------------
2015-10-23 12:58:37,156 - monitoring_application - INFO - _TransmitterIdent(['Test'], <function open_method at 0x7f4ecaa1ce18>, <function read_channel_method at 0x7f4ecaa1cf28>, <function close_method at 0x7f4eca79e048>)
2015-10-23 12:58:37,157 - monitoring_application - INFO - _TransmitterIdent(['Celsius'], <built-in function open_method>, <built-in function read_channel_method>, <built-in function close_method>)
2015-10-23 12:58:37,157 - monitoring_application - INFO - ---------------------------
2015-10-23 12:58:37,157 - monitoring_application - INFO - Transmitter controller application started using Transmitter(num_channels=1, channel_units=['Test'])
2015-10-23 12:58:38,160 - monitoring_application - INFO - {"units": "Test", "current_state_value": 0.03066335192031311, "last_update_time": "2015-10-23T12:58:38.160308", "read_method": {}, "bus": 1, "port": [1], "device_handle": {"value": 0.03066335192031311}, "channel_number": 1}
2015-10-23 12:58:39,161 - monitoring_application - INFO - {"units": "Test", "current_state_value": 0.03066335192031311, "last_update_time": "2015-10-23T12:58:39.161883", "read_method": {}, "bus": 1, "port": [1], "device_handle": {"value": 0.03066335192031311}, "channel_number": 1}
2015-10-23 12:58:40,163 - monitoring_application - INFO - {"units": "Test", "current_state_value": 0.03066335192031311, "last_update_time": "2015-10-23T12:58:40.163187", "read_method": {}, "bus": 1, "port": [1], "device_handle": {"value": 0.03066335192031311}, "channel_number": 1}
2015-10-23 12:58:41,164 - monitoring_application - INFO - {"units": "Test", "current_state_value": 0.03066335192031311, "last_update_time": "2015-10-23T12:58:41.164495", "read_method": {}, "bus": 1, "port": [1], "device_handle": {"value": 0.03066335192031311}, "channel_number": 1}
2015-10-23 12:58:42,165 - monitoring_application - INFO - {"units": "Test", "current_state_value": 0.03066335192031311, "last_update_time": "2015-10-23T12:58:42.165806", "read_method": {}, "bus": 1, "port": [1], "device_handle": {"value": 0.03066335192031311}, "channel_number": 1}
2015-10-23 12:58:43,167 - monitoring_application - INFO - {"units": "Test", "current_state_value": 0.03066335192031311, "last_update_time": "2015-10-23T12:58:43.167142", "read_method": {}, "bus": 1, "port": [1], "device_handle": {"value": 0.03066335192031311}, "channel_number": 1}
2015-10-23 12:58:44,168 - monitoring_application - INFO - {"units": "Test", "current_state_value": 0.03066335192031311, "last_update_time": "2015-10-23T12:58:44.168460", "read_method": {}, "bus": 1, "port": [1], "device_handle": {"value": 0.03066335192031311}, "channel_number": 1}
2015-10-23 12:58:45,169 - monitoring_application - INFO - {"units": "Test", "current_state_value": 0.03066335192031311, "last_update_time": "2015-10-23T12:58:45.169781", "read_method": {}, "bus": 1, "port": [1], "device_handle": {"value": 0.03066335192031311}, "channel_number": 1}
2015-10-23 12:58:46,171 - monitoring_application - INFO - {"units": "Test", "current_state_value": 0.03066335192031311, "last_update_time": "2015-10-23T12:58:46.171091", "read_method": {}, "bus": 1, "port": [1], "device_handle": {"value": 0.03066335192031311}, "channel_number": 1}
2015-10-23 12:58:47,172 - monitoring_application - INFO - {"units": "Test", "current_state_value": 0.03066335192031311, "last_update_time": "2015-10-23T12:58:47.172403", "read_method": {}, "bus": 1, "port": [1], "device_handle": {"value": 0.03066335192031311}, "channel_number": 1}
2015-10-23 12:58:48,173 - monitoring_application - INFO - {"units": "Test", "current_state_value": 0.03066335192031311, "last_update_time": "2015-10-23T12:58:48.173721", "read_method": {}, "bus": 1, "port": [1], "device_handle": {"value": 0.03066335192031311}, "channel_number": 1}
2015-10-23 12:58:49,175 - monitoring_application - INFO - {"units": "Test", "current_state_value": 0.03066335192031311, "last_update_time": "2015-10-23T12:58:49.175097", "read_method": {}, "bus": 1, "port": [1], "device_handle": {"value": 0.03066335192031311}, "channel_number": 1}
2015-10-23 12:58:50,176 - monitoring_application - INFO - {"units": "Test", "current_state_value": 0.03066335192031311, "last_update_time": "2015-10-23T12:58:50.176416", "read_method": {}, "bus": 1, "port": [1], "device_handle": {"value": 0.03066335192031311}, "channel_number": 1}
2015-10-23 12:58:51,177 - monitoring_application - INFO - {"units": "Test", "current_state_value": 0.03066335192031311, "last_update_time": "2015-10-23T12:58:51.177738", "read_method": {}, "bus": 1, "port": [1], "device_handle": {"value": 0.03066335192031311}, "channel_number": 1}
2015-10-23 12:58:52,179 - monitoring_application - INFO - {"units": "Test", "current_state_value": 0.03066335192031311, "last_update_time": "2015-10-23T12:58:52.179055", "read_method": {}, "bus": 1, "port": [1], "device_handle": {"value": 0.03066335192031311}, "channel_number": 1}
2015-10-23 12:58:53,180 - monitoring_application - INFO - {"units": "Test", "current_state_value": 0.03066335192031311, "last_update_time": "2015-10-23T12:58:53.180371", "read_method": {}, "bus": 1, "port": [1], "device_handle": {"value": 0.03066335192031311}, "channel_number": 1}
2015-10-23 12:58:54,181 - monitoring_application - INFO - {"units": "Test", "current_state_value": 0.03066335192031311, "last_update_time": "2015-10-23T12:58:54.181685", "read_method": {}, "bus": 1, "port": [1], "device_handle": {"value": 0.03066335192031311}, "channel_number": 1}
2015-10-23 12:58:55,183 - monitoring_application - INFO - {"units": "Test", "current_state_value": 0.03066335192031311, "last_update_time": "2015-10-23T12:58:55.183071", "read_method": {}, "bus": 1, "port": [1], "device_handle": {"value": 0.03066335192031311}, "channel_number": 1}
2015-10-23 12:58:56,184 - monitoring_application - INFO - {"units": "Test", "current_state_value": 0.03066335192031311, "last_update_time": "2015-10-23T12:58:56.184388", "read_method": {}, "bus": 1, "port": [1], "device_handle": {"value": 0.03066335192031311}, "channel_number": 1}
2015-10-23 12:58:57,185 - monitoring_application - INFO - {"units": "Test", "current_state_value": 0.03066335192031311, "last_update_time": "2015-10-23T12:58:57.185713", "read_method": {}, "bus": 1, "port": [1], "device_handle": {"value": 0.03066335192031311}, "channel_number": 1}
2015-10-23 12:58:58,187 - monitoring_application - INFO - {"units": "Test", "current_state_value": 0.03066335192031311, "last_update_time": "2015-10-23T12:58:58.187026", "read_method": {}, "bus": 1, "port": [1], "device_handle": {"value": 0.03066335192031311}, "channel_number": 1}
2015-10-23 12:58:59,188 - monitoring_application - INFO - {"units": "Test", "current_state_value": 0.03066335192031311, "last_update_time": "2015-10-23T12:58:59.188334", "read_method": {}, "bus": 1, "port": [1], "device_handle": {"value": 0.03066335192031311}, "channel_number": 1}
2015-10-23 12:59:00,189 - monitoring_application - INFO - {"units": "Test", "current_state_value": 0.03066335192031311, "last_update_time": "2015-10-23T12:59:00.189654", "read_method": {}, "bus": 1, "port": [1], "device_handle": {"value": 0.03066335192031311}, "channel_number": 1}
2015-10-23 12:59:01,191 - monitoring_application - INFO - {"units": "Test", "current_state_value": 0.03066335192031311, "last_update_time": "2015-10-23T12:59:01.190997", "read_method": {}, "bus": 1, "port": [1], "device_handle": {"value": 0.03066335192031311}, "channel_number": 1}
2015-10-23 12:59:02,192 - monitoring_application - INFO - {"units": "Test", "current_state_value": 0.03066335192031311, "last_update_time": "2015-10-23T12:59:02.192312", "read_method": {}, "bus": 1, "port": [1], "device_handle": {"value": 0.03066335192031311}, "channel_number": 1}
2015-10-23 12:59:03,193 - monitoring_application - INFO - {"units": "Test", "current_state_value": 0.03066335192031311, "last_update_time": "2015-10-23T12:59:03.193621", "read_method": {}, "bus": 1, "port": [1], "device_handle": {"value": 0.03066335192031311}, "channel_number": 1}
2015-10-23 12:59:04,195 - monitoring_application - INFO - {"units": "Test", "current_state_value": 0.03066335192031311, "last_update_time": "2015-10-23T12:59:04.194947", "read_method": {}, "bus": 1, "port": [1], "device_handle": {"value": 0.03066335192031311}, "channel_number": 1}
2015-10-23 12:59:05,196 - monitoring_application - INFO - {"units": "Test", "current_state_value": 0.03066335192031311, "last_update_time": "2015-10-23T12:59:05.196258", "read_method": {}, "bus": 1, "port": [1], "device_handle": {"value": 0.03066335192031311}, "channel_number": 1}
2015-10-23 12:59:06,197 - monitoring_application - INFO - {"units": "Test", "current_state_value": 0.03066335192031311, "last_update_time": "2015-10-23T12:59:06.197562", "read_method": {}, "bus": 1, "port": [1], "device_handle": {"value": 0.03066335192031311}, "channel_number": 1}
2015-10-23 12:59:07,199 - monitoring_application - INFO - {"units": "Test", "current_state_value": 0.03066335192031311, "last_update_time": "2015-10-23T12:59:07.198900", "read_method": {}, "bus": 1, "port": [1], "device_handle": {"value": 0.03066335192031311}, "channel_number": 1}
2015-10-23 12:59:08,200 - monitoring_application - INFO - {"units": "Test", "current_state_value": 0.03066335192031311, "last_update_time": "2015-10-23T12:59:08.200211", "read_method": {}, "bus": 1, "port": [1], "device_handle": {"value": 0.03066335192031311}, "channel_number": 1}
2015-10-23 12:59:09,201 - monitoring_application - INFO - {"units": "Test", "current_state_value": 0.03066335192031311, "last_update_time": "2015-10-23T12:59:09.201522", "read_method": {}, "bus": 1, "port": [1], "device_handle": {"value": 0.03066335192031311}, "channel_number": 1}
2015-10-23 12:59:10,202 - monitoring_application - INFO - {"units": "Test", "current_state_value": 0.03066335192031311, "last_update_time": "2015-10-23T12:59:10.202842", "read_method": {}, "bus": 1, "port": [1], "device_handle": {"value": 0.03066335192031311}, "channel_number": 1}
2015-10-23 12:59:11,204 - monitoring_application - INFO - {"units": "Test", "current_state_value": 0.03066335192031311, "last_update_time": "2015-10-23T12:59:11.204156", "read_method": {}, "bus": 1, "port": [1], "device_handle": {"value": 0.03066335192031311}, "channel_number": 1}
2015-10-23 12:59:12,205 - monitoring_application - INFO - {"units": "Test", "current_state_value": 0.03066335192031311, "last_update_time": "2015-10-23T12:59:12.205473", "read_method": {}, "bus": 1, "port": [1], "device_handle": {"value": 0.03066335192031311}, "channel_number": 1}
2015-10-23 12:59:13,206 - monitoring_application - INFO - {"units": "Test", "current_state_value": 0.03066335192031311, "last_update_time": "2015-10-23T12:59:13.206812", "read_method": {}, "bus": 1, "port": [1], "device_handle": {"value": 0.03066335192031311}, "channel_number": 1}
2015-10-23 12:59:14,208 - monitoring_application - INFO - {"units": "Test", "current_state_value": 0.03066335192031311, "last_update_time": "2015-10-23T12:59:14.208136", "read_method": {}, "bus": 1, "port": [1], "device_handle": {"value": 0.03066335192031311}, "channel_number": 1}
2015-10-23 12:59:15,209 - monitoring_application - INFO - {"units": "Test", "current_state_value": 0.03066335192031311, "last_update_time": "2015-10-23T12:59:15.209450", "read_method": {}, "bus": 1, "port": [1], "device_handle": {"value": 0.03066335192031311}, "channel_number": 1}
2015-10-23 12:59:16,210 - monitoring_application - INFO - {"units": "Test", "current_state_value": 0.03066335192031311, "last_update_time": "2015-10-23T12:59:16.210772", "read_method": {}, "bus": 1, "port": [1], "device_handle": {"value": 0.03066335192031311}, "channel_number": 1}
2015-10-23 12:59:17,212 - monitoring_application - INFO - {"units": "Test", "current_state_value": 0.03066335192031311, "last_update_time": "2015-10-23T12:59:17.212086", "read_method": {}, "bus": 1, "port": [1], "device_handle": {"value": 0.03066335192031311}, "channel_number": 1}
2015-10-23 12:59:18,213 - monitoring_application - INFO - {"units": "Test", "current_state_value": 0.03066335192031311, "last_update_time": "2015-10-23T12:59:18.213400", "read_method": {}, "bus": 1, "port": [1], "device_handle": {"value": 0.03066335192031311}, "channel_number": 1}
2015-10-23 12:59:19,214 - monitoring_application - INFO - {"units": "Test", "current_state_value": 0.03066335192031311, "last_update_time": "2015-10-23T12:59:19.214728", "read_method": {}, "bus": 1, "port": [1], "device_handle": {"value": 0.03066335192031311}, "channel_number": 1}
2015-10-23 12:59:20,216 - monitoring_application - INFO - {"units": "Test", "current_state_value": 0.03066335192031311, "last_update_time": "2015-10-23T12:59:20.216040", "read_method": {}, "bus": 1, "port": [1], "device_handle": {"value": 0.03066335192031311}, "channel_number": 1}
2015-10-23 12:59:21,217 - monitoring_application - INFO - {"units": "Test", "current_state_value": 0.03066335192031311, "last_update_time": "2015-10-23T12:59:21.217354", "read_method": {}, "bus": 1, "port": [1], "device_handle": {"value": 0.03066335192031311}, "channel_number": 1}
2015-10-23 12:59:22,218 - monitoring_application - INFO - {"units": "Test", "current_state_value": 0.03066335192031311, "last_update_time": "2015-10-23T12:59:22.218666", "read_method": {}, "bus": 1, "port": [1], "device_handle": {"value": 0.03066335192031311}, "channel_number": 1}
2015-10-23 12:59:23,220 - monitoring_application - INFO - {"units": "Test", "current_state_value": 0.03066335192031311, "last_update_time": "2015-10-23T12:59:23.219978", "read_method": {}, "bus": 1, "port": [1], "device_handle": {"value": 0.03066335192031311}, "channel_number": 1}
2015-10-23 12:59:24,221 - monitoring_application - INFO - {"units": "Test", "current_state_value": 0.03066335192031311, "last_update_time": "2015-10-23T12:59:24.221291", "read_method": {}, "bus": 1, "port": [1], "device_handle": {"value": 0.03066335192031311}, "channel_number": 1}
2015-10-23 12:59:25,222 - monitoring_application - INFO - {"units": "Test", "current_state_value": 0.03066335192031311, "last_update_time": "2015-10-23T12:59:25.222600", "read_method": {}, "bus": 1, "port": [1], "device_handle": {"value": 0.03066335192031311}, "channel_number": 1}
2015-10-23 12:59:26,224 - monitoring_application - INFO - {"units": "Test", "current_state_value": 0.03066335192031311, "last_update_time": "2015-10-23T12:59:26.223914", "read_method": {}, "bus": 1, "port": [1], "device_handle": {"value": 0.03066335192031311}, "channel_number": 1}
2015-10-23 12:59:27,225 - monitoring_application - INFO - {"units": "Test", "current_state_value": 0.03066335192031311, "last_update_time": "2015-10-23T12:59:27.225224", "read_method": {}, "bus": 1, "port": [1], "device_handle": {"value": 0.03066335192031311}, "channel_number": 1}
2015-10-23 12:59:28,145 - monitoring_application - INFO - USB Port Controller stopping
2015-10-23 13:00:57,318 - monitoring_application - INFO - Transmitter Application Controller starting
2015-10-23 13:00:57,319 - monitoring_application - INFO - Usb Port Controller starting
2015-10-23 13:00:57,336 - monitoring_application - INFO - Transmitter cache contents:
2015-10-23 13:00:57,336 - monitoring_application - INFO - ---------------------------
2015-10-23 13:00:57,336 - monitoring_application - INFO - _TransmitterIdent(['Test'], <function open_method at 0x7f439feb8e18>, <function read_channel_method at 0x7f439feb8f28>, <function close_method at 0x7f439fc3a048>)
2015-10-23 13:00:57,336 - monitoring_application - INFO - _TransmitterIdent(['Celsius'], <built-in function open_method>, <built-in function read_channel_method>, <built-in function close_method>)
2015-10-23 13:00:57,336 - monitoring_application - INFO - ---------------------------
2015-10-23 13:00:57,337 - monitoring_application - INFO - Transmitter controller application started using Transmitter(num_channels=1, channel_units=['Test'])
2015-10-23 13:00:58,340 - monitoring_application - INFO - {"read_method": {}, "units": "Test", "channel_number": 1, "current_state_value": 0.4926448973591814, "usb_device": {"bus": 1, "path": "/devices/pci0000:00/0000:00:14.0/usb1/1-1", "port": [1], "device": 2, "idVendor": 1452, "manufacturer": "Apple Inc.", "idProduct": 4705, "product": "iPod"}, "device_handle": {"value": 0.4926448973591814}, "last_update_time": "2015-10-23T13:00:58.340008"}
2015-10-23 13:00:59,341 - monitoring_application - INFO - {"read_method": {}, "units": "Test", "channel_number": 1, "current_state_value": 0.4926448973591814, "usb_device": {"bus": 1, "path": "/devices/pci0000:00/0000:00:14.0/usb1/1-1", "port": [1], "device": 2, "idVendor": 1452, "manufacturer": "Apple Inc.", "idProduct": 4705, "product": "iPod"}, "device_handle": {"value": 0.4926448973591814}, "last_update_time": "2015-10-23T13:00:59.341647"}
2015-10-23 13:01:00,343 - monitoring_application - INFO - {"read_method": {}, "units": "Test", "channel_number": 1, "current_state_value": 0.4926448973591814, "usb_device": {"bus": 1, "path": "/devices/pci0000:00/0000:00:14.0/usb1/1-1", "port": [1], "device": 2, "idVendor": 1452, "manufacturer": "Apple Inc.", "idProduct": 4705, "product": "iPod"}, "device_handle": {"value": 0.4926448973591814}, "last_update_time": "2015-10-23T13:01:00.343028"}
2015-10-23 13:01:01,344 - monitoring_application - INFO - {"read_method": {}, "units": "Test", "channel_number": 1, "current_state_value": 0.4926448973591814, "usb_device": {"bus": 1, "path": "/devices/pci0000:00/0000:00:14.0/usb1/1-1", "port": [1], "device": 2, "idVendor": 1452, "manufacturer": "Apple Inc.", "idProduct": 4705, "product": "iPod"}, "device_handle": {"value": 0.4926448973591814}, "last_update_time": "2015-10-23T13:01:01.344356"}
2015-10-23 13:01:02,345 - monitoring_application - INFO - {"read_method": {}, "units": "Test", "channel_number": 1, "current_state_value": 0.4926448973591814, "usb_device": {"bus": 1, "path": "/devices/pci0000:00/0000:00:14.0/usb1/1-1", "port": [1], "device": 2, "idVendor": 1452, "manufacturer": "Apple Inc.", "idProduct": 4705, "product": "iPod"}, "device_handle": {"value": 0.4926448973591814}, "last_update_time": "2015-10-23T13:01:02.345681"}
2015-10-23 13:01:03,347 - monitoring_application - INFO - {"read_method": {}, "units": "Test", "channel_number": 1, "current_state_value": 0.4926448973591814, "usb_device": {"bus": 1, "path": "/devices/pci0000:00/0000:00:14.0/usb1/1-1", "port": [1], "device": 2, "idVendor": 1452, "manufacturer": "Apple Inc.", "idProduct": 4705, "product": "iPod"}, "device_handle": {"value": 0.4926448973591814}, "last_update_time": "2015-10-23T13:01:03.347035"}
2015-10-23 13:01:04,348 - monitoring_application - INFO - {"read_method": {}, "units": "Test", "channel_number": 1, "current_state_value": 0.4926448973591814, "usb_device": {"bus": 1, "path": "/devices/pci0000:00/0000:00:14.0/usb1/1-1", "port": [1], "device": 2, "idVendor": 1452, "manufacturer": "Apple Inc.", "idProduct": 4705, "product": "iPod"}, "device_handle": {"value": 0.4926448973591814}, "last_update_time": "2015-10-23T13:01:04.348358"}
2015-10-23 13:01:05,349 - monitoring_application - INFO - {"read_method": {}, "units": "Test", "channel_number": 1, "current_state_value": 0.4926448973591814, "usb_device": {"bus": 1, "path": "/devices/pci0000:00/0000:00:14.0/usb1/1-1", "port": [1], "device": 2, "idVendor": 1452, "manufacturer": "Apple Inc.", "idProduct": 4705, "product": "iPod"}, "device_handle": {"value": 0.4926448973591814}, "last_update_time": "2015-10-23T13:01:05.349688"}
2015-10-23 13:01:06,351 - monitoring_application - INFO - {"read_method": {}, "units": "Test", "channel_number": 1, "current_state_value": 0.4926448973591814, "usb_device": {"bus": 1, "path": "/devices/pci0000:00/0000:00:14.0/usb1/1-1", "port": [1], "device": 2, "idVendor": 1452, "manufacturer": "Apple Inc.", "idProduct": 4705, "product": "iPod"}, "device_handle": {"value": 0.4926448973591814}, "last_update_time": "2015-10-23T13:01:06.351013"}
2015-10-23 13:01:07,352 - monitoring_application - INFO - {"read_method": {}, "units": "Test", "channel_number": 1, "current_state_value": 0.4926448973591814, "usb_device": {"bus": 1, "path": "/devices/pci0000:00/0000:00:14.0/usb1/1-1", "port": [1], "device": 2, "idVendor": 1452, "manufacturer": "Apple Inc.", "idProduct": 4705, "product": "iPod"}, "device_handle": {"value": 0.4926448973591814}, "last_update_time": "2015-10-23T13:01:07.352330"}
2015-10-23 13:01:08,353 - monitoring_application - INFO - {"read_method": {}, "units": "Test", "channel_number": 1, "current_state_value": 0.4926448973591814, "usb_device": {"bus": 1, "path": "/devices/pci0000:00/0000:00:14.0/usb1/1-1", "port": [1], "device": 2, "idVendor": 1452, "manufacturer": "Apple Inc.", "idProduct": 4705, "product": "iPod"}, "device_handle": {"value": 0.4926448973591814}, "last_update_time": "2015-10-23T13:01:08.353649"}
2015-10-23 13:01:09,355 - monitoring_application - INFO - {"read_method": {}, "units": "Test", "channel_number": 1, "current_state_value": 0.4926448973591814, "usb_device": {"bus": 1, "path": "/devices/pci0000:00/0000:00:14.0/usb1/1-1", "port": [1], "device": 2, "idVendor": 1452, "manufacturer": "Apple Inc.", "idProduct": 4705, "product": "iPod"}, "device_handle": {"value": 0.4926448973591814}, "last_update_time": "2015-10-23T13:01:09.355046"}
2015-10-23 13:01:10,356 - monitoring_application - INFO - {"read_method": {}, "units": "Test", "channel_number": 1, "current_state_value": 0.4926448973591814, "usb_device": {"bus": 1, "path": "/devices/pci0000:00/0000:00:14.0/usb1/1-1", "port": [1], "device": 2, "idVendor": 1452, "manufacturer": "Apple Inc.", "idProduct": 4705, "product": "iPod"}, "device_handle": {"value": 0.4926448973591814}, "last_update_time": "2015-10-23T13:01:10.356366"}
2015-10-23 13:01:11,357 - monitoring_application - INFO - {"read_method": {}, "units": "Test", "channel_number": 1, "current_state_value": 0.4926448973591814, "usb_device": {"bus": 1, "path": "/devices/pci0000:00/0000:00:14.0/usb1/1-1", "port": [1], "device": 2, "idVendor": 1452, "manufacturer": "Apple Inc.", "idProduct": 4705, "product": "iPod"}, "device_handle": {"value": 0.4926448973591814}, "last_update_time": "2015-10-23T13:01:11.357684"}
2015-10-23 13:01:12,359 - monitoring_application - INFO - {"read_method": {}, "units": "Test", "channel_number": 1, "current_state_value": 0.4926448973591814, "usb_device": {"bus": 1, "path": "/devices/pci0000:00/0000:00:14.0/usb1/1-1", "port": [1], "device": 2, "idVendor": 1452, "manufacturer": "Apple Inc.", "idProduct": 4705, "product": "iPod"}, "device_handle": {"value": 0.4926448973591814}, "last_update_time": "2015-10-23T13:01:12.359008"}
2015-10-23 13:01:13,360 - monitoring_application - INFO - {"read_method": {}, "units": "Test", "channel_number": 1, "current_state_value": 0.4926448973591814, "usb_device": {"bus": 1, "path": "/devices/pci0000:00/0000:00:14.0/usb1/1-1", "port": [1], "device": 2, "idVendor": 1452, "manufacturer": "Apple Inc.", "idProduct": 4705, "product": "iPod"}, "device_handle": {"value": 0.4926448973591814}, "last_update_time": "2015-10-23T13:01:13.360327"}
2015-10-23 13:01:14,361 - monitoring_application - INFO - {"read_method": {}, "units": "Test", "channel_number": 1, "current_state_value": 0.4926448973591814, "usb_device": {"bus": 1, "path": "/devices/pci0000:00/0000:00:14.0/usb1/1-1", "port": [1], "device": 2, "idVendor": 1452, "manufacturer": "Apple Inc.", "idProduct": 4705, "product": "iPod"}, "device_handle": {"value": 0.4926448973591814}, "last_update_time": "2015-10-23T13:01:14.361642"}
2015-10-23 13:01:15,363 - monitoring_application - INFO - {"read_method": {}, "units": "Test", "channel_number": 1, "current_state_value": 0.4926448973591814, "usb_device": {"bus": 1, "path": "/devices/pci0000:00/0000:00:14.0/usb1/1-1", "port": [1], "device": 2, "idVendor": 1452, "manufacturer": "Apple Inc.", "idProduct": 4705, "product": "iPod"}, "device_handle": {"value": 0.4926448973591814}, "last_update_time": "2015-10-23T13:01:15.363002"}
2015-10-23 13:01:16,364 - monitoring_application - INFO - {"read_method": {}, "units": "Test", "channel_number": 1, "current_state_value": 0.4926448973591814, "usb_device": {"bus": 1, "path": "/devices/pci0000:00/0000:00:14.0/usb1/1-1", "port": [1], "device": 2, "idVendor": 1452, "manufacturer": "Apple Inc.", "idProduct": 4705, "product": "iPod"}, "device_handle": {"value": 0.4926448973591814}, "last_update_time": "2015-10-23T13:01:16.364350"}
2015-10-23 13:01:17,365 - monitoring_application - INFO - {"read_method": {}, "units": "Test", "channel_number": 1, "current_state_value": 0.4926448973591814, "usb_device": {"bus": 1, "path": "/devices/pci0000:00/0000:00:14.0/usb1/1-1", "port": [1], "device": 2, "idVendor": 1452, "manufacturer": "Apple Inc.", "idProduct": 4705, "product": "iPod"}, "device_handle": {"value": 0.4926448973591814}, "last_update_time": "2015-10-23T13:01:17.365665"}
2015-10-23 13:01:18,367 - monitoring_application - INFO - {"read_method": {}, "units": "Test", "channel_number": 1, "current_state_value": 0.4926448973591814, "usb_device": {"bus": 1, "path": "/devices/pci0000:00/0000:00:14.0/usb1/1-1", "port": [1], "device": 2, "idVendor": 1452, "manufacturer": "Apple Inc.", "idProduct": 4705, "product": "iPod"}, "device_handle": {"value": 0.4926448973591814}, "last_update_time": "2015-10-23T13:01:18.366994"}
2015-10-23 13:01:19,368 - monitoring_application - INFO - {"read_method": {}, "units": "Test", "channel_number": 1, "current_state_value": 0.4926448973591814, "usb_device": {"bus": 1, "path": "/devices/pci0000:00/0000:00:14.0/usb1/1-1", "port": [1], "device": 2, "idVendor": 1452, "manufacturer": "Apple Inc.", "idProduct": 4705, "product": "iPod"}, "device_handle": {"value": 0.4926448973591814}, "last_update_time": "2015-10-23T13:01:19.368314"}
2015-10-23 13:01:20,369 - monitoring_application - INFO - {"read_method": {}, "units": "Test", "channel_number": 1, "current_state_value": 0.4926448973591814, "usb_device": {"bus": 1, "path": "/devices/pci0000:00/0000:00:14.0/usb1/1-1", "port": [1], "device": 2, "idVendor": 1452, "manufacturer": "Apple Inc.", "idProduct": 4705, "product": "iPod"}, "device_handle": {"value": 0.4926448973591814}, "last_update_time": "2015-10-23T13:01:20.369691"}
2015-10-23 13:01:21,371 - monitoring_application - INFO - {"read_method": {}, "units": "Test", "channel_number": 1, "current_state_value": 0.4926448973591814, "usb_device": {"bus": 1, "path": "/devices/pci0000:00/0000:00:14.0/usb1/1-1", "port": [1], "device": 2, "idVendor": 1452, "manufacturer": "Apple Inc.", "idProduct": 4705, "product": "iPod"}, "device_handle": {"value": 0.4926448973591814}, "last_update_time": "2015-10-23T13:01:21.371330"}
2015-10-23 13:01:22,372 - monitoring_application - INFO - {"read_method": {}, "units": "Test", "channel_number": 1, "current_state_value": 0.4926448973591814, "usb_device": {"bus": 1, "path": "/devices/pci0000:00/0000:00:14.0/usb1/1-1", "port": [1], "device": 2, "idVendor": 1452, "manufacturer": "Apple Inc.", "idProduct": 4705, "product": "iPod"}, "device_handle": {"value": 0.4926448973591814}, "last_update_time": "2015-10-23T13:01:22.372649"}
2015-10-23 13:01:23,374 - monitoring_application - INFO - {"read_method": {}, "units": "Test", "channel_number": 1, "current_state_value": 0.4926448973591814, "usb_device": {"bus": 1, "path": "/devices/pci0000:00/0000:00:14.0/usb1/1-1", "port": [1], "device": 2, "idVendor": 1452, "manufacturer": "Apple Inc.", "idProduct": 4705, "product": "iPod"}, "device_handle": {"value": 0.4926448973591814}, "last_update_time": "2015-10-23T13:01:23.373973"}
2015-10-23 13:01:24,375 - monitoring_application - INFO - {"read_method": {}, "units": "Test", "channel_number": 1, "current_state_value": 0.4926448973591814, "usb_device": {"bus": 1, "path": "/devices/pci0000:00/0000:00:14.0/usb1/1-1", "port": [1], "device": 2, "idVendor": 1452, "manufacturer": "Apple Inc.", "idProduct": 4705, "product": "iPod"}, "device_handle": {"value": 0.4926448973591814}, "last_update_time": "2015-10-23T13:01:24.375295"}
2015-10-23 13:01:25,376 - monitoring_application - INFO - {"read_method": {}, "units": "Test", "channel_number": 1, "current_state_value": 0.4926448973591814, "usb_device": {"bus": 1, "path": "/devices/pci0000:00/0000:00:14.0/usb1/1-1", "port": [1], "device": 2, "idVendor": 1452, "manufacturer": "Apple Inc.", "idProduct": 4705, "product": "iPod"}, "device_handle": {"value": 0.4926448973591814}, "last_update_time": "2015-10-23T13:01:25.376606"}
2015-10-23 13:01:26,378 - monitoring_application - INFO - {"read_method": {}, "units": "Test", "channel_number": 1, "current_state_value": 0.4926448973591814, "usb_device": {"bus": 1, "path": "/devices/pci0000:00/0000:00:14.0/usb1/1-1", "port": [1], "device": 2, "idVendor": 1452, "manufacturer": "Apple Inc.", "idProduct": 4705, "product": "iPod"}, "device_handle": {"value": 0.4926448973591814}, "last_update_time": "2015-10-23T13:01:26.377940"}
2015-10-23 13:01:27,379 - monitoring_application - INFO - {"read_method": {}, "units": "Test", "channel_number": 1, "current_state_value": 0.4926448973591814, "usb_device": {"bus": 1, "path": "/devices/pci0000:00/0000:00:14.0/usb1/1-1", "port": [1], "device": 2, "idVendor": 1452, "manufacturer": "Apple Inc.", "idProduct": 4705, "product": "iPod"}, "device_handle": {"value": 0.4926448973591814}, "last_update_time": "2015-10-23T13:01:27.379253"}
2015-10-23 13:01:28,380 - monitoring_application - INFO - {"read_method": {}, "units": "Test", "channel_number": 1, "current_state_value": 0.4926448973591814, "usb_device": {"bus": 1, "path": "/devices/pci0000:00/0000:00:14.0/usb1/1-1", "port": [1], "device": 2, "idVendor": 1452, "manufacturer": "Apple Inc.", "idProduct": 4705, "product": "iPod"}, "device_handle": {"value": 0.4926448973591814}, "last_update_time": "2015-10-23T13:01:28.380567"}
2015-10-23 13:01:29,382 - monitoring_application - INFO - {"read_method": {}, "units": "Test", "channel_number": 1, "current_state_value": 0.4926448973591814, "usb_device": {"bus": 1, "path": "/devices/pci0000:00/0000:00:14.0/usb1/1-1", "port": [1], "device": 2, "idVendor": 1452, "manufacturer": "Apple Inc.", "idProduct": 4705, "product": "iPod"}, "device_handle": {"value": 0.4926448973591814}, "last_update_time": "2015-10-23T13:01:29.381883"}
2015-10-23 13:01:30,383 - monitoring_application - INFO - {"read_method": {}, "units": "Test", "channel_number": 1, "current_state_value": 0.4926448973591814, "usb_device": {"bus": 1, "path": "/devices/pci0000:00/0000:00:14.0/usb1/1-1", "port": [1], "device": 2, "idVendor": 1452, "manufacturer": "Apple Inc.", "idProduct": 4705, "product": "iPod"}, "device_handle": {"value": 0.4926448973591814}, "last_update_time": "2015-10-23T13:01:30.383210"}
2015-10-23 13:01:31,384 - monitoring_application - INFO - {"read_method": {}, "units": "Test", "channel_number": 1, "current_state_value": 0.4926448973591814, "usb_device": {"bus": 1, "path": "/devices/pci0000:00/0000:00:14.0/usb1/1-1", "port": [1], "device": 2, "idVendor": 1452, "manufacturer": "Apple Inc.", "idProduct": 4705, "product": "iPod"}, "device_handle": {"value": 0.4926448973591814}, "last_update_time": "2015-10-23T13:01:31.384527"}
2015-10-23 13:01:32,385 - monitoring_application - INFO - {"read_method": {}, "units": "Test", "channel_number": 1, "current_state_value": 0.4926448973591814, "usb_device": {"bus": 1, "path": "/devices/pci0000:00/0000:00:14.0/usb1/1-1", "port": [1], "device": 2, "idVendor": 1452, "manufacturer": "Apple Inc.", "idProduct": 4705, "product": "iPod"}, "device_handle": {"value": 0.4926448973591814}, "last_update_time": "2015-10-23T13:01:32.385753"}
2015-10-23 13:01:33,387 - monitoring_application - INFO - {"read_method": {}, "units": "Test", "channel_number": 1, "current_state_value": 0.4926448973591814, "usb_device": {"bus": 1, "path": "/devices/pci0000:00/0000:00:14.0/usb1/1-1", "port": [1], "device": 2, "idVendor": 1452, "manufacturer": "Apple Inc.", "idProduct": 4705, "product": "iPod"}, "device_handle": {"value": 0.4926448973591814}, "last_update_time": "2015-10-23T13:01:33.387073"}
2015-10-23 13:01:34,388 - monitoring_application - INFO - {"read_method": {}, "units": "Test", "channel_number": 1, "current_state_value": 0.4926448973591814, "usb_device": {"bus": 1, "path": "/devices/pci0000:00/0000:00:14.0/usb1/1-1", "port": [1], "device": 2, "idVendor": 1452, "manufacturer": "Apple Inc.", "idProduct": 4705, "product": "iPod"}, "device_handle": {"value": 0.4926448973591814}, "last_update_time": "2015-10-23T13:01:34.388395"}
2015-10-23 13:01:35,389 - monitoring_application - INFO - {"read_method": {}, "units": "Test", "channel_number": 1, "current_state_value": 0.4926448973591814, "usb_device": {"bus": 1, "path": "/devices/pci0000:00/0000:00:14.0/usb1/1-1", "port": [1], "device": 2, "idVendor": 1452, "manufacturer": "Apple Inc.", "idProduct": 4705, "product": "iPod"}, "device_handle": {"value": 0.4926448973591814}, "last_update_time": "2015-10-23T13:01:35.389714"}
2015-10-23 13:01:36,391 - monitoring_application - INFO - {"read_method": {}, "units": "Test", "channel_number": 1, "current_state_value": 0.4926448973591814, "usb_device": {"bus": 1, "path": "/devices/pci0000:00/0000:00:14.0/usb1/1-1", "port": [1], "device": 2, "idVendor": 1452, "manufacturer": "Apple Inc.", "idProduct": 4705, "product": "iPod"}, "device_handle": {"value": 0.4926448973591814}, "last_update_time": "2015-10-23T13:01:36.391025"}
2015-10-23 13:01:37,392 - monitoring_application - INFO - {"read_method": {}, "units": "Test", "channel_number": 1, "current_state_value": 0.4926448973591814, "usb_device": {"bus": 1, "path": "/devices/pci0000:00/0000:00:14.0/usb1/1-1", "port": [1], "device": 2, "idVendor": 1452, "manufacturer": "Apple Inc.", "idProduct": 4705, "product": "iPod"}, "device_handle": {"value": 0.4926448973591814}, "last_update_time": "2015-10-23T13:01:37.392335"}
2015-10-23 13:01:38,393 - monitoring_application - INFO - {"read_method": {}, "units": "Test", "channel_number": 1, "current_state_value": 0.4926448973591814, "usb_device": {"bus": 1, "path": "/devices/pci0000:00/0000:00:14.0/usb1/1-1", "port": [1], "device": 2, "idVendor": 1452, "manufacturer": "Apple Inc.", "idProduct": 4705, "product": "iPod"}, "device_handle": {"value": 0.4926448973591814}, "last_update_time": "2015-10-23T13:01:38.393674"}
2015-10-23 13:01:39,395 - monitoring_application - INFO - {"read_method": {}, "units": "Test", "channel_number": 1, "current_state_value": 0.4926448973591814, "usb_device": {"bus": 1, "path": "/devices/pci0000:00/0000:00:14.0/usb1/1-1", "port": [1], "device": 2, "idVendor": 1452, "manufacturer": "Apple Inc.", "idProduct": 4705, "product": "iPod"}, "device_handle": {"value": 0.4926448973591814}, "last_update_time": "2015-10-23T13:01:39.395004"}
2015-10-23 13:01:40,396 - monitoring_application - INFO - {"read_method": {}, "units": "Test", "channel_number": 1, "current_state_value": 0.4926448973591814, "usb_device": {"bus": 1, "path": "/devices/pci0000:00/0000:00:14.0/usb1/1-1", "port": [1], "device": 2, "idVendor": 1452, "manufacturer": "Apple Inc.", "idProduct": 4705, "product": "iPod"}, "device_handle": {"value": 0.4926448973591814}, "last_update_time": "2015-10-23T13:01:40.396325"}
2015-10-23 13:01:41,397 - monitoring_application - INFO - {"read_method": {}, "units": "Test", "channel_number": 1, "current_state_value": 0.4926448973591814, "usb_device": {"bus": 1, "path": "/devices/pci0000:00/0000:00:14.0/usb1/1-1", "port": [1], "device": 2, "idVendor": 1452, "manufacturer": "Apple Inc.", "idProduct": 4705, "product": "iPod"}, "device_handle": {"value": 0.4926448973591814}, "last_update_time": "2015-10-23T13:01:41.397645"}
2015-10-23 13:01:41,519 - monitoring_application - INFO - USB Port Controller stopping
