2015-03-10 18:10:52,674 - monitoring_application - WARNING - Monitoring Controller started
2015-03-10 18:10:52,674 - monitoring_application - INFO - Environment Controller initializing
2015-03-10 18:10:52,692 - monitoring_application - INFO - Environment Controller initialized
2015-03-10 18:10:52,693 - monitoring_application - INFO - Atmospheric Condition Controller initializing
2015-03-10 18:10:52,695 - monitoring_application - INFO - Creating condition controller with conditions: [QuantitativeProperty(id=1, type=Temperature, channel_bus=3, channel_address=2, channel_number=1, recording_frequency=15, expectation=Expectation(id=1, units=Celsius, low=-90.0, high=-80.0))]
2015-03-10 18:10:52,696 - monitoring_application - INFO - Atmospheric Condition Controller initialized
2015-03-10 18:10:52,696 - monitoring_application - INFO - Transmitter Controller initializing
2015-03-10 18:10:52,775 - monitoring_application - INFO - Transmitter cache contents:
2015-03-10 18:10:52,775 - monitoring_application - INFO - ---------------------------
2015-03-10 18:10:52,776 - monitoring_application - INFO - _TransmitterIdent(Status Instruments, SEM710, 1027, 47794, ['Celsius'], <built-in function open_method>, <built-in function read_channel_method>, <built-in function close_method>)
2015-03-10 18:10:52,776 - monitoring_application - INFO - ---------------------------
2015-03-10 18:10:52,776 - monitoring_application - INFO - Transmitter Controller initialized
2015-03-10 18:10:52,776 - monitoring_application - INFO - Admin Controller initializing
2015-03-10 18:10:52,778 - monitoring_application - INFO - Admin Controller initialized
2015-03-10 18:10:52,778 - monitoring_application - INFO - Transmitter channels opening
2015-03-10 18:12:10,876 - monitoring_application - WARNING - Monitoring Controller started
2015-03-10 18:12:10,876 - monitoring_application - INFO - Environment Controller initializing
2015-03-10 18:12:10,894 - monitoring_application - INFO - Environment Controller initialized
2015-03-10 18:12:10,895 - monitoring_application - INFO - Atmospheric Condition Controller initializing
2015-03-10 18:12:10,898 - monitoring_application - INFO - Creating condition controller with conditions: [QuantitativeProperty(id=1, type=Temperature, channel_bus=3, channel_address=2, channel_number=1, recording_frequency=15, expectation=Expectation(id=1, units=Celsius, low=-90.0, high=-80.0))]
2015-03-10 18:12:10,898 - monitoring_application - INFO - Atmospheric Condition Controller initialized
2015-03-10 18:12:10,898 - monitoring_application - INFO - Transmitter Controller initializing
2015-03-10 18:12:10,923 - monitoring_application - INFO - Transmitter cache contents:
2015-03-10 18:12:10,923 - monitoring_application - INFO - ---------------------------
2015-03-10 18:12:10,923 - monitoring_application - INFO - _TransmitterIdent(Status Instruments, SEM710, 1027, 47794, ['Celsius'], <built-in function open_method>, <built-in function read_channel_method>, <built-in function close_method>)
2015-03-10 18:12:10,923 - monitoring_application - INFO - ---------------------------
2015-03-10 18:12:10,924 - monitoring_application - INFO - Transmitter Controller initialized
2015-03-10 18:12:10,924 - monitoring_application - INFO - Admin Controller initializing
2015-03-10 18:12:10,927 - monitoring_application - INFO - Admin Controller initialized
2015-03-10 18:12:10,928 - monitoring_application - INFO - Transmitter channels opening
2015-03-10 18:12:11,004 - monitoring_application - INFO - Opened channels: [Channel(bus=3, address=2, channel_number=1, device_handle=<Swig Object of type 'struct ftdi_context *' at 0x7fcafcb83c60>, read_method=<built-in function read_channel_method>, units=Celsius)]
2015-03-10 18:12:11,004 - monitoring_application - INFO - Transmitter channels opened
2015-03-10 18:12:11,004 - monitoring_application - INFO - Assigning transmitter channels
2015-03-10 18:12:11,005 - monitoring_application - INFO - QuantitativeProperty(id=1, type=Temperature, channel_bus=3, channel_address=2, channel_number=1, recording_frequency=15, expectation=Expectation(id=1, units=Celsius, low=-90.0, high=-80.0)) matched Channel(bus=3, address=2, channel_number=1, device_handle=<Swig Object of type 'struct ftdi_context *' at 0x7fcafcb83c60>, read_method=<built-in function read_channel_method>, units=Celsius)
2015-03-10 18:12:11,005 - monitoring_application - INFO - Transmitter channels assigned
2015-03-10 18:12:11,005 - monitoring_application - INFO - Errors: []
2015-03-10 18:12:11,005 - monitoring_application - INFO - Load block complete
2015-03-10 18:17:16,501 - monitoring_application - WARNING - Monitoring Controller started
2015-03-10 18:17:16,501 - monitoring_application - INFO - Environment Controller initializing
2015-03-10 18:17:16,520 - monitoring_application - INFO - Environment Controller initialized
2015-03-10 18:17:16,520 - monitoring_application - INFO - Atmospheric Condition Controller initializing
2015-03-10 18:17:16,523 - monitoring_application - INFO - Creating condition controller with conditions: [QuantitativeProperty(id=1, type=Temperature, channel_bus=3, channel_address=2, channel_number=1, recording_frequency=15, expectation=Expectation(id=1, units=Celsius, low=-90.0, high=-80.0))]
2015-03-10 18:17:16,523 - monitoring_application - INFO - Atmospheric Condition Controller initialized
2015-03-10 18:17:16,523 - monitoring_application - INFO - Transmitter Controller initializing
2015-03-10 18:17:16,547 - monitoring_application - INFO - Transmitter cache contents:
2015-03-10 18:17:16,547 - monitoring_application - INFO - ---------------------------
2015-03-10 18:17:16,547 - monitoring_application - INFO - _TransmitterIdent(Status Instruments, SEM710, 1027, 47794, ['Celsius'], <built-in function open_method>, <built-in function read_channel_method>, <built-in function close_method>)
2015-03-10 18:17:16,547 - monitoring_application - INFO - ---------------------------
2015-03-10 18:17:16,548 - monitoring_application - INFO - Transmitter Controller initialized
2015-03-10 18:17:16,548 - monitoring_application - INFO - Admin Controller initializing
2015-03-10 18:17:16,549 - monitoring_application - INFO - Admin Controller initialized
2015-03-10 18:17:16,550 - monitoring_application - INFO - Transmitter channels opening
2015-03-10 18:17:16,624 - monitoring_application - INFO - Opened channels: [Channel(bus=3, address=2, channel_number=1, device_handle=<Swig Object of type 'struct ftdi_context *' at 0x7ff7c3bf3de0>, read_method=<built-in function read_channel_method>, units=Celsius)]
2015-03-10 18:17:16,624 - monitoring_application - INFO - Transmitter channels opened
2015-03-10 18:17:16,624 - monitoring_application - INFO - Assigning transmitter channels
2015-03-10 18:17:16,625 - monitoring_application - INFO - QuantitativeProperty(id=1, type=Temperature, channel_bus=3, channel_address=2, channel_number=1, recording_frequency=15, expectation=Expectation(id=1, units=Celsius, low=-90.0, high=-80.0)) matched Channel(bus=3, address=2, channel_number=1, device_handle=<Swig Object of type 'struct ftdi_context *' at 0x7ff7c3bf3de0>, read_method=<built-in function read_channel_method>, units=Celsius)
2015-03-10 18:17:16,625 - monitoring_application - INFO - Transmitter channels assigned
2015-03-10 18:17:16,625 - monitoring_application - INFO - Errors: []
2015-03-10 18:17:16,625 - monitoring_application - INFO - Load block complete
2015-03-10 18:17:28,285 - monitoring_application - WARNING - Monitoring Controller started
2015-03-10 18:17:28,286 - monitoring_application - INFO - Environment Controller initializing
2015-03-10 18:17:28,304 - monitoring_application - INFO - Environment Controller initialized
2015-03-10 18:17:28,304 - monitoring_application - INFO - Atmospheric Condition Controller initializing
2015-03-10 18:17:28,307 - monitoring_application - INFO - Creating condition controller with conditions: [QuantitativeProperty(id=1, type=Temperature, channel_bus=3, channel_address=2, channel_number=1, recording_frequency=15, expectation=Expectation(id=1, units=Celsius, low=-90.0, high=-80.0))]
2015-03-10 18:17:28,307 - monitoring_application - INFO - Atmospheric Condition Controller initialized
2015-03-10 18:17:28,307 - monitoring_application - INFO - Transmitter Controller initializing
2015-03-10 18:17:28,331 - monitoring_application - INFO - Transmitter cache contents:
2015-03-10 18:17:28,331 - monitoring_application - INFO - ---------------------------
2015-03-10 18:17:28,331 - monitoring_application - INFO - _TransmitterIdent(Status Instruments, SEM710, 1027, 47794, ['Celsius'], <built-in function open_method>, <built-in function read_channel_method>, <built-in function close_method>)
2015-03-10 18:17:28,331 - monitoring_application - INFO - ---------------------------
2015-03-10 18:17:28,332 - monitoring_application - INFO - Transmitter Controller initialized
2015-03-10 18:17:28,332 - monitoring_application - INFO - Admin Controller initializing
2015-03-10 18:17:28,333 - monitoring_application - INFO - Admin Controller initialized
2015-03-10 18:17:28,333 - monitoring_application - INFO - Transmitter channels opening
2015-03-10 18:17:28,408 - monitoring_application - INFO - Opened channels: [Channel(bus=3, address=2, channel_number=1, device_handle=<Swig Object of type 'struct ftdi_context *' at 0x7f4a5b121de0>, read_method=<built-in function read_channel_method>, units=Celsius)]
2015-03-10 18:17:28,408 - monitoring_application - INFO - Transmitter channels opened
2015-03-10 18:17:28,408 - monitoring_application - INFO - Assigning transmitter channels
2015-03-10 18:17:28,409 - monitoring_application - INFO - QuantitativeProperty(id=1, type=Temperature, channel_bus=3, channel_address=2, channel_number=1, recording_frequency=15, expectation=Expectation(id=1, units=Celsius, low=-90.0, high=-80.0)) matched Channel(bus=3, address=2, channel_number=1, device_handle=<Swig Object of type 'struct ftdi_context *' at 0x7f4a5b121de0>, read_method=<built-in function read_channel_method>, units=Celsius)
2015-03-10 18:17:28,409 - monitoring_application - INFO - Transmitter channels assigned
2015-03-10 18:17:28,409 - monitoring_application - INFO - Errors: []
2015-03-10 18:17:28,409 - monitoring_application - INFO - Load block complete
2015-03-10 18:17:32,534 - monitoring_application - WARNING - Monitoring Controller stopped
2015-03-10 18:17:36,342 - monitoring_application - WARNING - Monitoring Controller started
2015-03-10 18:17:36,342 - monitoring_application - INFO - Environment Controller initializing
2015-03-10 18:17:36,361 - monitoring_application - INFO - Environment Controller initialized
2015-03-10 18:17:36,361 - monitoring_application - INFO - Atmospheric Condition Controller initializing
2015-03-10 18:17:36,364 - monitoring_application - INFO - Creating condition controller with conditions: [QuantitativeProperty(id=1, type=Temperature, channel_bus=3, channel_address=2, channel_number=1, recording_frequency=15, expectation=Expectation(id=1, units=Celsius, low=-90.0, high=-80.0))]
2015-03-10 18:17:36,364 - monitoring_application - INFO - Atmospheric Condition Controller initialized
2015-03-10 18:17:36,365 - monitoring_application - INFO - Transmitter Controller initializing
2015-03-10 18:17:36,388 - monitoring_application - INFO - Transmitter cache contents:
2015-03-10 18:17:36,388 - monitoring_application - INFO - ---------------------------
2015-03-10 18:17:36,389 - monitoring_application - INFO - _TransmitterIdent(Status Instruments, SEM710, 1027, 47794, ['Celsius'], <built-in function open_method>, <built-in function read_channel_method>, <built-in function close_method>)
2015-03-10 18:17:36,389 - monitoring_application - INFO - ---------------------------
2015-03-10 18:17:36,389 - monitoring_application - INFO - Transmitter Controller initialized
2015-03-10 18:17:36,389 - monitoring_application - INFO - Admin Controller initializing
2015-03-10 18:17:36,393 - monitoring_application - INFO - Admin Controller initialized
2015-03-10 18:17:36,393 - monitoring_application - INFO - Transmitter channels opening
2015-03-10 18:17:36,468 - monitoring_application - INFO - Opened channels: [Channel(bus=3, address=2, channel_number=1, device_handle=<Swig Object of type 'struct ftdi_context *' at 0x7f9eea538900>, read_method=<built-in function read_channel_method>, units=Celsius)]
2015-03-10 18:17:36,468 - monitoring_application - INFO - Transmitter channels opened
2015-03-10 18:17:36,468 - monitoring_application - INFO - Assigning transmitter channels
2015-03-10 18:17:36,469 - monitoring_application - INFO - QuantitativeProperty(id=1, type=Temperature, channel_bus=3, channel_address=2, channel_number=1, recording_frequency=15, expectation=Expectation(id=1, units=Celsius, low=-90.0, high=-80.0)) matched Channel(bus=3, address=2, channel_number=1, device_handle=<Swig Object of type 'struct ftdi_context *' at 0x7f9eea538900>, read_method=<built-in function read_channel_method>, units=Celsius)
2015-03-10 18:17:36,469 - monitoring_application - INFO - Transmitter channels assigned
2015-03-10 18:17:36,469 - monitoring_application - INFO - Errors: []
2015-03-10 18:17:36,469 - monitoring_application - INFO - Load block complete
2015-03-10 18:17:54,751 - monitoring_application - WARNING - Monitoring Controller stopped
2015-03-10 18:18:05,002 - monitoring_application - WARNING - Monitoring Controller started
2015-03-10 18:18:05,002 - monitoring_application - INFO - Environment Controller initializing
2015-03-10 18:18:05,020 - monitoring_application - INFO - Environment Controller initialized
2015-03-10 18:18:05,021 - monitoring_application - INFO - Atmospheric Condition Controller initializing
2015-03-10 18:18:05,024 - monitoring_application - INFO - Creating condition controller with conditions: [QuantitativeProperty(id=1, type=Temperature, channel_bus=3, channel_address=2, channel_number=1, recording_frequency=15, expectation=Expectation(id=1, units=Celsius, low=-90.0, high=-80.0))]
2015-03-10 18:18:05,024 - monitoring_application - INFO - Atmospheric Condition Controller initialized
2015-03-10 18:18:05,024 - monitoring_application - INFO - Transmitter Controller initializing
2015-03-10 18:18:05,047 - monitoring_application - INFO - Transmitter cache contents:
2015-03-10 18:18:05,048 - monitoring_application - INFO - ---------------------------
2015-03-10 18:18:05,048 - monitoring_application - INFO - _TransmitterIdent(Status Instruments, SEM710, 1027, 47794, ['Celsius'], <built-in function open_method>, <built-in function read_channel_method>, <built-in function close_method>)
2015-03-10 18:18:05,048 - monitoring_application - INFO - ---------------------------
2015-03-10 18:18:05,049 - monitoring_application - INFO - Transmitter Controller initialized
2015-03-10 18:18:05,050 - monitoring_application - INFO - Admin Controller initializing
2015-03-10 18:18:05,052 - monitoring_application - INFO - Admin Controller initialized
2015-03-10 18:18:05,052 - monitoring_application - INFO - Transmitter channels opening
2015-03-10 18:18:05,128 - monitoring_application - INFO - Opened channels: [Channel(bus=3, address=2, channel_number=1, device_handle=<Swig Object of type 'struct ftdi_context *' at 0x7f3e76dbbae0>, read_method=<built-in function read_channel_method>, units=Celsius)]
2015-03-10 18:18:05,128 - monitoring_application - INFO - Transmitter channels opened
2015-03-10 18:18:05,129 - monitoring_application - INFO - Assigning transmitter channels
2015-03-10 18:18:05,129 - monitoring_application - INFO - QuantitativeProperty(id=1, type=Temperature, channel_bus=3, channel_address=2, channel_number=1, recording_frequency=15, expectation=Expectation(id=1, units=Celsius, low=-90.0, high=-80.0)) matched Channel(bus=3, address=2, channel_number=1, device_handle=<Swig Object of type 'struct ftdi_context *' at 0x7f3e76dbbae0>, read_method=<built-in function read_channel_method>, units=Celsius)
2015-03-10 18:18:05,129 - monitoring_application - INFO - Transmitter channels assigned
2015-03-10 18:18:05,129 - monitoring_application - INFO - Errors: []
2015-03-10 18:18:05,130 - monitoring_application - INFO - Load block complete
2015-03-10 18:18:25,844 - monitoring_application - WARNING - Monitoring Controller stopped
2015-03-10 18:39:37,085 - monitoring_application - WARNING - Monitoring Controller started
2015-03-10 18:39:37,085 - monitoring_application - INFO - Environment Controller initializing
2015-03-10 18:39:37,105 - monitoring_application - INFO - Environment Controller initialized
2015-03-10 18:39:37,106 - monitoring_application - INFO - Atmospheric Condition Controller initializing
2015-03-10 18:39:37,109 - monitoring_application - INFO - Creating condition controller with conditions: [QuantitativeProperty(id=1, type=Temperature, channel_bus=3, channel_address=2, channel_number=1, recording_frequency=15, expectation=Expectation(id=1, units=Celsius, low=-90.0, high=-80.0))]
2015-03-10 18:39:37,109 - monitoring_application - INFO - Atmospheric Condition Controller initialized
2015-03-10 18:39:37,109 - monitoring_application - INFO - Transmitter Controller initializing
2015-03-10 18:39:37,195 - monitoring_application - INFO - Transmitter cache contents:
2015-03-10 18:39:37,196 - monitoring_application - INFO - ---------------------------
2015-03-10 18:39:37,196 - monitoring_application - INFO - _TransmitterIdent(Status Instruments, SEM710, 1027, 47794, ['Celsius'], <built-in function open_method>, <built-in function read_channel_method>, <built-in function close_method>)
2015-03-10 18:39:37,196 - monitoring_application - INFO - ---------------------------
2015-03-10 18:39:37,197 - monitoring_application - INFO - Transmitter Controller initialized
2015-03-10 18:39:37,197 - monitoring_application - INFO - Admin Controller initializing
2015-03-10 18:39:37,200 - monitoring_application - INFO - Admin Controller initialized
2015-03-10 18:39:37,200 - monitoring_application - INFO - Transmitter channels opening
2015-03-10 18:39:37,276 - monitoring_application - INFO - Opened channels: [Channel(bus=3, address=2, channel_number=1, device_handle=<Swig Object of type 'struct ftdi_context *' at 0x7fe7d8bcce10>, read_method=<built-in function read_channel_method>, units=Celsius)]
2015-03-10 18:39:37,276 - monitoring_application - INFO - Transmitter channels opened
2015-03-10 18:39:37,276 - monitoring_application - INFO - Assigning transmitter channels
2015-03-10 18:39:37,277 - monitoring_application - INFO - QuantitativeProperty(id=1, type=Temperature, channel_bus=3, channel_address=2, channel_number=1, recording_frequency=15, expectation=Expectation(id=1, units=Celsius, low=-90.0, high=-80.0)) matched Channel(bus=3, address=2, channel_number=1, device_handle=<Swig Object of type 'struct ftdi_context *' at 0x7fe7d8bcce10>, read_method=<built-in function read_channel_method>, units=Celsius)
2015-03-10 18:39:37,277 - monitoring_application - INFO - Transmitter channels assigned
2015-03-10 18:39:37,277 - monitoring_application - INFO - Errors: []
2015-03-10 18:39:37,277 - monitoring_application - INFO - Load block complete
2015-03-10 18:39:40,029 - monitoring_application - WARNING - Monitoring Controller stopped
2015-03-10 18:42:18,872 - monitoring_application - WARNING - Monitoring Controller started
2015-03-10 18:42:18,872 - monitoring_application - INFO - Environment Controller initializing
2015-03-10 18:42:18,891 - monitoring_application - INFO - Environment Controller initialized
2015-03-10 18:42:18,891 - monitoring_application - INFO - Atmospheric Condition Controller initializing
2015-03-10 18:42:18,894 - monitoring_application - INFO - Creating condition controller with conditions: [QuantitativeProperty(id=1, type=Temperature, channel_bus=3, channel_address=2, channel_number=1, recording_frequency=15, expectation=Expectation(id=1, units=Celsius, low=-90.0, high=-80.0))]
2015-03-10 18:42:18,895 - monitoring_application - INFO - Atmospheric Condition Controller initialized
2015-03-10 18:42:18,895 - monitoring_application - INFO - Transmitter Controller initializing
2015-03-10 18:42:18,919 - monitoring_application - INFO - Transmitter cache contents:
2015-03-10 18:42:18,920 - monitoring_application - INFO - ---------------------------
2015-03-10 18:42:18,920 - monitoring_application - INFO - _TransmitterIdent(Status Instruments, SEM710, 1027, 47794, ['Celsius'], <built-in function open_method>, <built-in function read_channel_method>, <built-in function close_method>)
2015-03-10 18:42:18,921 - monitoring_application - INFO - ---------------------------
2015-03-10 18:42:18,921 - monitoring_application - INFO - Transmitter Controller initialized
2015-03-10 18:42:18,922 - monitoring_application - INFO - Admin Controller initializing
2015-03-10 18:42:18,924 - monitoring_application - INFO - Admin Controller initialized
2015-03-10 18:42:18,924 - monitoring_application - INFO - Transmitter channels opening
2015-03-10 18:42:19,000 - monitoring_application - INFO - Opened channels: [Channel(bus=3, address=2, channel_number=1, device_handle=<Swig Object of type 'struct ftdi_context *' at 0x7fbe89afc900>, read_method=<built-in function read_channel_method>, units=Celsius)]
2015-03-10 18:42:19,000 - monitoring_application - INFO - Transmitter channels opened
2015-03-10 18:42:19,001 - monitoring_application - INFO - Assigning transmitter channels
2015-03-10 18:42:19,001 - monitoring_application - INFO - QuantitativeProperty(id=1, type=Temperature, channel_bus=3, channel_address=2, channel_number=1, recording_frequency=15, expectation=Expectation(id=1, units=Celsius, low=-90.0, high=-80.0)) matched Channel(bus=3, address=2, channel_number=1, device_handle=<Swig Object of type 'struct ftdi_context *' at 0x7fbe89afc900>, read_method=<built-in function read_channel_method>, units=Celsius)
2015-03-10 18:42:19,001 - monitoring_application - INFO - Transmitter channels assigned
2015-03-10 18:42:19,002 - monitoring_application - INFO - Errors: []
2015-03-10 18:42:19,002 - monitoring_application - INFO - Load block complete
2015-03-10 18:50:05,117 - monitoring_application - WARNING - Monitoring Controller started
2015-03-10 18:50:05,117 - monitoring_application - INFO - Environment Controller initializing
2015-03-10 18:50:05,136 - monitoring_application - INFO - Environment Controller initialized
2015-03-10 18:50:05,136 - monitoring_application - INFO - Atmospheric Condition Controller initializing
2015-03-10 18:50:05,139 - monitoring_application - INFO - Creating condition controller with conditions: [QuantitativeProperty(id=1, type=Temperature, channel_bus=3, channel_address=2, channel_number=1, recording_frequency=15, expectation=Expectation(id=1, units=Celsius, low=-90.0, high=-80.0))]
2015-03-10 18:50:05,139 - monitoring_application - INFO - Atmospheric Condition Controller initialized
2015-03-10 18:50:05,139 - monitoring_application - INFO - Transmitter Controller initializing
2015-03-10 18:50:05,164 - monitoring_application - INFO - Transmitter cache contents:
2015-03-10 18:50:05,164 - monitoring_application - INFO - ---------------------------
2015-03-10 18:50:05,165 - monitoring_application - INFO - _TransmitterIdent(Status Instruments, SEM710, 1027, 47794, ['Celsius'], <built-in function open_method>, <built-in function read_channel_method>, <built-in function close_method>)
2015-03-10 18:50:05,165 - monitoring_application - INFO - ---------------------------
2015-03-10 18:50:05,166 - monitoring_application - INFO - Transmitter Controller initialized
2015-03-10 18:50:05,166 - monitoring_application - INFO - Admin Controller initializing
2015-03-10 18:50:05,170 - monitoring_application - INFO - Admin Controller initialized
2015-03-10 18:50:05,170 - monitoring_application - INFO - Transmitter channels opening
2015-03-10 18:50:05,244 - monitoring_application - INFO - Opened channels: [Channel(bus=3, address=2, channel_number=1, device_handle=<Swig Object of type 'struct ftdi_context *' at 0x7fe0bba9ccc0>, read_method=<built-in function read_channel_method>, units=Celsius)]
2015-03-10 18:50:05,245 - monitoring_application - INFO - Transmitter channels opened
2015-03-10 18:50:05,245 - monitoring_application - INFO - Assigning transmitter channels
2015-03-10 18:50:05,245 - monitoring_application - INFO - QuantitativeProperty(id=1, type=Temperature, channel_bus=3, channel_address=2, channel_number=1, recording_frequency=15, expectation=Expectation(id=1, units=Celsius, low=-90.0, high=-80.0)) matched Channel(bus=3, address=2, channel_number=1, device_handle=<Swig Object of type 'struct ftdi_context *' at 0x7fe0bba9ccc0>, read_method=<built-in function read_channel_method>, units=Celsius)
2015-03-10 18:50:05,245 - monitoring_application - INFO - Transmitter channels assigned
2015-03-10 18:50:05,246 - monitoring_application - INFO - Errors: []
2015-03-10 18:50:05,246 - monitoring_application - INFO - Load block complete
2015-03-10 18:50:21,335 - monitoring_application - WARNING - Monitoring Controller started
2015-03-10 18:50:21,335 - monitoring_application - INFO - Environment Controller initializing
2015-03-10 18:50:21,354 - monitoring_application - INFO - Environment Controller initialized
2015-03-10 18:50:21,354 - monitoring_application - INFO - Atmospheric Condition Controller initializing
2015-03-10 18:50:21,357 - monitoring_application - INFO - Creating condition controller with conditions: [QuantitativeProperty(id=1, type=Temperature, channel_bus=3, channel_address=2, channel_number=1, recording_frequency=15, expectation=Expectation(id=1, units=Celsius, low=-90.0, high=-80.0))]
2015-03-10 18:50:21,357 - monitoring_application - INFO - Atmospheric Condition Controller initialized
2015-03-10 18:50:21,357 - monitoring_application - INFO - Transmitter Controller initializing
2015-03-10 18:50:21,382 - monitoring_application - INFO - Transmitter cache contents:
2015-03-10 18:50:21,383 - monitoring_application - INFO - ---------------------------
2015-03-10 18:50:21,383 - monitoring_application - INFO - _TransmitterIdent(Status Instruments, SEM710, 1027, 47794, ['Celsius'], <built-in function open_method>, <built-in function read_channel_method>, <built-in function close_method>)
2015-03-10 18:50:21,383 - monitoring_application - INFO - ---------------------------
2015-03-10 18:50:21,384 - monitoring_application - INFO - Transmitter Controller initialized
2015-03-10 18:50:21,384 - monitoring_application - INFO - Admin Controller initializing
2015-03-10 18:50:21,386 - monitoring_application - INFO - Admin Controller initialized
2015-03-10 18:50:21,386 - monitoring_application - INFO - Transmitter channels opening
2015-03-10 18:50:21,460 - monitoring_application - INFO - Opened channels: [Channel(bus=3, address=2, channel_number=1, device_handle=<Swig Object of type 'struct ftdi_context *' at 0x7fda30853cc0>, read_method=<built-in function read_channel_method>, units=Celsius)]
2015-03-10 18:50:21,460 - monitoring_application - INFO - Transmitter channels opened
2015-03-10 18:50:21,460 - monitoring_application - INFO - Assigning transmitter channels
2015-03-10 18:50:21,461 - monitoring_application - INFO - QuantitativeProperty(id=1, type=Temperature, channel_bus=3, channel_address=2, channel_number=1, recording_frequency=15, expectation=Expectation(id=1, units=Celsius, low=-90.0, high=-80.0)) matched Channel(bus=3, address=2, channel_number=1, device_handle=<Swig Object of type 'struct ftdi_context *' at 0x7fda30853cc0>, read_method=<built-in function read_channel_method>, units=Celsius)
2015-03-10 18:50:21,461 - monitoring_application - INFO - Transmitter channels assigned
2015-03-10 18:50:21,461 - monitoring_application - INFO - Errors: []
2015-03-10 18:50:21,462 - monitoring_application - INFO - Load block complete
2015-03-10 18:50:37,983 - monitoring_application - WARNING - Monitoring Controller stopped
2015-03-10 18:51:32,860 - monitoring_application - WARNING - Monitoring Controller started
2015-03-10 18:51:32,860 - monitoring_application - INFO - Environment Controller initializing
2015-03-10 18:51:32,879 - monitoring_application - INFO - Environment Controller initialized
2015-03-10 18:51:32,879 - monitoring_application - INFO - Atmospheric Condition Controller initializing
2015-03-10 18:51:32,882 - monitoring_application - INFO - Creating condition controller with conditions: [QuantitativeProperty(id=1, type=Temperature, channel_bus=3, channel_address=2, channel_number=1, recording_frequency=15, expectation=Expectation(id=1, units=Celsius, low=-90.0, high=-80.0))]
2015-03-10 18:51:32,882 - monitoring_application - INFO - Atmospheric Condition Controller initialized
2015-03-10 18:51:32,882 - monitoring_application - INFO - Transmitter Controller initializing
2015-03-10 18:51:32,905 - monitoring_application - INFO - Transmitter cache contents:
2015-03-10 18:51:32,906 - monitoring_application - INFO - ---------------------------
2015-03-10 18:51:32,906 - monitoring_application - INFO - _TransmitterIdent(Status Instruments, SEM710, 1027, 47794, ['Celsius'], <built-in function open_method>, <built-in function read_channel_method>, <built-in function close_method>)
2015-03-10 18:51:32,906 - monitoring_application - INFO - ---------------------------
2015-03-10 18:51:32,907 - monitoring_application - INFO - Transmitter Controller initialized
2015-03-10 18:51:32,907 - monitoring_application - INFO - Admin Controller initializing
2015-03-10 18:51:32,909 - monitoring_application - INFO - Admin Controller initialized
2015-03-10 18:51:32,909 - monitoring_application - INFO - Transmitter channels opening
2015-03-10 18:51:32,984 - monitoring_application - INFO - Opened channels: [Channel(bus=3, address=2, channel_number=1, device_handle=<Swig Object of type 'struct ftdi_context *' at 0x7ff2ecee6810>, read_method=<built-in function read_channel_method>, units=Celsius)]
2015-03-10 18:51:32,984 - monitoring_application - INFO - Transmitter channels opened
2015-03-10 18:51:32,984 - monitoring_application - INFO - Assigning transmitter channels
2015-03-10 18:51:32,985 - monitoring_application - INFO - QuantitativeProperty(id=1, type=Temperature, channel_bus=3, channel_address=2, channel_number=1, recording_frequency=15, expectation=Expectation(id=1, units=Celsius, low=-90.0, high=-80.0)) matched Channel(bus=3, address=2, channel_number=1, device_handle=<Swig Object of type 'struct ftdi_context *' at 0x7ff2ecee6810>, read_method=<built-in function read_channel_method>, units=Celsius)
2015-03-10 18:51:32,985 - monitoring_application - INFO - Transmitter channels assigned
2015-03-10 18:51:32,985 - monitoring_application - INFO - Errors: []
2015-03-10 18:51:32,985 - monitoring_application - INFO - Load block complete
2015-03-10 18:51:47,433 - monitoring_application - WARNING - Monitoring Controller stopped
2015-03-10 18:52:30,186 - monitoring_application - WARNING - Monitoring Controller started
2015-03-10 18:52:30,187 - monitoring_application - INFO - Environment Controller initializing
2015-03-10 18:52:30,205 - monitoring_application - INFO - Environment Controller initialized
2015-03-10 18:52:30,205 - monitoring_application - INFO - Atmospheric Condition Controller initializing
2015-03-10 18:52:30,208 - monitoring_application - INFO - Creating condition controller with conditions: [QuantitativeProperty(id=1, type=Temperature, channel_bus=3, channel_address=2, channel_number=1, recording_frequency=15, expectation=Expectation(id=1, units=Celsius, low=-90.0, high=-80.0))]
2015-03-10 18:52:30,208 - monitoring_application - INFO - Atmospheric Condition Controller initialized
2015-03-10 18:52:30,209 - monitoring_application - INFO - Transmitter Controller initializing
2015-03-10 18:52:30,232 - monitoring_application - INFO - Transmitter cache contents:
2015-03-10 18:52:30,233 - monitoring_application - INFO - ---------------------------
2015-03-10 18:52:30,233 - monitoring_application - INFO - _TransmitterIdent(Status Instruments, SEM710, 1027, 47794, ['Celsius'], <built-in function open_method>, <built-in function read_channel_method>, <built-in function close_method>)
2015-03-10 18:52:30,233 - monitoring_application - INFO - ---------------------------
2015-03-10 18:52:30,234 - monitoring_application - INFO - Transmitter Controller initialized
2015-03-10 18:52:30,235 - monitoring_application - INFO - Admin Controller initializing
2015-03-10 18:52:30,238 - monitoring_application - INFO - Admin Controller initialized
2015-03-10 18:52:30,238 - monitoring_application - INFO - Transmitter channels opening
2015-03-10 18:52:30,312 - monitoring_application - INFO - Opened channels: [Channel(bus=3, address=2, channel_number=1, device_handle=<Swig Object of type 'struct ftdi_context *' at 0x7fc93d0a4ae0>, read_method=<built-in function read_channel_method>, units=Celsius)]
2015-03-10 18:52:30,312 - monitoring_application - INFO - Transmitter channels opened
2015-03-10 18:52:30,312 - monitoring_application - INFO - Assigning transmitter channels
2015-03-10 18:52:30,313 - monitoring_application - INFO - QuantitativeProperty(id=1, type=Temperature, channel_bus=3, channel_address=2, channel_number=1, recording_frequency=15, expectation=Expectation(id=1, units=Celsius, low=-90.0, high=-80.0)) matched Channel(bus=3, address=2, channel_number=1, device_handle=<Swig Object of type 'struct ftdi_context *' at 0x7fc93d0a4ae0>, read_method=<built-in function read_channel_method>, units=Celsius)
2015-03-10 18:52:30,313 - monitoring_application - INFO - Transmitter channels assigned
2015-03-10 18:52:30,313 - monitoring_application - INFO - Errors: []
2015-03-10 18:52:30,314 - monitoring_application - INFO - Load block complete
2015-03-10 18:52:33,345 - monitoring_application - WARNING - Monitoring Controller stopped
2015-03-10 18:53:28,779 - monitoring_application - WARNING - Monitoring Controller started
2015-03-10 18:53:28,779 - monitoring_application - INFO - Environment Controller initializing
2015-03-10 18:53:28,799 - monitoring_application - INFO - Environment Controller initialized
2015-03-10 18:53:28,799 - monitoring_application - INFO - Atmospheric Condition Controller initializing
2015-03-10 18:53:28,802 - monitoring_application - INFO - Creating condition controller with conditions: [QuantitativeProperty(id=1, type=Temperature, channel_bus=3, channel_address=2, channel_number=1, recording_frequency=15, expectation=Expectation(id=1, units=Celsius, low=-90.0, high=-80.0))]
2015-03-10 18:53:28,802 - monitoring_application - INFO - Atmospheric Condition Controller initialized
2015-03-10 18:53:28,802 - monitoring_application - INFO - Transmitter Controller initializing
2015-03-10 18:53:28,826 - monitoring_application - INFO - Transmitter cache contents:
2015-03-10 18:53:28,826 - monitoring_application - INFO - ---------------------------
2015-03-10 18:53:28,827 - monitoring_application - INFO - _TransmitterIdent(Status Instruments, SEM710, 1027, 47794, ['Celsius'], <built-in function open_method>, <built-in function read_channel_method>, <built-in function close_method>)
2015-03-10 18:53:28,827 - monitoring_application - INFO - ---------------------------
2015-03-10 18:53:28,828 - monitoring_application - INFO - Transmitter Controller initialized
2015-03-10 18:53:28,828 - monitoring_application - INFO - Admin Controller initializing
2015-03-10 18:53:28,831 - monitoring_application - INFO - Admin Controller initialized
2015-03-10 18:53:28,832 - monitoring_application - INFO - Transmitter channels opening
2015-03-10 18:53:28,908 - monitoring_application - INFO - Opened channels: [Channel(bus=3, address=2, channel_number=1, device_handle=<Swig Object of type 'struct ftdi_context *' at 0x7fc1be4a6330>, read_method=<built-in function read_channel_method>, units=Celsius)]
2015-03-10 18:53:28,908 - monitoring_application - INFO - Transmitter channels opened
2015-03-10 18:53:28,908 - monitoring_application - INFO - Assigning transmitter channels
2015-03-10 18:53:28,909 - monitoring_application - INFO - QuantitativeProperty(id=1, type=Temperature, channel_bus=3, channel_address=2, channel_number=1, recording_frequency=15, expectation=Expectation(id=1, units=Celsius, low=-90.0, high=-80.0)) matched Channel(bus=3, address=2, channel_number=1, device_handle=<Swig Object of type 'struct ftdi_context *' at 0x7fc1be4a6330>, read_method=<built-in function read_channel_method>, units=Celsius)
2015-03-10 18:53:28,909 - monitoring_application - INFO - Transmitter channels assigned
2015-03-10 18:53:28,909 - monitoring_application - INFO - Errors: []
2015-03-10 18:53:28,909 - monitoring_application - INFO - Load block complete
2015-03-10 18:53:30,008 - monitoring_application - WARNING - Monitoring Controller stopped
2015-03-10 18:53:34,558 - monitoring_application - WARNING - Monitoring Controller started
2015-03-10 18:53:34,559 - monitoring_application - INFO - Environment Controller initializing
2015-03-10 18:53:34,577 - monitoring_application - INFO - Environment Controller initialized
2015-03-10 18:53:34,577 - monitoring_application - INFO - Atmospheric Condition Controller initializing
2015-03-10 18:53:34,580 - monitoring_application - INFO - Creating condition controller with conditions: [QuantitativeProperty(id=1, type=Temperature, channel_bus=3, channel_address=2, channel_number=1, recording_frequency=15, expectation=Expectation(id=1, units=Celsius, low=-90.0, high=-80.0))]
2015-03-10 18:53:34,580 - monitoring_application - INFO - Atmospheric Condition Controller initialized
2015-03-10 18:53:34,581 - monitoring_application - INFO - Transmitter Controller initializing
2015-03-10 18:53:34,601 - monitoring_application - INFO - Transmitter cache contents:
2015-03-10 18:53:34,602 - monitoring_application - INFO - ---------------------------
2015-03-10 18:53:34,602 - monitoring_application - INFO - _TransmitterIdent(Status Instruments, SEM710, 1027, 47794, ['Celsius'], <built-in function open_method>, <built-in function read_channel_method>, <built-in function close_method>)
2015-03-10 18:53:34,602 - monitoring_application - INFO - ---------------------------
2015-03-10 18:53:34,602 - monitoring_application - INFO - Transmitter Controller initialized
2015-03-10 18:53:34,602 - monitoring_application - INFO - Admin Controller initializing
2015-03-10 18:53:34,604 - monitoring_application - INFO - Admin Controller initialized
2015-03-10 18:53:34,604 - monitoring_application - INFO - Transmitter channels opening
2015-03-10 18:53:34,680 - monitoring_application - INFO - Opened channels: [Channel(bus=3, address=2, channel_number=1, device_handle=<Swig Object of type 'struct ftdi_context *' at 0x7fcf42234330>, read_method=<built-in function read_channel_method>, units=Celsius)]
2015-03-10 18:53:34,681 - monitoring_application - INFO - Transmitter channels opened
2015-03-10 18:53:34,681 - monitoring_application - INFO - Assigning transmitter channels
2015-03-10 18:53:34,681 - monitoring_application - INFO - QuantitativeProperty(id=1, type=Temperature, channel_bus=3, channel_address=2, channel_number=1, recording_frequency=15, expectation=Expectation(id=1, units=Celsius, low=-90.0, high=-80.0)) matched Channel(bus=3, address=2, channel_number=1, device_handle=<Swig Object of type 'struct ftdi_context *' at 0x7fcf42234330>, read_method=<built-in function read_channel_method>, units=Celsius)
2015-03-10 18:53:34,682 - monitoring_application - INFO - Transmitter channels assigned
2015-03-10 18:53:34,682 - monitoring_application - INFO - Errors: []
2015-03-10 18:53:34,682 - monitoring_application - INFO - Load block complete
2015-03-10 18:53:37,827 - monitoring_application - WARNING - Monitoring Controller stopped
2015-03-10 18:56:21,079 - monitoring_application - WARNING - Monitoring Controller started
2015-03-10 18:56:21,079 - monitoring_application - INFO - Environment Controller initializing
2015-03-10 18:56:21,099 - monitoring_application - INFO - Environment Controller initialized
2015-03-10 18:56:21,099 - monitoring_application - INFO - Atmospheric Condition Controller initializing
2015-03-10 18:56:21,102 - monitoring_application - INFO - Creating condition controller with conditions: [QuantitativeProperty(id=1, type=Temperature, channel_bus=3, channel_address=2, channel_number=1, recording_frequency=15, expectation=Expectation(id=1, units=Celsius, low=-90.0, high=-80.0))]
2015-03-10 18:56:21,102 - monitoring_application - INFO - Atmospheric Condition Controller initialized
2015-03-10 18:56:21,102 - monitoring_application - INFO - Transmitter Controller initializing
2015-03-10 18:56:21,127 - monitoring_application - INFO - Transmitter cache contents:
2015-03-10 18:56:21,127 - monitoring_application - INFO - ---------------------------
2015-03-10 18:56:21,127 - monitoring_application - INFO - _TransmitterIdent(Status Instruments, SEM710, 1027, 47794, ['Celsius'], <built-in function open_method>, <built-in function read_channel_method>, <built-in function close_method>)
2015-03-10 18:56:21,128 - monitoring_application - INFO - ---------------------------
2015-03-10 18:56:21,129 - monitoring_application - INFO - Transmitter Controller initialized
2015-03-10 18:56:21,129 - monitoring_application - INFO - Admin Controller initializing
2015-03-10 18:56:21,131 - monitoring_application - INFO - Admin Controller initialized
2015-03-10 18:56:21,131 - monitoring_application - INFO - Transmitter channels opening
2015-03-10 18:56:21,208 - monitoring_application - INFO - Opened channels: [Channel(bus=3, address=2, channel_number=1, device_handle=<Swig Object of type 'struct ftdi_context *' at 0x7fdaeff77330>, read_method=<built-in function read_channel_method>, units=Celsius)]
2015-03-10 18:56:21,208 - monitoring_application - INFO - Transmitter channels opened
2015-03-10 18:56:21,209 - monitoring_application - INFO - Assigning transmitter channels
2015-03-10 18:56:21,209 - monitoring_application - INFO - QuantitativeProperty(id=1, type=Temperature, channel_bus=3, channel_address=2, channel_number=1, recording_frequency=15, expectation=Expectation(id=1, units=Celsius, low=-90.0, high=-80.0)) matched Channel(bus=3, address=2, channel_number=1, device_handle=<Swig Object of type 'struct ftdi_context *' at 0x7fdaeff77330>, read_method=<built-in function read_channel_method>, units=Celsius)
2015-03-10 18:56:21,209 - monitoring_application - INFO - Transmitter channels assigned
2015-03-10 18:56:21,210 - monitoring_application - INFO - Errors: []
2015-03-10 18:56:21,210 - monitoring_application - INFO - Load block complete
2015-03-10 18:59:44,332 - monitoring_application - WARNING - Monitoring Controller started
2015-03-10 18:59:44,333 - monitoring_application - INFO - Environment Controller initializing
2015-03-10 18:59:44,352 - monitoring_application - INFO - Environment Controller initialized
2015-03-10 18:59:44,352 - monitoring_application - INFO - Atmospheric Condition Controller initializing
2015-03-10 18:59:44,355 - monitoring_application - INFO - Creating condition controller with conditions: [QuantitativeProperty(id=1, type=Temperature, channel_bus=3, channel_address=2, channel_number=1, recording_frequency=15, expectation=Expectation(id=1, units=Celsius, low=-90.0, high=-80.0))]
2015-03-10 18:59:44,355 - monitoring_application - INFO - Atmospheric Condition Controller initialized
2015-03-10 18:59:44,355 - monitoring_application - INFO - Transmitter Controller initializing
2015-03-10 18:59:44,378 - monitoring_application - INFO - Transmitter cache contents:
2015-03-10 18:59:44,378 - monitoring_application - INFO - ---------------------------
2015-03-10 18:59:44,378 - monitoring_application - INFO - _TransmitterIdent(Status Instruments, SEM710, 1027, 47794, ['Celsius'], <built-in function open_method>, <built-in function read_channel_method>, <built-in function close_method>)
2015-03-10 18:59:44,378 - monitoring_application - INFO - ---------------------------
2015-03-10 18:59:44,379 - monitoring_application - INFO - Transmitter Controller initialized
2015-03-10 18:59:44,379 - monitoring_application - INFO - Admin Controller initializing
2015-03-10 18:59:44,381 - monitoring_application - INFO - Admin Controller initialized
2015-03-10 18:59:44,381 - monitoring_application - INFO - Transmitter channels opening
2015-03-10 18:59:44,456 - monitoring_application - INFO - Opened channels: [Channel(bus=3, address=2, channel_number=1, device_handle=<Swig Object of type 'struct ftdi_context *' at 0x7f6b0ecd4330>, read_method=<built-in function read_channel_method>, units=Celsius)]
2015-03-10 18:59:44,456 - monitoring_application - INFO - Transmitter channels opened
2015-03-10 18:59:44,457 - monitoring_application - INFO - Assigning transmitter channels
2015-03-10 18:59:44,457 - monitoring_application - INFO - QuantitativeProperty(id=1, type=Temperature, channel_bus=3, channel_address=2, channel_number=1, recording_frequency=15, expectation=Expectation(id=1, units=Celsius, low=-90.0, high=-80.0)) matched Channel(bus=3, address=2, channel_number=1, device_handle=<Swig Object of type 'struct ftdi_context *' at 0x7f6b0ecd4330>, read_method=<built-in function read_channel_method>, units=Celsius)
2015-03-10 18:59:44,457 - monitoring_application - INFO - Transmitter channels assigned
2015-03-10 18:59:44,457 - monitoring_application - INFO - Errors: []
2015-03-10 18:59:44,458 - monitoring_application - INFO - Load block complete
2015-03-10 18:59:49,647 - monitoring_application - WARNING - Monitoring Controller stopped
2015-03-10 19:11:02,881 - monitoring_application - WARNING - Monitoring Controller started
2015-03-10 19:11:02,881 - monitoring_application - INFO - Environment Controller initializing
2015-03-10 19:11:02,900 - monitoring_application - INFO - Environment Controller initialized
2015-03-10 19:11:02,900 - monitoring_application - INFO - Atmospheric Condition Controller initializing
2015-03-10 19:11:02,903 - monitoring_application - INFO - Creating condition controller with conditions: [QuantitativeProperty(id=1, type=Temperature, channel_bus=3, channel_address=2, channel_number=1, recording_frequency=15, expectation=Expectation(id=1, units=Celsius, low=-90.0, high=-80.0))]
2015-03-10 19:11:02,903 - monitoring_application - INFO - Atmospheric Condition Controller initialized
2015-03-10 19:11:02,903 - monitoring_application - INFO - Transmitter Controller initializing
2015-03-10 19:11:02,927 - monitoring_application - INFO - Transmitter cache contents:
2015-03-10 19:11:02,927 - monitoring_application - INFO - ---------------------------
2015-03-10 19:11:02,928 - monitoring_application - INFO - _TransmitterIdent(Status Instruments, SEM710, 1027, 47794, ['Celsius'], <built-in function open_method>, <built-in function read_channel_method>, <built-in function close_method>)
2015-03-10 19:11:02,928 - monitoring_application - INFO - ---------------------------
2015-03-10 19:11:02,928 - monitoring_application - INFO - Transmitter Controller initialized
2015-03-10 19:11:02,928 - monitoring_application - INFO - Admin Controller initializing
2015-03-10 19:11:02,930 - monitoring_application - INFO - Admin Controller initialized
2015-03-10 19:11:02,930 - monitoring_application - INFO - Transmitter channels opening
2015-03-10 19:11:03,004 - monitoring_application - INFO - Opened channels: [Channel(bus=3, address=2, channel_number=1, device_handle=<Swig Object of type 'struct ftdi_context *' at 0x7f641caf4cc0>, read_method=<built-in function read_channel_method>, units=Celsius)]
2015-03-10 19:11:03,004 - monitoring_application - INFO - Transmitter channels opened
2015-03-10 19:11:03,005 - monitoring_application - INFO - Assigning transmitter channels
2015-03-10 19:11:03,005 - monitoring_application - INFO - QuantitativeProperty(id=1, type=Temperature, channel_bus=3, channel_address=2, channel_number=1, recording_frequency=15, expectation=Expectation(id=1, units=Celsius, low=-90.0, high=-80.0)) matched Channel(bus=3, address=2, channel_number=1, device_handle=<Swig Object of type 'struct ftdi_context *' at 0x7f641caf4cc0>, read_method=<built-in function read_channel_method>, units=Celsius)
2015-03-10 19:11:03,005 - monitoring_application - INFO - Transmitter channels assigned
2015-03-10 19:11:03,005 - monitoring_application - INFO - Errors: []
2015-03-10 19:11:03,006 - monitoring_application - INFO - Load block complete
2015-03-10 19:11:22,921 - monitoring_application - WARNING - Monitoring Controller started
2015-03-10 19:11:22,921 - monitoring_application - INFO - Environment Controller initializing
2015-03-10 19:11:22,940 - monitoring_application - INFO - Environment Controller initialized
2015-03-10 19:11:22,940 - monitoring_application - INFO - Atmospheric Condition Controller initializing
2015-03-10 19:11:22,943 - monitoring_application - INFO - Creating condition controller with conditions: [QuantitativeProperty(id=1, type=Temperature, channel_bus=3, channel_address=2, channel_number=1, recording_frequency=15, expectation=Expectation(id=1, units=Celsius, low=-90.0, high=-80.0))]
2015-03-10 19:11:22,943 - monitoring_application - INFO - Atmospheric Condition Controller initialized
2015-03-10 19:11:22,944 - monitoring_application - INFO - Transmitter Controller initializing
2015-03-10 19:11:22,968 - monitoring_application - INFO - Transmitter cache contents:
2015-03-10 19:11:22,968 - monitoring_application - INFO - ---------------------------
2015-03-10 19:11:22,968 - monitoring_application - INFO - _TransmitterIdent(Status Instruments, SEM710, 1027, 47794, ['Celsius'], <built-in function open_method>, <built-in function read_channel_method>, <built-in function close_method>)
2015-03-10 19:11:22,968 - monitoring_application - INFO - ---------------------------
2015-03-10 19:11:22,969 - monitoring_application - INFO - Transmitter Controller initialized
2015-03-10 19:11:22,969 - monitoring_application - INFO - Admin Controller initializing
2015-03-10 19:11:22,970 - monitoring_application - INFO - Admin Controller initialized
2015-03-10 19:11:22,970 - monitoring_application - INFO - Transmitter channels opening
2015-03-10 19:11:23,044 - monitoring_application - INFO - Opened channels: [Channel(bus=3, address=2, channel_number=1, device_handle=<Swig Object of type 'struct ftdi_context *' at 0x7f337ab77900>, read_method=<built-in function read_channel_method>, units=Celsius)]
2015-03-10 19:11:23,044 - monitoring_application - INFO - Transmitter channels opened
2015-03-10 19:11:23,045 - monitoring_application - INFO - Assigning transmitter channels
2015-03-10 19:11:23,045 - monitoring_application - INFO - QuantitativeProperty(id=1, type=Temperature, channel_bus=3, channel_address=2, channel_number=1, recording_frequency=15, expectation=Expectation(id=1, units=Celsius, low=-90.0, high=-80.0)) matched Channel(bus=3, address=2, channel_number=1, device_handle=<Swig Object of type 'struct ftdi_context *' at 0x7f337ab77900>, read_method=<built-in function read_channel_method>, units=Celsius)
2015-03-10 19:11:23,045 - monitoring_application - INFO - Transmitter channels assigned
2015-03-10 19:11:23,045 - monitoring_application - INFO - Errors: []
2015-03-10 19:11:23,046 - monitoring_application - INFO - Load block complete
2015-03-10 19:11:27,776 - monitoring_application - WARNING - Monitoring Controller stopped
